{"meta": {"format": 3, "version": "7.12.0", "timestamp": "2025-12-17T05:33:51.119365", "branch_coverage": false, "show_contexts": false}, "files": {"accounts\\__init__.py": {"executed_lines": [0], "summary": {"covered_lines": 0, "num_statements": 0, "percent_covered": 100.0, "percent_covered_display": "100", "missing_lines": 0, "excluded_lines": 0, "percent_statements_covered": 100.0, "percent_statements_covered_display": "100"}, "missing_lines": [], "excluded_lines": [], "functions": {"": {"executed_lines": [], "summary": {"covered_lines": 0, "num_statements": 0, "percent_covered": 100.0, "percent_covered_display": "100", "missing_lines": 0, "excluded_lines": 0, "percent_statements_covered": 100.0, "percent_statements_covered_display": "100"}, "missing_lines": [], "excluded_lines": []}}, "classes": {"": {"executed_lines": [], "summary": {"covered_lines": 0, "num_statements": 0, "percent_covered": 100.0, "percent_covered_display": "100", "missing_lines": 0, "excluded_lines": 0, "percent_statements_covered": 100.0, "percent_statements_covered_display": "100"}, "missing_lines": [], "excluded_lines": []}}}, "accounts\\admin.py": {"executed_lines": [1, 5, 6, 7, 10, 11, 12, 16, 17, 18, 19, 21, 30, 37, 39, 41, 48, 50, 57, 59, 66], "summary": {"covered_lines": 19, "num_statements": 34, "percent_covered": 55.88235294117647, "percent_covered_display": "56", "missing_lines": 15, "excluded_lines": 0, "percent_statements_covered": 55.88235294117647, "percent_statements_covered_display": "56"}, "missing_lines": [43, 44, 45, 46, 47, 52, 53, 54, 55, 56, 61, 62, 63, 64, 65], "excluded_lines": [], "functions": {"UserAdmin.promote_to_instructor": {"executed_lines": [], "summary": {"covered_lines": 0, "num_statements": 5, "percent_covered": 0.0, "percent_covered_display": "0", "missing_lines": 5, "excluded_lines": 0, "percent_statements_covered": 0.0, "percent_statements_covered_display": "0"}, "missing_lines": [43, 44, 45, 46, 47], "excluded_lines": []}, "UserAdmin.promote_to_admin": {"executed_lines": [], "summary": {"covered_lines": 0, "num_statements": 5, "percent_covered": 0.0, "percent_covered_display": "0", "missing_lines": 5, "excluded_lines": 0, "percent_statements_covered": 0.0, "percent_statements_covered_display": "0"}, "missing_lines": [52, 53, 54, 55, 56], "excluded_lines": []}, "UserAdmin.demote_to_student": {"executed_lines": [], "summary": {"covered_lines": 0, "num_statements": 5, "percent_covered": 0.0, "percent_covered_display": "0", "missing_lines": 5, "excluded_lines": 0, "percent_statements_covered": 0.0, "percent_statements_covered_display": "0"}, "missing_lines": [61, 62, 63, 64, 65], "excluded_lines": []}, "": {"executed_lines": [1, 5, 6, 7, 10, 11, 12, 16, 17, 18, 19, 21, 30, 37, 39, 41, 48, 50, 57, 59, 66], "summary": {"covered_lines": 19, "num_statements": 19, "percent_covered": 100.0, "percent_covered_display": "100", "missing_lines": 0, "excluded_lines": 0, "percent_statements_covered": 100.0, "percent_statements_covered_display": "100"}, "missing_lines": [], "excluded_lines": []}}, "classes": {"UserAdmin": {"executed_lines": [], "summary": {"covered_lines": 0, "num_statements": 15, "percent_covered": 0.0, "percent_covered_display": "0", "missing_lines": 15, "excluded_lines": 0, "percent_statements_covered": 0.0, "percent_statements_covered_display": "0"}, "missing_lines": [43, 44, 45, 46, 47, 52, 53, 54, 55, 56, 61, 62, 63, 64, 65], "excluded_lines": []}, "": {"executed_lines": [1, 5, 6, 7, 10, 11, 12, 16, 17, 18, 19, 21, 30, 37, 39, 41, 48, 50, 57, 59, 66], "summary": {"covered_lines": 19, "num_statements": 19, "percent_covered": 100.0, "percent_covered_display": "100", "missing_lines": 0, "excluded_lines": 0, "percent_statements_covered": 100.0, "percent_statements_covered_display": "100"}, "missing_lines": [], "excluded_lines": []}}}, "accounts\\apps.py": {"executed_lines": [1, 5, 8, 9, 10, 11], "summary": {"covered_lines": 5, "num_statements": 5, "percent_covered": 100.0, "percent_covered_display": "100", "missing_lines": 0, "excluded_lines": 0, "percent_statements_covered": 100.0, "percent_statements_covered_display": "100"}, "missing_lines": [], "excluded_lines": [], "functions": {"": {"executed_lines": [1, 5, 8, 9, 10, 11], "summary": {"covered_lines": 5, "num_statements": 5, "percent_covered": 100.0, "percent_covered_display": "100", "missing_lines": 0, "excluded_lines": 0, "percent_statements_covered": 100.0, "percent_statements_covered_display": "100"}, "missing_lines": [], "excluded_lines": []}}, "classes": {"AccountsConfig": {"executed_lines": [], "summary": {"covered_lines": 0, "num_statements": 0, "percent_covered": 100.0, "percent_covered_display": "100", "missing_lines": 0, "excluded_lines": 0, "percent_statements_covered": 100.0, "percent_statements_covered_display": "100"}, "missing_lines": [], "excluded_lines": []}, "": {"executed_lines": [1, 5, 8, 9, 10, 11], "summary": {"covered_lines": 5, "num_statements": 5, "percent_covered": 100.0, "percent_covered_display": "100", "missing_lines": 0, "excluded_lines": 0, "percent_statements_covered": 100.0, "percent_statements_covered_display": "100"}, "missing_lines": [], "excluded_lines": []}}}, "accounts\\migrations\\0001_initial.py": {"executed_lines": [3, 4, 5, 6, 9, 11, 13, 17], "summary": {"covered_lines": 8, "num_statements": 8, "percent_covered": 100.0, "percent_covered_display": "100", "missing_lines": 0, "excluded_lines": 0, "percent_statements_covered": 100.0, "percent_statements_covered_display": "100"}, "missing_lines": [], "excluded_lines": [], "functions": {"": {"executed_lines": [3, 4, 5, 6, 9, 11, 13, 17], "summary": {"covered_lines": 8, "num_statements": 8, "percent_covered": 100.0, "percent_covered_display": "100", "missing_lines": 0, "excluded_lines": 0, "percent_statements_covered": 100.0, "percent_statements_covered_display": "100"}, "missing_lines": [], "excluded_lines": []}}, "classes": {"Migration": {"executed_lines": [], "summary": {"covered_lines": 0, "num_statements": 0, "percent_covered": 100.0, "percent_covered_display": "100", "missing_lines": 0, "excluded_lines": 0, "percent_statements_covered": 100.0, "percent_statements_covered_display": "100"}, "missing_lines": [], "excluded_lines": []}, "": {"executed_lines": [3, 4, 5, 6, 9, 11, 13, 17], "summary": {"covered_lines": 8, "num_statements": 8, "percent_covered": 100.0, "percent_covered_display": "100", "missing_lines": 0, "excluded_lines": 0, "percent_statements_covered": 100.0, "percent_statements_covered_display": "100"}, "missing_lines": [], "excluded_lines": []}}}, "accounts\\migrations\\0002_alter_user_role.py": {"executed_lines": [3, 6, 8, 12], "summary": {"covered_lines": 4, "num_statements": 4, "percent_covered": 100.0, "percent_covered_display": "100", "missing_lines": 0, "excluded_lines": 0, "percent_statements_covered": 100.0, "percent_statements_covered_display": "100"}, "missing_lines": [], "excluded_lines": [], "functions": {"": {"executed_lines": [3, 6, 8, 12], "summary": {"covered_lines": 4, "num_statements": 4, "percent_covered": 100.0, "percent_covered_display": "100", "missing_lines": 0, "excluded_lines": 0, "percent_statements_covered": 100.0, "percent_statements_covered_display": "100"}, "missing_lines": [], "excluded_lines": []}}, "classes": {"Migration": {"executed_lines": [], "summary": {"covered_lines": 0, "num_statements": 0, "percent_covered": 100.0, "percent_covered_display": "100", "missing_lines": 0, "excluded_lines": 0, "percent_statements_covered": 100.0, "percent_statements_covered_display": "100"}, "missing_lines": [], "excluded_lines": []}, "": {"executed_lines": [3, 6, 8, 12], "summary": {"covered_lines": 4, "num_statements": 4, "percent_covered": 100.0, "percent_covered_display": "100", "missing_lines": 0, "excluded_lines": 0, "percent_statements_covered": 100.0, "percent_statements_covered_display": "100"}, "missing_lines": [], "excluded_lines": []}}}, "accounts\\migrations\\__init__.py": {"executed_lines": [0], "summary": {"covered_lines": 0, "num_statements": 0, "percent_covered": 100.0, "percent_covered_display": "100", "missing_lines": 0, "excluded_lines": 0, "percent_statements_covered": 100.0, "percent_statements_covered_display": "100"}, "missing_lines": [], "excluded_lines": [], "functions": {"": {"executed_lines": [], "summary": {"covered_lines": 0, "num_statements": 0, "percent_covered": 100.0, "percent_covered_display": "100", "missing_lines": 0, "excluded_lines": 0, "percent_statements_covered": 100.0, "percent_statements_covered_display": "100"}, "missing_lines": [], "excluded_lines": []}}, "classes": {"": {"executed_lines": [], "summary": {"covered_lines": 0, "num_statements": 0, "percent_covered": 100.0, "percent_covered_display": "100", "missing_lines": 0, "excluded_lines": 0, "percent_statements_covered": 100.0, "percent_statements_covered_display": "100"}, "missing_lines": [], "excluded_lines": []}}}, "accounts\\models.py": {"executed_lines": [1, 5, 6, 9, 10, 20, 27, 33, 41, 42, 44, 45, 46, 47, 48, 50, 51, 53, 54, 56, 58, 59, 61, 63, 64, 68, 69, 71, 73, 75, 76, 78, 80, 81, 82, 83, 85, 87, 88, 89, 90], "summary": {"covered_lines": 39, "num_statements": 40, "percent_covered": 97.5, "percent_covered_display": "98", "missing_lines": 1, "excluded_lines": 0, "percent_statements_covered": 97.5, "percent_statements_covered_display": "98"}, "missing_lines": [66], "excluded_lines": [], "functions": {"User.__str__": {"executed_lines": [51], "summary": {"covered_lines": 1, "num_statements": 1, "percent_covered": 100.0, "percent_covered_display": "100", "missing_lines": 0, "excluded_lines": 0, "percent_statements_covered": 100.0, "percent_statements_covered_display": "100"}, "missing_lines": [], "excluded_lines": []}, "User.is_student": {"executed_lines": [56], "summary": {"covered_lines": 1, "num_statements": 1, "percent_covered": 100.0, "percent_covered_display": "100", "missing_lines": 0, "excluded_lines": 0, "percent_statements_covered": 100.0, "percent_statements_covered_display": "100"}, "missing_lines": [], "excluded_lines": []}, "User.is_instructor": {"executed_lines": [61], "summary": {"covered_lines": 1, "num_statements": 1, "percent_covered": 100.0, "percent_covered_display": "100", "missing_lines": 0, "excluded_lines": 0, "percent_statements_covered": 100.0, "percent_statements_covered_display": "100"}, "missing_lines": [], "excluded_lines": []}, "User.is_pharmacist": {"executed_lines": [], "summary": {"covered_lines": 0, "num_statements": 1, "percent_covered": 0.0, "percent_covered_display": "0", "missing_lines": 1, "excluded_lines": 0, "percent_statements_covered": 0.0, "percent_statements_covered_display": "0"}, "missing_lines": [66], "excluded_lines": []}, "User.is_admin_user": {"executed_lines": [71], "summary": {"covered_lines": 1, "num_statements": 1, "percent_covered": 100.0, "percent_covered_display": "100", "missing_lines": 0, "excluded_lines": 0, "percent_statements_covered": 100.0, "percent_statements_covered_display": "100"}, "missing_lines": [], "excluded_lines": []}, "User.promote_to_instructor": {"executed_lines": [75, 76], "summary": {"covered_lines": 2, "num_statements": 2, "percent_covered": 100.0, "percent_covered_display": "100", "missing_lines": 0, "excluded_lines": 0, "percent_statements_covered": 100.0, "percent_statements_covered_display": "100"}, "missing_lines": [], "excluded_lines": []}, "User.promote_to_admin": {"executed_lines": [80, 81, 82, 83], "summary": {"covered_lines": 4, "num_statements": 4, "percent_covered": 100.0, "percent_covered_display": "100", "missing_lines": 0, "excluded_lines": 0, "percent_statements_covered": 100.0, "percent_statements_covered_display": "100"}, "missing_lines": [], "excluded_lines": []}, "User.demote_to_student": {"executed_lines": [87, 88, 89, 90], "summary": {"covered_lines": 4, "num_statements": 4, "percent_covered": 100.0, "percent_covered_display": "100", "missing_lines": 0, "excluded_lines": 0, "percent_statements_covered": 100.0, "percent_statements_covered_display": "100"}, "missing_lines": [], "excluded_lines": []}, "": {"executed_lines": [1, 5, 6, 9, 10, 20, 27, 33, 41, 42, 44, 45, 46, 47, 48, 50, 53, 54, 58, 59, 63, 64, 68, 69, 73, 78, 85], "summary": {"covered_lines": 25, "num_statements": 25, "percent_covered": 100.0, "percent_covered_display": "100", "missing_lines": 0, "excluded_lines": 0, "percent_statements_covered": 100.0, "percent_statements_covered_display": "100"}, "missing_lines": [], "excluded_lines": []}}, "classes": {"User": {"executed_lines": [51, 56, 61, 71, 75, 76, 80, 81, 82, 83, 87, 88, 89, 90], "summary": {"covered_lines": 14, "num_statements": 15, "percent_covered": 93.33333333333333, "percent_covered_display": "93", "missing_lines": 1, "excluded_lines": 0, "percent_statements_covered": 93.33333333333333, "percent_statements_covered_display": "93"}, "missing_lines": [66], "excluded_lines": []}, "User.Meta": {"executed_lines": [], "summary": {"covered_lines": 0, "num_statements": 0, "percent_covered": 100.0, "percent_covered_display": "100", "missing_lines": 0, "excluded_lines": 0, "percent_statements_covered": 100.0, "percent_statements_covered_display": "100"}, "missing_lines": [], "excluded_lines": []}, "": {"executed_lines": [1, 5, 6, 9, 10, 20, 27, 33, 41, 42, 44, 45, 46, 47, 48, 50, 53, 54, 58, 59, 63, 64, 68, 69, 73, 78, 85], "summary": {"covered_lines": 25, "num_statements": 25, "percent_covered": 100.0, "percent_covered_display": "100", "missing_lines": 0, "excluded_lines": 0, "percent_statements_covered": 100.0, "percent_statements_covered_display": "100"}, "missing_lines": [], "excluded_lines": []}}}, "accounts\\permissions.py": {"executed_lines": [1, 5, 8, 9, 13, 14, 21, 22, 26, 27, 34, 35, 39, 47, 48, 52, 53, 60, 61, 65, 73, 74, 78, 86, 87, 92, 106, 107, 112, 124], "summary": {"covered_lines": 21, "num_statements": 47, "percent_covered": 44.680851063829785, "percent_covered_display": "45", "missing_lines": 26, "excluded_lines": 1, "percent_statements_covered": 44.680851063829785, "percent_statements_covered_display": "45"}, "missing_lines": [40, 66, 79, 94, 95, 98, 99, 100, 101, 103, 113, 114, 117, 118, 121, 139, 140, 141, 142, 143, 145, 146, 147, 151, 153, 154], "excluded_lines": [125], "functions": {"IsStudent.has_permission": {"executed_lines": [14], "summary": {"covered_lines": 1, "num_statements": 1, "percent_covered": 100.0, "percent_covered_display": "100", "missing_lines": 0, "excluded_lines": 0, "percent_statements_covered": 100.0, "percent_statements_covered_display": "100"}, "missing_lines": [], "excluded_lines": []}, "IsInstructor.has_permission": {"executed_lines": [27], "summary": {"covered_lines": 1, "num_statements": 1, "percent_covered": 100.0, "percent_covered_display": "100", "missing_lines": 0, "excluded_lines": 0, "percent_statements_covered": 100.0, "percent_statements_covered_display": "100"}, "missing_lines": [], "excluded_lines": []}, "IsPharmacist.has_permission": {"executed_lines": [], "summary": {"covered_lines": 0, "num_statements": 1, "percent_covered": 0.0, "percent_covered_display": "0", "missing_lines": 1, "excluded_lines": 0, "percent_statements_covered": 0.0, "percent_statements_covered_display": "0"}, "missing_lines": [40], "excluded_lines": []}, "IsAdmin.has_permission": {"executed_lines": [53], "summary": {"covered_lines": 1, "num_statements": 1, "percent_covered": 100.0, "percent_covered_display": "100", "missing_lines": 0, "excluded_lines": 0, "percent_statements_covered": 100.0, "percent_statements_covered_display": "100"}, "missing_lines": [], "excluded_lines": []}, "IsStudentOrInstructor.has_permission": {"executed_lines": [], "summary": {"covered_lines": 0, "num_statements": 1, "percent_covered": 0.0, "percent_covered_display": "0", "missing_lines": 1, "excluded_lines": 0, "percent_statements_covered": 0.0, "percent_statements_covered_display": "0"}, "missing_lines": [66], "excluded_lines": []}, "IsInstructorOrAdmin.has_permission": {"executed_lines": [], "summary": {"covered_lines": 0, "num_statements": 1, "percent_covered": 0.0, "percent_covered_display": "0", "missing_lines": 1, "excluded_lines": 0, "percent_statements_covered": 0.0, "percent_statements_covered_display": "0"}, "missing_lines": [79], "excluded_lines": []}, "IsOwnerOrAdmin.has_object_permission": {"executed_lines": [], "summary": {"covered_lines": 0, "num_statements": 7, "percent_covered": 0.0, "percent_covered_display": "0", "missing_lines": 7, "excluded_lines": 0, "percent_statements_covered": 0.0, "percent_statements_covered_display": "0"}, "missing_lines": [94, 95, 98, 99, 100, 101, 103], "excluded_lines": []}, "IsInstructorOrReadOnly.has_permission": {"executed_lines": [], "summary": {"covered_lines": 0, "num_statements": 5, "percent_covered": 0.0, "percent_covered_display": "0", "missing_lines": 5, "excluded_lines": 0, "percent_statements_covered": 0.0, "percent_statements_covered_display": "0"}, "missing_lines": [113, 114, 117, 118, 121], "excluded_lines": []}, "require_role": {"executed_lines": [], "summary": {"covered_lines": 0, "num_statements": 2, "percent_covered": 0.0, "percent_covered_display": "0", "missing_lines": 2, "excluded_lines": 1, "percent_statements_covered": 0.0, "percent_statements_covered_display": "0"}, "missing_lines": [139, 154], "excluded_lines": [125]}, "require_role.decorator": {"executed_lines": [], "summary": {"covered_lines": 0, "num_statements": 2, "percent_covered": 0.0, "percent_covered_display": "0", "missing_lines": 2, "excluded_lines": 0, "percent_statements_covered": 0.0, "percent_statements_covered_display": "0"}, "missing_lines": [140, 153], "excluded_lines": []}, "require_role.decorator.wrapped_view": {"executed_lines": [], "summary": {"covered_lines": 0, "num_statements": 7, "percent_covered": 0.0, "percent_covered_display": "0", "missing_lines": 7, "excluded_lines": 0, "percent_statements_covered": 0.0, "percent_statements_covered_display": "0"}, "missing_lines": [141, 142, 143, 145, 146, 147, 151], "excluded_lines": []}, "": {"executed_lines": [1, 5, 8, 9, 13, 21, 22, 26, 34, 35, 39, 47, 48, 52, 60, 61, 65, 73, 74, 78, 86, 87, 92, 106, 107, 112, 124], "summary": {"covered_lines": 18, "num_statements": 18, "percent_covered": 100.0, "percent_covered_display": "100", "missing_lines": 0, "excluded_lines": 0, "percent_statements_covered": 100.0, "percent_statements_covered_display": "100"}, "missing_lines": [], "excluded_lines": []}}, "classes": {"IsStudent": {"executed_lines": [14], "summary": {"covered_lines": 1, "num_statements": 1, "percent_covered": 100.0, "percent_covered_display": "100", "missing_lines": 0, "excluded_lines": 0, "percent_statements_covered": 100.0, "percent_statements_covered_display": "100"}, "missing_lines": [], "excluded_lines": []}, "IsInstructor": {"executed_lines": [27], "summary": {"covered_lines": 1, "num_statements": 1, "percent_covered": 100.0, "percent_covered_display": "100", "missing_lines": 0, "excluded_lines": 0, "percent_statements_covered": 100.0, "percent_statements_covered_display": "100"}, "missing_lines": [], "excluded_lines": []}, "IsPharmacist": {"executed_lines": [], "summary": {"covered_lines": 0, "num_statements": 1, "percent_covered": 0.0, "percent_covered_display": "0", "missing_lines": 1, "excluded_lines": 0, "percent_statements_covered": 0.0, "percent_statements_covered_display": "0"}, "missing_lines": [40], "excluded_lines": []}, "IsAdmin": {"executed_lines": [53], "summary": {"covered_lines": 1, "num_statements": 1, "percent_covered": 100.0, "percent_covered_display": "100", "missing_lines": 0, "excluded_lines": 0, "percent_statements_covered": 100.0, "percent_statements_covered_display": "100"}, "missing_lines": [], "excluded_lines": []}, "IsStudentOrInstructor": {"executed_lines": [], "summary": {"covered_lines": 0, "num_statements": 1, "percent_covered": 0.0, "percent_covered_display": "0", "missing_lines": 1, "excluded_lines": 0, "percent_statements_covered": 0.0, "percent_statements_covered_display": "0"}, "missing_lines": [66], "excluded_lines": []}, "IsInstructorOrAdmin": {"executed_lines": [], "summary": {"covered_lines": 0, "num_statements": 1, "percent_covered": 0.0, "percent_covered_display": "0", "missing_lines": 1, "excluded_lines": 0, "percent_statements_covered": 0.0, "percent_statements_covered_display": "0"}, "missing_lines": [79], "excluded_lines": []}, "IsOwnerOrAdmin": {"executed_lines": [], "summary": {"covered_lines": 0, "num_statements": 7, "percent_covered": 0.0, "percent_covered_display": "0", "missing_lines": 7, "excluded_lines": 0, "percent_statements_covered": 0.0, "percent_statements_covered_display": "0"}, "missing_lines": [94, 95, 98, 99, 100, 101, 103], "excluded_lines": []}, "IsInstructorOrReadOnly": {"executed_lines": [], "summary": {"covered_lines": 0, "num_statements": 5, "percent_covered": 0.0, "percent_covered_display": "0", "missing_lines": 5, "excluded_lines": 0, "percent_statements_covered": 0.0, "percent_statements_covered_display": "0"}, "missing_lines": [113, 114, 117, 118, 121], "excluded_lines": []}, "": {"executed_lines": [1, 5, 8, 9, 13, 21, 22, 26, 34, 35, 39, 47, 48, 52, 60, 61, 65, 73, 74, 78, 86, 87, 92, 106, 107, 112, 124], "summary": {"covered_lines": 18, "num_statements": 29, "percent_covered": 62.06896551724138, "percent_covered_display": "62", "missing_lines": 11, "excluded_lines": 1, "percent_statements_covered": 62.06896551724138, "percent_statements_covered_display": "62"}, "missing_lines": [139, 140, 141, 142, 143, 145, 146, 147, 151, 153, 154], "excluded_lines": [125]}}}, "accounts\\serializers.py": {"executed_lines": [1, 5, 6, 7, 8, 9, 11, 14, 15, 17, 18, 19, 20, 23, 24, 26, 31, 37, 38, 39, 40, 45, 47, 53, 54, 60, 62, 64, 65, 72, 75, 76, 78, 79, 86, 87, 89, 92, 93, 95, 96, 101, 107], "summary": {"covered_lines": 37, "num_statements": 47, "percent_covered": 78.72340425531915, "percent_covered_display": "79", "missing_lines": 10, "excluded_lines": 0, "percent_statements_covered": 78.72340425531915, "percent_statements_covered_display": "79"}, "missing_lines": [48, 55, 56, 109, 110, 115, 116, 117, 118, 122], "excluded_lines": [], "functions": {"RegisterSerializer.validate": {"executed_lines": [47, 53, 54, 60], "summary": {"covered_lines": 4, "num_statements": 7, "percent_covered": 57.142857142857146, "percent_covered_display": "57", "missing_lines": 3, "excluded_lines": 0, "percent_statements_covered": 57.142857142857146, "percent_statements_covered_display": "57"}, "missing_lines": [48, 55, 56], "excluded_lines": []}, "RegisterSerializer.create": {"executed_lines": [64, 65, 72], "summary": {"covered_lines": 3, "num_statements": 3, "percent_covered": 100.0, "percent_covered_display": "100", "missing_lines": 0, "excluded_lines": 0, "percent_statements_covered": 100.0, "percent_statements_covered_display": "100"}, "missing_lines": [], "excluded_lines": []}, "PasswordResetConfirmSerializer.validate": {"executed_lines": [], "summary": {"covered_lines": 0, "num_statements": 7, "percent_covered": 0.0, "percent_covered_display": "0", "missing_lines": 7, "excluded_lines": 0, "percent_statements_covered": 0.0, "percent_statements_covered_display": "0"}, "missing_lines": [109, 110, 115, 116, 117, 118, 122], "excluded_lines": []}, "": {"executed_lines": [1, 5, 6, 7, 8, 9, 11, 14, 15, 17, 18, 19, 20, 23, 24, 26, 31, 37, 38, 39, 40, 45, 62, 75, 76, 78, 79, 86, 87, 89, 92, 93, 95, 96, 101, 107], "summary": {"covered_lines": 30, "num_statements": 30, "percent_covered": 100.0, "percent_covered_display": "100", "missing_lines": 0, "excluded_lines": 0, "percent_statements_covered": 100.0, "percent_statements_covered_display": "100"}, "missing_lines": [], "excluded_lines": []}}, "classes": {"UserSerializer": {"executed_lines": [], "summary": {"covered_lines": 0, "num_statements": 0, "percent_covered": 100.0, "percent_covered_display": "100", "missing_lines": 0, "excluded_lines": 0, "percent_statements_covered": 100.0, "percent_statements_covered_display": "100"}, "missing_lines": [], "excluded_lines": []}, "UserSerializer.Meta": {"executed_lines": [], "summary": {"covered_lines": 0, "num_statements": 0, "percent_covered": 100.0, "percent_covered_display": "100", "missing_lines": 0, "excluded_lines": 0, "percent_statements_covered": 100.0, "percent_statements_covered_display": "100"}, "missing_lines": [], "excluded_lines": []}, "RegisterSerializer": {"executed_lines": [47, 53, 54, 60, 64, 65, 72], "summary": {"covered_lines": 7, "num_statements": 10, "percent_covered": 70.0, "percent_covered_display": "70", "missing_lines": 3, "excluded_lines": 0, "percent_statements_covered": 70.0, "percent_statements_covered_display": "70"}, "missing_lines": [48, 55, 56], "excluded_lines": []}, "RegisterSerializer.Meta": {"executed_lines": [], "summary": {"covered_lines": 0, "num_statements": 0, "percent_covered": 100.0, "percent_covered_display": "100", "missing_lines": 0, "excluded_lines": 0, "percent_statements_covered": 100.0, "percent_statements_covered_display": "100"}, "missing_lines": [], "excluded_lines": []}, "LoginSerializer": {"executed_lines": [], "summary": {"covered_lines": 0, "num_statements": 0, "percent_covered": 100.0, "percent_covered_display": "100", "missing_lines": 0, "excluded_lines": 0, "percent_statements_covered": 100.0, "percent_statements_covered_display": "100"}, "missing_lines": [], "excluded_lines": []}, "PasswordResetRequestSerializer": {"executed_lines": [], "summary": {"covered_lines": 0, "num_statements": 0, "percent_covered": 100.0, "percent_covered_display": "100", "missing_lines": 0, "excluded_lines": 0, "percent_statements_covered": 100.0, "percent_statements_covered_display": "100"}, "missing_lines": [], "excluded_lines": []}, "PasswordResetConfirmSerializer": {"executed_lines": [], "summary": {"covered_lines": 0, "num_statements": 7, "percent_covered": 0.0, "percent_covered_display": "0", "missing_lines": 7, "excluded_lines": 0, "percent_statements_covered": 0.0, "percent_statements_covered_display": "0"}, "missing_lines": [109, 110, 115, 116, 117, 118, 122], "excluded_lines": []}, "": {"executed_lines": [1, 5, 6, 7, 8, 9, 11, 14, 15, 17, 18, 19, 20, 23, 24, 26, 31, 37, 38, 39, 40, 45, 62, 75, 76, 78, 79, 86, 87, 89, 92, 93, 95, 96, 101, 107], "summary": {"covered_lines": 30, "num_statements": 30, "percent_covered": 100.0, "percent_covered_display": "100", "missing_lines": 0, "excluded_lines": 0, "percent_statements_covered": 100.0, "percent_statements_covered_display": "100"}, "missing_lines": [], "excluded_lines": []}}}, "accounts\\test_admin_integration.py": {"executed_lines": [1, 12, 13, 14, 15, 16, 17, 18, 19, 20, 21, 22, 24, 25, 26, 28, 31, 32, 34, 37, 49, 58, 68, 69, 71, 74, 75, 77, 78, 79, 82, 83, 84, 85, 88, 89, 90, 92, 94, 95, 98, 99, 102, 103, 104, 106, 108, 109, 112, 113, 114, 115, 118, 119, 121, 122, 125, 126, 127, 128, 131, 132, 134, 135, 138, 139, 142, 143, 145, 146, 149, 150, 152, 155, 164, 174, 177, 178, 179, 180, 183, 184, 185, 186, 189, 190, 191, 194, 195, 196, 197, 199, 201, 202, 203, 205, 207, 208, 211, 212, 214, 217, 218, 221, 222, 223, 226, 227, 228, 231, 232, 234, 237, 249, 259, 260, 262, 265, 274, 275, 276, 277, 280, 282, 283, 285, 286, 287, 290, 291, 294, 295, 296, 297, 298, 299, 300, 301, 304, 305, 307, 308, 311, 312, 313, 315, 316, 317, 320, 321, 323, 326, 349, 350, 351, 354, 356, 357, 359, 360, 363, 364, 366, 367, 368, 371, 372, 374, 377, 378, 379, 381, 383, 384, 386, 388, 391, 392, 393, 394, 395, 397, 398, 400, 401, 404, 405, 406, 408, 411, 412, 415, 417, 418, 419, 420, 422, 423, 425, 428, 431, 432, 435, 436, 438, 441, 453, 454, 455, 463, 465, 466, 467, 475, 477, 487, 488, 489, 497, 500, 501, 509, 510, 521, 522, 523, 533, 536, 537, 546, 547, 555, 556, 558, 560, 561, 563, 566, 567, 568, 571, 572, 573, 574, 575, 578, 579, 580, 583, 584, 585, 588, 589, 590, 591, 592, 593, 594, 597, 598, 599, 600, 601, 604, 605, 608, 609, 610, 611, 612, 613, 614, 617, 618, 619, 621, 624, 625, 626, 627, 628, 629, 631, 632, 634, 637, 638, 639, 641, 642, 644, 645, 647, 648, 650, 652, 653, 655, 658, 659, 660, 661, 664, 665, 666, 667, 668, 669, 672, 674, 677, 678, 681, 682, 683, 686, 687, 688, 690, 693, 694, 695, 703, 706, 707, 715, 716, 718, 721, 722, 724, 725, 728, 729, 731, 733, 742, 743, 745, 748, 749, 751, 752, 755, 762, 763, 766, 767, 769, 771, 774, 775, 778, 779, 781, 782, 784, 787, 788, 790, 793, 801, 802, 804, 805, 806, 807, 808, 809], "summary": {"covered_lines": 364, "num_statements": 364, "percent_covered": 100.0, "percent_covered_display": "100", "missing_lines": 0, "excluded_lines": 0, "percent_statements_covered": 100.0, "percent_statements_covered_display": "100"}, "missing_lines": [], "excluded_lines": [], "functions": {"AdminUserManagementIntegrationTest.setUp": {"executed_lines": [37, 49, 58, 68, 69], "summary": {"covered_lines": 5, "num_statements": 5, "percent_covered": 100.0, "percent_covered_display": "100", "missing_lines": 0, "excluded_lines": 0, "percent_statements_covered": 100.0, "percent_statements_covered_display": "100"}, "missing_lines": [], "excluded_lines": []}, "AdminUserManagementIntegrationTest.test_user_role_promotion_complete_flow": {"executed_lines": [74, 75, 77, 78, 79, 82, 83, 84, 85, 88, 89, 90, 92, 94, 95, 98, 99, 102, 103, 104, 106, 108, 109, 112, 113, 114, 115, 118, 119, 121, 122, 125, 126, 127, 128, 131, 132, 134, 135, 138, 139, 142, 143, 145, 146, 149, 150], "summary": {"covered_lines": 47, "num_statements": 47, "percent_covered": 100.0, "percent_covered_display": "100", "missing_lines": 0, "excluded_lines": 0, "percent_statements_covered": 100.0, "percent_statements_covered_display": "100"}, "missing_lines": [], "excluded_lines": []}, "AdminUserManagementIntegrationTest.test_user_management_filtering_and_search": {"executed_lines": [155, 164, 174, 177, 178, 179, 180, 183, 184, 185, 186, 189, 190, 191, 194, 195, 196, 197], "summary": {"covered_lines": 18, "num_statements": 18, "percent_covered": 100.0, "percent_covered_display": "100", "missing_lines": 0, "excluded_lines": 0, "percent_statements_covered": 100.0, "percent_statements_covered_display": "100"}, "missing_lines": [], "excluded_lines": []}, "AdminUserManagementIntegrationTest.test_admin_cannot_deactivate_self": {"executed_lines": [201, 202, 203, 205, 207, 208, 211, 212], "summary": {"covered_lines": 8, "num_statements": 8, "percent_covered": 100.0, "percent_covered_display": "100", "missing_lines": 0, "excluded_lines": 0, "percent_statements_covered": 100.0, "percent_statements_covered_display": "100"}, "missing_lines": [], "excluded_lines": []}, "AdminUserManagementIntegrationTest.test_non_admin_cannot_access_user_management": {"executed_lines": [217, 218, 221, 222, 223, 226, 227, 228], "summary": {"covered_lines": 8, "num_statements": 8, "percent_covered": 100.0, "percent_covered_display": "100", "missing_lines": 0, "excluded_lines": 0, "percent_statements_covered": 100.0, "percent_statements_covered_display": "100"}, "missing_lines": [], "excluded_lines": []}, "AdminMCQImportIntegrationTest.setUp": {"executed_lines": [237, 249, 259, 260], "summary": {"covered_lines": 4, "num_statements": 4, "percent_covered": 100.0, "percent_covered_display": "100", "missing_lines": 0, "excluded_lines": 0, "percent_statements_covered": 100.0, "percent_statements_covered_display": "100"}, "missing_lines": [], "excluded_lines": []}, "AdminMCQImportIntegrationTest.test_mcq_import_csv_complete_flow": {"executed_lines": [265, 274, 275, 276, 277, 280, 282, 283, 285, 286, 287, 290, 291, 294, 295, 296, 297, 298, 299, 300, 301, 304, 305, 307, 308, 311, 312, 313, 315, 316, 317, 320, 321], "summary": {"covered_lines": 33, "num_statements": 33, "percent_covered": 100.0, "percent_covered_display": "100", "missing_lines": 0, "excluded_lines": 0, "percent_statements_covered": 100.0, "percent_statements_covered_display": "100"}, "missing_lines": [], "excluded_lines": []}, "AdminMCQImportIntegrationTest.test_mcq_import_json_complete_flow": {"executed_lines": [326, 349, 350, 351, 354, 356, 357, 359, 360, 363, 364, 366, 367, 368, 371, 372], "summary": {"covered_lines": 16, "num_statements": 16, "percent_covered": 100.0, "percent_covered_display": "100", "missing_lines": 0, "excluded_lines": 0, "percent_statements_covered": 100.0, "percent_statements_covered_display": "100"}, "missing_lines": [], "excluded_lines": []}, "AdminMCQImportIntegrationTest.test_mcq_import_error_handling": {"executed_lines": [377, 378, 379, 381, 383, 384, 386, 388, 391, 392, 393, 394, 395, 397, 398, 400, 401, 404, 405, 406], "summary": {"covered_lines": 20, "num_statements": 20, "percent_covered": 100.0, "percent_covered_display": "100", "missing_lines": 0, "excluded_lines": 0, "percent_statements_covered": 100.0, "percent_statements_covered_display": "100"}, "missing_lines": [], "excluded_lines": []}, "AdminMCQImportIntegrationTest.test_non_admin_cannot_import_mcq": {"executed_lines": [411, 412, 415, 417, 418, 419, 420, 422, 423, 425, 428, 431, 432], "summary": {"covered_lines": 13, "num_statements": 13, "percent_covered": 100.0, "percent_covered_display": "100", "missing_lines": 0, "excluded_lines": 0, "percent_statements_covered": 100.0, "percent_statements_covered_display": "100"}, "missing_lines": [], "excluded_lines": []}, "AdminAnalyticsIntegrationTest.setUp": {"executed_lines": [441, 453, 454, 455, 463, 465, 466, 467, 475, 477, 487, 488, 489, 497, 500, 501, 509, 510, 521, 522, 523, 533, 536, 537, 546, 547, 555, 556], "summary": {"covered_lines": 28, "num_statements": 28, "percent_covered": 100.0, "percent_covered_display": "100", "missing_lines": 0, "excluded_lines": 0, "percent_statements_covered": 100.0, "percent_statements_covered_display": "100"}, "missing_lines": [], "excluded_lines": []}, "AdminAnalyticsIntegrationTest.test_analytics_data_retrieval_complete_flow": {"executed_lines": [560, 561, 563, 566, 567, 568, 571, 572, 573, 574, 575, 578, 579, 580, 583, 584, 585, 588, 589, 590, 591, 592, 593, 594, 597, 598, 599, 600, 601, 604, 605, 608, 609, 610, 611, 612, 613, 614, 617, 618, 619], "summary": {"covered_lines": 41, "num_statements": 41, "percent_covered": 100.0, "percent_covered_display": "100", "missing_lines": 0, "excluded_lines": 0, "percent_statements_covered": 100.0, "percent_statements_covered_display": "100"}, "missing_lines": [], "excluded_lines": []}, "AdminAnalyticsIntegrationTest.test_analytics_with_no_data": {"executed_lines": [624, 625, 626, 627, 628, 629, 631, 632, 634, 637, 638, 639, 641, 642, 644, 645, 647, 648], "summary": {"covered_lines": 18, "num_statements": 18, "percent_covered": 100.0, "percent_covered_display": "100", "missing_lines": 0, "excluded_lines": 0, "percent_statements_covered": 100.0, "percent_statements_covered_display": "100"}, "missing_lines": [], "excluded_lines": []}, "AdminAnalyticsIntegrationTest.test_system_health_monitoring": {"executed_lines": [652, 653, 655, 658, 659, 660, 661, 664, 665, 666, 667, 668, 669, 672], "summary": {"covered_lines": 14, "num_statements": 14, "percent_covered": 100.0, "percent_covered_display": "100", "missing_lines": 0, "excluded_lines": 0, "percent_statements_covered": 100.0, "percent_statements_covered_display": "100"}, "missing_lines": [], "excluded_lines": []}, "AdminAnalyticsIntegrationTest.test_non_admin_cannot_access_analytics": {"executed_lines": [677, 678, 681, 682, 683, 686, 687, 688], "summary": {"covered_lines": 8, "num_statements": 8, "percent_covered": 100.0, "percent_covered_display": "100", "missing_lines": 0, "excluded_lines": 0, "percent_statements_covered": 100.0, "percent_statements_covered_display": "100"}, "missing_lines": [], "excluded_lines": []}, "AdminAnalyticsIntegrationTest.test_analytics_performance_with_large_dataset": {"executed_lines": [693, 694, 695, 703, 706, 707, 715, 716, 718, 721, 722, 724, 725], "summary": {"covered_lines": 13, "num_statements": 13, "percent_covered": 100.0, "percent_covered_display": "100", "missing_lines": 0, "excluded_lines": 0, "percent_statements_covered": 100.0, "percent_statements_covered_display": "100"}, "missing_lines": [], "excluded_lines": []}, "AdminIntegrationErrorHandlingTest.setUp": {"executed_lines": [733, 742, 743], "summary": {"covered_lines": 3, "num_statements": 3, "percent_covered": 100.0, "percent_covered_display": "100", "missing_lines": 0, "excluded_lines": 0, "percent_statements_covered": 100.0, "percent_statements_covered_display": "100"}, "missing_lines": [], "excluded_lines": []}, "AdminIntegrationErrorHandlingTest.test_user_management_error_cases": {"executed_lines": [748, 749, 751, 752, 755, 762, 763, 766, 767], "summary": {"covered_lines": 9, "num_statements": 9, "percent_covered": 100.0, "percent_covered_display": "100", "missing_lines": 0, "excluded_lines": 0, "percent_statements_covered": 100.0, "percent_statements_covered_display": "100"}, "missing_lines": [], "excluded_lines": []}, "AdminIntegrationErrorHandlingTest.test_mcq_import_validation_errors": {"executed_lines": [771, 774, 775, 778, 779, 781, 782, 784, 787, 788], "summary": {"covered_lines": 10, "num_statements": 10, "percent_covered": 100.0, "percent_covered_display": "100", "missing_lines": 0, "excluded_lines": 0, "percent_statements_covered": 100.0, "percent_statements_covered_display": "100"}, "missing_lines": [], "excluded_lines": []}, "AdminIntegrationErrorHandlingTest.test_analytics_error_resilience": {"executed_lines": [793, 801, 802, 804, 805, 806, 807, 808, 809], "summary": {"covered_lines": 9, "num_statements": 9, "percent_covered": 100.0, "percent_covered_display": "100", "missing_lines": 0, "excluded_lines": 0, "percent_statements_covered": 100.0, "percent_statements_covered_display": "100"}, "missing_lines": [], "excluded_lines": []}, "": {"executed_lines": [1, 12, 13, 14, 15, 16, 17, 18, 19, 20, 21, 22, 24, 25, 26, 28, 31, 32, 34, 71, 152, 199, 214, 231, 232, 234, 262, 323, 374, 408, 435, 436, 438, 558, 621, 650, 674, 690, 728, 729, 731, 745, 769, 790], "summary": {"covered_lines": 39, "num_statements": 39, "percent_covered": 100.0, "percent_covered_display": "100", "missing_lines": 0, "excluded_lines": 0, "percent_statements_covered": 100.0, "percent_statements_covered_display": "100"}, "missing_lines": [], "excluded_lines": []}}, "classes": {"AdminUserManagementIntegrationTest": {"executed_lines": [37, 49, 58, 68, 69, 74, 75, 77, 78, 79, 82, 83, 84, 85, 88, 89, 90, 92, 94, 95, 98, 99, 102, 103, 104, 106, 108, 109, 112, 113, 114, 115, 118, 119, 121, 122, 125, 126, 127, 128, 131, 132, 134, 135, 138, 139, 142, 143, 145, 146, 149, 150, 155, 164, 174, 177, 178, 179, 180, 183, 184, 185, 186, 189, 190, 191, 194, 195, 196, 197, 201, 202, 203, 205, 207, 208, 211, 212, 217, 218, 221, 222, 223, 226, 227, 228], "summary": {"covered_lines": 86, "num_statements": 86, "percent_covered": 100.0, "percent_covered_display": "100", "missing_lines": 0, "excluded_lines": 0, "percent_statements_covered": 100.0, "percent_statements_covered_display": "100"}, "missing_lines": [], "excluded_lines": []}, "AdminMCQImportIntegrationTest": {"executed_lines": [237, 249, 259, 260, 265, 274, 275, 276, 277, 280, 282, 283, 285, 286, 287, 290, 291, 294, 295, 296, 297, 298, 299, 300, 301, 304, 305, 307, 308, 311, 312, 313, 315, 316, 317, 320, 321, 326, 349, 350, 351, 354, 356, 357, 359, 360, 363, 364, 366, 367, 368, 371, 372, 377, 378, 379, 381, 383, 384, 386, 388, 391, 392, 393, 394, 395, 397, 398, 400, 401, 404, 405, 406, 411, 412, 415, 417, 418, 419, 420, 422, 423, 425, 428, 431, 432], "summary": {"covered_lines": 86, "num_statements": 86, "percent_covered": 100.0, "percent_covered_display": "100", "missing_lines": 0, "excluded_lines": 0, "percent_statements_covered": 100.0, "percent_statements_covered_display": "100"}, "missing_lines": [], "excluded_lines": []}, "AdminAnalyticsIntegrationTest": {"executed_lines": [441, 453, 454, 455, 463, 465, 466, 467, 475, 477, 487, 488, 489, 497, 500, 501, 509, 510, 521, 522, 523, 533, 536, 537, 546, 547, 555, 556, 560, 561, 563, 566, 567, 568, 571, 572, 573, 574, 575, 578, 579, 580, 583, 584, 585, 588, 589, 590, 591, 592, 593, 594, 597, 598, 599, 600, 601, 604, 605, 608, 609, 610, 611, 612, 613, 614, 617, 618, 619, 624, 625, 626, 627, 628, 629, 631, 632, 634, 637, 638, 639, 641, 642, 644, 645, 647, 648, 652, 653, 655, 658, 659, 660, 661, 664, 665, 666, 667, 668, 669, 672, 677, 678, 681, 682, 683, 686, 687, 688, 693, 694, 695, 703, 706, 707, 715, 716, 718, 721, 722, 724, 725], "summary": {"covered_lines": 122, "num_statements": 122, "percent_covered": 100.0, "percent_covered_display": "100", "missing_lines": 0, "excluded_lines": 0, "percent_statements_covered": 100.0, "percent_statements_covered_display": "100"}, "missing_lines": [], "excluded_lines": []}, "AdminIntegrationErrorHandlingTest": {"executed_lines": [733, 742, 743, 748, 749, 751, 752, 755, 762, 763, 766, 767, 771, 774, 775, 778, 779, 781, 782, 784, 787, 788, 793, 801, 802, 804, 805, 806, 807, 808, 809], "summary": {"covered_lines": 31, "num_statements": 31, "percent_covered": 100.0, "percent_covered_display": "100", "missing_lines": 0, "excluded_lines": 0, "percent_statements_covered": 100.0, "percent_statements_covered_display": "100"}, "missing_lines": [], "excluded_lines": []}, "": {"executed_lines": [1, 12, 13, 14, 15, 16, 17, 18, 19, 20, 21, 22, 24, 25, 26, 28, 31, 32, 34, 71, 152, 199, 214, 231, 232, 234, 262, 323, 374, 408, 435, 436, 438, 558, 621, 650, 674, 690, 728, 729, 731, 745, 769, 790], "summary": {"covered_lines": 39, "num_statements": 39, "percent_covered": 100.0, "percent_covered_display": "100", "missing_lines": 0, "excluded_lines": 0, "percent_statements_covered": 100.0, "percent_statements_covered_display": "100"}, "missing_lines": [], "excluded_lines": []}}}, "accounts\\test_auth_properties.py": {"executed_lines": [1, 5, 6, 7, 8, 9, 10, 11, 12, 13, 15, 18, 19, 20, 22, 26, 29, 30, 33, 45, 46, 49, 67, 71, 74], "summary": {"covered_lines": 24, "num_statements": 47, "percent_covered": 51.06382978723404, "percent_covered_display": "51", "missing_lines": 23, "excluded_lines": 0, "percent_statements_covered": 51.06382978723404, "percent_statements_covered_display": "51"}, "missing_lines": [38, 39, 40, 41, 42, 43, 52, 55, 59, 60, 63, 64, 65, 75, 76, 77, 80, 81, 82, 85, 88, 91, 92], "excluded_lines": [], "functions": {"AuthenticationPropertyTests.setUp": {"executed_lines": [20], "summary": {"covered_lines": 1, "num_statements": 1, "percent_covered": 100.0, "percent_covered_display": "100", "missing_lines": 0, "excluded_lines": 0, "percent_statements_covered": 100.0, "percent_statements_covered_display": "100"}, "missing_lines": [], "excluded_lines": []}, "AuthenticationPropertyTests.test_property_2_valid_credentials_return_tokens": {"executed_lines": [29, 30, 33], "summary": {"covered_lines": 3, "num_statements": 9, "percent_covered": 33.333333333333336, "percent_covered_display": "33", "missing_lines": 6, "excluded_lines": 0, "percent_statements_covered": 33.333333333333336, "percent_statements_covered_display": "33"}, "missing_lines": [38, 39, 40, 41, 42, 43], "excluded_lines": []}, "AuthenticationPropertyTests.test_property_3_password_reset_sends_secure_links": {"executed_lines": [49], "summary": {"covered_lines": 1, "num_statements": 8, "percent_covered": 12.5, "percent_covered_display": "12", "missing_lines": 7, "excluded_lines": 0, "percent_statements_covered": 12.5, "percent_statements_covered_display": "12"}, "missing_lines": [52, 55, 59, 60, 63, 64, 65], "excluded_lines": []}, "AuthenticationPropertyTests.test_property_5_logout_invalidates_tokens": {"executed_lines": [74], "summary": {"covered_lines": 1, "num_statements": 11, "percent_covered": 9.090909090909092, "percent_covered_display": "9", "missing_lines": 10, "excluded_lines": 0, "percent_statements_covered": 9.090909090909092, "percent_statements_covered_display": "9"}, "missing_lines": [75, 76, 77, 80, 81, 82, 85, 88, 91, 92], "excluded_lines": []}, "": {"executed_lines": [1, 5, 6, 7, 8, 9, 10, 11, 12, 13, 15, 18, 19, 22, 26, 45, 46, 67, 71], "summary": {"covered_lines": 18, "num_statements": 18, "percent_covered": 100.0, "percent_covered_display": "100", "missing_lines": 0, "excluded_lines": 0, "percent_statements_covered": 100.0, "percent_statements_covered_display": "100"}, "missing_lines": [], "excluded_lines": []}}, "classes": {"AuthenticationPropertyTests": {"executed_lines": [20, 29, 30, 33, 49, 74], "summary": {"covered_lines": 6, "num_statements": 29, "percent_covered": 20.689655172413794, "percent_covered_display": "21", "missing_lines": 23, "excluded_lines": 0, "percent_statements_covered": 20.689655172413794, "percent_statements_covered_display": "21"}, "missing_lines": [38, 39, 40, 41, 42, 43, 52, 55, 59, 60, 63, 64, 65, 75, 76, 77, 80, 81, 82, 85, 88, 91, 92], "excluded_lines": []}, "": {"executed_lines": [1, 5, 6, 7, 8, 9, 10, 11, 12, 13, 15, 18, 19, 22, 26, 45, 46, 67, 71], "summary": {"covered_lines": 18, "num_statements": 18, "percent_covered": 100.0, "percent_covered_display": "100", "missing_lines": 0, "excluded_lines": 0, "percent_statements_covered": 100.0, "percent_statements_covered_display": "100"}, "missing_lines": [], "excluded_lines": []}}}, "accounts\\test_properties.py": {"executed_lines": [1, 9, 10, 11, 12, 13, 17, 18, 35, 36, 46, 47, 58, 59, 69, 70, 71, 74, 80, 81, 94, 97, 98, 100, 102, 111, 112, 115, 119, 125, 129, 133, 134, 137, 143, 144, 156, 159, 160, 162, 164, 173, 177, 179, 181, 185, 189, 190, 193, 199, 200, 209, 212, 213, 214, 217, 218, 220, 222, 231, 232, 233, 242, 244, 247, 248, 251, 252, 253, 256, 262, 263, 274, 277, 280, 283, 284, 286, 288, 297, 303, 306, 309, 310, 312, 313, 314, 317, 319, 323, 325, 329, 330, 333, 335, 339, 343, 348, 349, 352, 358, 359, 370, 371, 372, 373, 374, 377, 380, 383, 384, 386, 388, 397, 400, 405, 408, 409, 412, 415, 418, 420, 424, 427, 431, 432, 435, 436, 440, 443, 447, 452, 453, 454, 457, 463, 464, 475, 476, 479, 482, 485, 486, 488, 490, 499, 504, 506, 507, 508, 509, 512, 516, 520, 523, 527, 530, 558, 559, 562, 563, 564, 567, 573, 574, 586, 587, 590, 593, 596, 597, 599, 601, 610, 611, 615, 616, 618, 622, 624, 628, 632, 636, 640, 644, 645, 648, 654, 655, 667, 668, 671, 674, 677, 678, 681, 690, 692, 694, 695, 698, 702, 706, 707, 710, 712, 714, 718, 719, 722, 726, 728, 732, 736, 740, 741, 744, 746, 748, 752, 753, 756, 760, 762, 766, 767, 770, 776, 777, 789, 790, 793, 796, 799, 800, 802, 804, 814, 815, 816, 819, 820, 823, 827, 831, 837, 841, 845, 849, 853, 857, 858, 861, 867, 868, 879, 880, 883, 886, 889, 890, 892, 894, 901, 902, 905, 906, 907, 908, 911, 912, 915, 919, 923, 932, 936, 938, 942, 948, 952, 958, 962, 966, 970, 971], "summary": {"covered_lines": 281, "num_statements": 294, "percent_covered": 95.578231292517, "percent_covered_display": "96", "missing_lines": 13, "excluded_lines": 0, "percent_statements_covered": 95.578231292517, "percent_statements_covered_display": "96"}, "missing_lines": [21, 26, 31, 32, 39, 51, 62, 241, 534, 537, 542, 550, 553], "excluded_lines": [], "functions": {"valid_email": {"executed_lines": [], "summary": {"covered_lines": 0, "num_statements": 4, "percent_covered": 0.0, "percent_covered_display": "0", "missing_lines": 4, "excluded_lines": 0, "percent_statements_covered": 0.0, "percent_statements_covered_display": "0"}, "missing_lines": [21, 26, 31, 32], "excluded_lines": []}, "valid_username": {"executed_lines": [], "summary": {"covered_lines": 0, "num_statements": 1, "percent_covered": 0.0, "percent_covered_display": "0", "missing_lines": 1, "excluded_lines": 0, "percent_statements_covered": 0.0, "percent_statements_covered_display": "0"}, "missing_lines": [39], "excluded_lines": []}, "valid_password": {"executed_lines": [], "summary": {"covered_lines": 0, "num_statements": 1, "percent_covered": 0.0, "percent_covered_display": "0", "missing_lines": 1, "excluded_lines": 0, "percent_statements_covered": 0.0, "percent_statements_covered_display": "0"}, "missing_lines": [51], "excluded_lines": []}, "valid_name": {"executed_lines": [], "summary": {"covered_lines": 0, "num_statements": 1, "percent_covered": 0.0, "percent_covered_display": "0", "missing_lines": 1, "excluded_lines": 0, "percent_statements_covered": 0.0, "percent_statements_covered_display": "0"}, "missing_lines": [62], "excluded_lines": []}, "TestUserCreationProperties.test_registration_creates_encrypted_accounts": {"executed_lines": [94, 97, 98, 100, 102, 111, 112, 115, 119, 125, 129, 133, 134], "summary": {"covered_lines": 13, "num_statements": 13, "percent_covered": 100.0, "percent_covered_display": "100", "missing_lines": 0, "excluded_lines": 0, "percent_statements_covered": 100.0, "percent_statements_covered_display": "100"}, "missing_lines": [], "excluded_lines": []}, "TestUserCreationProperties.test_new_accounts_default_to_student_role": {"executed_lines": [156, 159, 160, 162, 164, 173, 177, 179, 181, 185, 189, 190], "summary": {"covered_lines": 12, "num_statements": 12, "percent_covered": 100.0, "percent_covered_display": "100", "missing_lines": 0, "excluded_lines": 0, "percent_statements_covered": 100.0, "percent_statements_covered_display": "100"}, "missing_lines": [], "excluded_lines": []}, "TestUserCreationProperties.test_email_uniqueness_enforced": {"executed_lines": [209, 212, 213, 214, 217, 218, 220, 222, 231, 232, 233, 242, 244, 247, 248], "summary": {"covered_lines": 15, "num_statements": 16, "percent_covered": 93.75, "percent_covered_display": "94", "missing_lines": 1, "excluded_lines": 0, "percent_statements_covered": 93.75, "percent_statements_covered_display": "94"}, "missing_lines": [241], "excluded_lines": []}, "TestAuthenticationProperties.test_valid_credentials_return_tokens": {"executed_lines": [274, 277, 280, 283, 284, 286, 288, 297, 303, 306, 309, 310, 312, 313, 314, 317, 319, 323, 325, 329, 330, 333, 335, 339, 343, 348, 349], "summary": {"covered_lines": 27, "num_statements": 27, "percent_covered": 100.0, "percent_covered_display": "100", "missing_lines": 0, "excluded_lines": 0, "percent_statements_covered": 100.0, "percent_statements_covered_display": "100"}, "missing_lines": [], "excluded_lines": []}, "TestAuthenticationProperties.test_password_reset_sends_secure_links": {"executed_lines": [370, 371, 372, 373, 374, 377, 380, 383, 384, 386, 388, 397, 400, 405, 408, 409, 412, 415, 418, 420, 424, 427, 431, 432, 435, 436, 440, 443, 447, 452, 453, 454], "summary": {"covered_lines": 32, "num_statements": 32, "percent_covered": 100.0, "percent_covered_display": "100", "missing_lines": 0, "excluded_lines": 0, "percent_statements_covered": 100.0, "percent_statements_covered_display": "100"}, "missing_lines": [], "excluded_lines": []}, "TestAuthenticationProperties.test_logout_invalidates_tokens": {"executed_lines": [475, 476, 479, 482, 485, 486, 488, 490, 499, 504, 506, 507, 508, 509, 512, 516, 520, 523, 527, 530, 558, 559], "summary": {"covered_lines": 22, "num_statements": 27, "percent_covered": 81.48148148148148, "percent_covered_display": "81", "missing_lines": 5, "excluded_lines": 0, "percent_statements_covered": 81.48148148148148, "percent_statements_covered_display": "81"}, "missing_lines": [534, 537, 542, 550, 553], "excluded_lines": []}, "TestAuthorizationProperties.test_protected_resources_require_valid_authentication": {"executed_lines": [586, 587, 590, 593, 596, 597, 599, 601, 610, 611, 615, 616, 618, 622, 624, 628, 632, 636, 640, 644, 645], "summary": {"covered_lines": 21, "num_statements": 21, "percent_covered": 100.0, "percent_covered_display": "100", "missing_lines": 0, "excluded_lines": 0, "percent_statements_covered": 100.0, "percent_statements_covered_display": "100"}, "missing_lines": [], "excluded_lines": []}, "TestAuthorizationProperties.test_role_promotion_updates_user_permissions": {"executed_lines": [667, 668, 671, 674, 677, 678, 681, 690, 692, 694, 695, 698, 702, 706, 707, 710, 712, 714, 718, 719, 722, 726, 728, 732, 736, 740, 741, 744, 746, 748, 752, 753, 756, 760, 762, 766, 767], "summary": {"covered_lines": 37, "num_statements": 37, "percent_covered": 100.0, "percent_covered_display": "100", "missing_lines": 0, "excluded_lines": 0, "percent_statements_covered": 100.0, "percent_statements_covered_display": "100"}, "missing_lines": [], "excluded_lines": []}, "TestAuthorizationProperties.test_students_cannot_access_instructor_features": {"executed_lines": [789, 790, 793, 796, 799, 800, 802, 804, 814, 815, 816, 819, 820, 823, 827, 831, 837, 841, 845, 849, 853, 857, 858], "summary": {"covered_lines": 23, "num_statements": 23, "percent_covered": 100.0, "percent_covered_display": "100", "missing_lines": 0, "excluded_lines": 0, "percent_statements_covered": 100.0, "percent_statements_covered_display": "100"}, "missing_lines": [], "excluded_lines": []}, "TestAuthorizationProperties.test_admins_have_full_access": {"executed_lines": [879, 880, 883, 886, 889, 890, 892, 894, 901, 902, 905, 906, 907, 908, 911, 912, 915, 919, 923, 932, 936, 938, 942, 948, 952, 958, 962, 966, 970, 971], "summary": {"covered_lines": 30, "num_statements": 30, "percent_covered": 100.0, "percent_covered_display": "100", "missing_lines": 0, "excluded_lines": 0, "percent_statements_covered": 100.0, "percent_statements_covered_display": "100"}, "missing_lines": [], "excluded_lines": []}, "": {"executed_lines": [1, 9, 10, 11, 12, 13, 17, 18, 35, 36, 46, 47, 58, 59, 69, 70, 71, 74, 80, 81, 137, 143, 144, 193, 199, 200, 251, 252, 253, 256, 262, 263, 352, 358, 359, 457, 463, 464, 562, 563, 564, 567, 573, 574, 648, 654, 655, 770, 776, 777, 861, 867, 868], "summary": {"covered_lines": 49, "num_statements": 49, "percent_covered": 100.0, "percent_covered_display": "100", "missing_lines": 0, "excluded_lines": 0, "percent_statements_covered": 100.0, "percent_statements_covered_display": "100"}, "missing_lines": [], "excluded_lines": []}}, "classes": {"TestUserCreationProperties": {"executed_lines": [94, 97, 98, 100, 102, 111, 112, 115, 119, 125, 129, 133, 134, 156, 159, 160, 162, 164, 173, 177, 179, 181, 185, 189, 190, 209, 212, 213, 214, 217, 218, 220, 222, 231, 232, 233, 242, 244, 247, 248], "summary": {"covered_lines": 40, "num_statements": 41, "percent_covered": 97.5609756097561, "percent_covered_display": "98", "missing_lines": 1, "excluded_lines": 0, "percent_statements_covered": 97.5609756097561, "percent_statements_covered_display": "98"}, "missing_lines": [241], "excluded_lines": []}, "TestAuthenticationProperties": {"executed_lines": [274, 277, 280, 283, 284, 286, 288, 297, 303, 306, 309, 310, 312, 313, 314, 317, 319, 323, 325, 329, 330, 333, 335, 339, 343, 348, 349, 370, 371, 372, 373, 374, 377, 380, 383, 384, 386, 388, 397, 400, 405, 408, 409, 412, 415, 418, 420, 424, 427, 431, 432, 435, 436, 440, 443, 447, 452, 453, 454, 475, 476, 479, 482, 485, 486, 488, 490, 499, 504, 506, 507, 508, 509, 512, 516, 520, 523, 527, 530, 558, 559], "summary": {"covered_lines": 81, "num_statements": 86, "percent_covered": 94.18604651162791, "percent_covered_display": "94", "missing_lines": 5, "excluded_lines": 0, "percent_statements_covered": 94.18604651162791, "percent_statements_covered_display": "94"}, "missing_lines": [534, 537, 542, 550, 553], "excluded_lines": []}, "TestAuthorizationProperties": {"executed_lines": [586, 587, 590, 593, 596, 597, 599, 601, 610, 611, 615, 616, 618, 622, 624, 628, 632, 636, 640, 644, 645, 667, 668, 671, 674, 677, 678, 681, 690, 692, 694, 695, 698, 702, 706, 707, 710, 712, 714, 718, 719, 722, 726, 728, 732, 736, 740, 741, 744, 746, 748, 752, 753, 756, 760, 762, 766, 767, 789, 790, 793, 796, 799, 800, 802, 804, 814, 815, 816, 819, 820, 823, 827, 831, 837, 841, 845, 849, 853, 857, 858, 879, 880, 883, 886, 889, 890, 892, 894, 901, 902, 905, 906, 907, 908, 911, 912, 915, 919, 923, 932, 936, 938, 942, 948, 952, 958, 962, 966, 970, 971], "summary": {"covered_lines": 111, "num_statements": 111, "percent_covered": 100.0, "percent_covered_display": "100", "missing_lines": 0, "excluded_lines": 0, "percent_statements_covered": 100.0, "percent_statements_covered_display": "100"}, "missing_lines": [], "excluded_lines": []}, "": {"executed_lines": [1, 9, 10, 11, 12, 13, 17, 18, 35, 36, 46, 47, 58, 59, 69, 70, 71, 74, 80, 81, 137, 143, 144, 193, 199, 200, 251, 252, 253, 256, 262, 263, 352, 358, 359, 457, 463, 464, 562, 563, 564, 567, 573, 574, 648, 654, 655, 770, 776, 777, 861, 867, 868], "summary": {"covered_lines": 49, "num_statements": 56, "percent_covered": 87.5, "percent_covered_display": "88", "missing_lines": 7, "excluded_lines": 0, "percent_statements_covered": 87.5, "percent_statements_covered_display": "88"}, "missing_lines": [21, 26, 31, 32, 39, 51, 62], "excluded_lines": []}}}, "accounts\\tests.py": {"executed_lines": [1, 5, 6, 7, 8, 10, 13, 14, 16, 18, 19, 20, 21, 22, 24, 33, 35, 37, 38, 39, 40, 41, 44, 45, 47, 50, 59, 63, 65, 66, 67, 68, 69, 71, 73, 77, 79, 81, 84, 93, 97, 98, 101, 102, 104, 105, 107, 109, 111, 114, 115, 117, 119, 121, 130, 139, 148, 150, 151, 152, 154, 155, 156, 158, 159, 160, 162, 164, 173, 176, 177, 178, 181, 182, 183, 184, 185, 188, 189, 190, 191, 192], "summary": {"covered_lines": 79, "num_statements": 79, "percent_covered": 100.0, "percent_covered_display": "100", "missing_lines": 0, "excluded_lines": 0, "percent_statements_covered": 100.0, "percent_statements_covered_display": "100"}, "missing_lines": [], "excluded_lines": [], "functions": {"AuthenticationTests.setUp": {"executed_lines": [18, 19, 20, 21, 22, 24], "summary": {"covered_lines": 6, "num_statements": 6, "percent_covered": 100.0, "percent_covered_display": "100", "missing_lines": 0, "excluded_lines": 0, "percent_statements_covered": 100.0, "percent_statements_covered_display": "100"}, "missing_lines": [], "excluded_lines": []}, "AuthenticationTests.test_user_registration": {"executed_lines": [35, 37, 38, 39, 40, 41, 44, 45], "summary": {"covered_lines": 8, "num_statements": 8, "percent_covered": 100.0, "percent_covered_display": "100", "missing_lines": 0, "excluded_lines": 0, "percent_statements_covered": 100.0, "percent_statements_covered_display": "100"}, "missing_lines": [], "excluded_lines": []}, "AuthenticationTests.test_user_login": {"executed_lines": [50, 59, 63, 65, 66, 67, 68, 69], "summary": {"covered_lines": 8, "num_statements": 8, "percent_covered": 100.0, "percent_covered_display": "100", "missing_lines": 0, "excluded_lines": 0, "percent_statements_covered": 100.0, "percent_statements_covered_display": "100"}, "missing_lines": [], "excluded_lines": []}, "AuthenticationTests.test_login_with_invalid_credentials": {"executed_lines": [73, 77, 79], "summary": {"covered_lines": 3, "num_statements": 3, "percent_covered": 100.0, "percent_covered_display": "100", "missing_lines": 0, "excluded_lines": 0, "percent_statements_covered": 100.0, "percent_statements_covered_display": "100"}, "missing_lines": [], "excluded_lines": []}, "AuthenticationTests.test_get_current_user": {"executed_lines": [84, 93, 97, 98, 101, 102, 104, 105], "summary": {"covered_lines": 8, "num_statements": 8, "percent_covered": 100.0, "percent_covered_display": "100", "missing_lines": 0, "excluded_lines": 0, "percent_statements_covered": 100.0, "percent_statements_covered_display": "100"}, "missing_lines": [], "excluded_lines": []}, "AuthenticationTests.test_protected_endpoint_requires_authentication": {"executed_lines": [109, 111], "summary": {"covered_lines": 2, "num_statements": 2, "percent_covered": 100.0, "percent_covered_display": "100", "missing_lines": 0, "excluded_lines": 0, "percent_statements_covered": 100.0, "percent_statements_covered_display": "100"}, "missing_lines": [], "excluded_lines": []}, "PermissionTests.setUp": {"executed_lines": [119, 121, 130, 139], "summary": {"covered_lines": 4, "num_statements": 4, "percent_covered": 100.0, "percent_covered_display": "100", "missing_lines": 0, "excluded_lines": 0, "percent_statements_covered": 100.0, "percent_statements_covered_display": "100"}, "missing_lines": [], "excluded_lines": []}, "PermissionTests.test_user_role_properties": {"executed_lines": [150, 151, 152, 154, 155, 156, 158, 159, 160], "summary": {"covered_lines": 9, "num_statements": 9, "percent_covered": 100.0, "percent_covered_display": "100", "missing_lines": 0, "excluded_lines": 0, "percent_statements_covered": 100.0, "percent_statements_covered_display": "100"}, "missing_lines": [], "excluded_lines": []}, "PermissionTests.test_role_promotion": {"executed_lines": [164, 173, 176, 177, 178, 181, 182, 183, 184, 185, 188, 189, 190, 191, 192], "summary": {"covered_lines": 15, "num_statements": 15, "percent_covered": 100.0, "percent_covered_display": "100", "missing_lines": 0, "excluded_lines": 0, "percent_statements_covered": 100.0, "percent_statements_covered_display": "100"}, "missing_lines": [], "excluded_lines": []}, "": {"executed_lines": [1, 5, 6, 7, 8, 10, 13, 14, 16, 33, 47, 71, 81, 107, 114, 115, 117, 148, 162], "summary": {"covered_lines": 16, "num_statements": 16, "percent_covered": 100.0, "percent_covered_display": "100", "missing_lines": 0, "excluded_lines": 0, "percent_statements_covered": 100.0, "percent_statements_covered_display": "100"}, "missing_lines": [], "excluded_lines": []}}, "classes": {"AuthenticationTests": {"executed_lines": [18, 19, 20, 21, 22, 24, 35, 37, 38, 39, 40, 41, 44, 45, 50, 59, 63, 65, 66, 67, 68, 69, 73, 77, 79, 84, 93, 97, 98, 101, 102, 104, 105, 109, 111], "summary": {"covered_lines": 35, "num_statements": 35, "percent_covered": 100.0, "percent_covered_display": "100", "missing_lines": 0, "excluded_lines": 0, "percent_statements_covered": 100.0, "percent_statements_covered_display": "100"}, "missing_lines": [], "excluded_lines": []}, "PermissionTests": {"executed_lines": [119, 121, 130, 139, 150, 151, 152, 154, 155, 156, 158, 159, 160, 164, 173, 176, 177, 178, 181, 182, 183, 184, 185, 188, 189, 190, 191, 192], "summary": {"covered_lines": 28, "num_statements": 28, "percent_covered": 100.0, "percent_covered_display": "100", "missing_lines": 0, "excluded_lines": 0, "percent_statements_covered": 100.0, "percent_statements_covered_display": "100"}, "missing_lines": [], "excluded_lines": []}, "": {"executed_lines": [1, 5, 6, 7, 8, 10, 13, 14, 16, 33, 47, 71, 81, 107, 114, 115, 117, 148, 162], "summary": {"covered_lines": 16, "num_statements": 16, "percent_covered": 100.0, "percent_covered_display": "100", "missing_lines": 0, "excluded_lines": 0, "percent_statements_covered": 100.0, "percent_statements_covered_display": "100"}, "missing_lines": [], "excluded_lines": []}}}, "accounts\\urls.py": {"executed_lines": [1, 5, 6, 10, 12, 14], "summary": {"covered_lines": 5, "num_statements": 5, "percent_covered": 100.0, "percent_covered_display": "100", "missing_lines": 0, "excluded_lines": 0, "percent_statements_covered": 100.0, "percent_statements_covered_display": "100"}, "missing_lines": [], "excluded_lines": [], "functions": {"": {"executed_lines": [1, 5, 6, 10, 12, 14], "summary": {"covered_lines": 5, "num_statements": 5, "percent_covered": 100.0, "percent_covered_display": "100", "missing_lines": 0, "excluded_lines": 0, "percent_statements_covered": 100.0, "percent_statements_covered_display": "100"}, "missing_lines": [], "excluded_lines": []}}, "classes": {"": {"executed_lines": [1, 5, 6, 10, 12, 14], "summary": {"covered_lines": 5, "num_statements": 5, "percent_covered": 100.0, "percent_covered_display": "100", "missing_lines": 0, "excluded_lines": 0, "percent_statements_covered": 100.0, "percent_statements_covered_display": "100"}, "missing_lines": [], "excluded_lines": []}}}, "accounts\\views.py": {"executed_lines": [1, 5, 6, 7, 8, 9, 10, 11, 12, 13, 14, 15, 16, 17, 18, 20, 27, 34, 40, 43, 44, 50, 51, 52, 54, 55, 57, 58, 59, 60, 62, 65, 67, 76, 87, 88, 94, 95, 97, 98, 99, 100, 101, 104, 105, 106, 107, 112, 117, 123, 125, 136, 137, 142, 144, 145, 147, 148, 153, 159, 160, 169, 170, 175, 176, 178, 179, 180, 181, 183, 184, 187, 188, 191, 194, 195, 211, 219, 221, 224, 231, 232, 237, 238, 240, 280, 281, 286, 288, 289, 290, 294, 295, 296, 297, 298, 299, 302, 303, 307, 309, 310, 316, 317, 321, 323, 324, 330, 337, 338, 342, 344, 345, 351, 352, 357, 358, 363, 364, 372, 373, 378, 380, 382, 385, 386, 387, 390, 391, 392, 395, 396, 397, 404, 405, 406, 408, 409, 410, 421, 423, 425, 430, 431, 432, 433, 438, 439, 444, 445, 446, 447, 450, 451, 452, 453, 454, 455, 458, 459, 461, 463, 475, 476, 481, 483, 485, 486, 487, 490, 491, 492, 495, 496, 497, 498, 501, 502, 505, 506, 509, 510, 511, 512, 514, 515, 518, 522, 527, 533, 539, 540, 541, 544, 548, 549, 550, 560, 561, 562, 563, 564, 568, 570, 612, 613, 618, 620, 622, 629, 630, 631, 643, 649, 650, 651, 652, 653, 655, 662, 663, 671, 676], "summary": {"covered_lines": 210, "num_statements": 251, "percent_covered": 83.66533864541833, "percent_covered_display": "84", "missing_lines": 41, "excluded_lines": 0, "percent_statements_covered": 83.66533864541833, "percent_statements_covered_display": "84"}, "missing_lines": [78, 79, 80, 82, 83, 84, 113, 118, 133, 149, 154, 156, 163, 164, 228, 241, 242, 243, 244, 247, 248, 249, 250, 254, 255, 256, 259, 260, 265, 266, 268, 272, 273, 277, 331, 426, 635, 636, 640, 664, 665], "excluded_lines": [], "functions": {"RegisterView.post": {"executed_lines": [55, 57, 58, 59, 60, 62, 65, 67, 76], "summary": {"covered_lines": 9, "num_statements": 15, "percent_covered": 60.0, "percent_covered_display": "60", "missing_lines": 6, "excluded_lines": 0, "percent_statements_covered": 60.0, "percent_statements_covered_display": "60"}, "missing_lines": [78, 79, 80, 82, 83, 84], "excluded_lines": []}, "LoginView.post": {"executed_lines": [98, 99, 100, 101, 104, 105, 106, 107, 112, 117, 123, 125], "summary": {"covered_lines": 12, "num_statements": 15, "percent_covered": 80.0, "percent_covered_display": "80", "missing_lines": 3, "excluded_lines": 0, "percent_statements_covered": 80.0, "percent_statements_covered_display": "80"}, "missing_lines": [113, 118, 133], "excluded_lines": []}, "LogoutView.post": {"executed_lines": [145, 147, 148, 153, 159, 160], "summary": {"covered_lines": 6, "num_statements": 11, "percent_covered": 54.54545454545455, "percent_covered_display": "55", "missing_lines": 5, "excluded_lines": 0, "percent_statements_covered": 54.54545454545455, "percent_statements_covered_display": "55"}, "missing_lines": [149, 154, 156, 163, 164], "excluded_lines": []}, "PasswordResetRequestView.post": {"executed_lines": [179, 180, 181, 183, 184, 187, 188, 191, 194, 195, 211, 219, 221, 224], "summary": {"covered_lines": 14, "num_statements": 15, "percent_covered": 93.33333333333333, "percent_covered_display": "93", "missing_lines": 1, "excluded_lines": 0, "percent_statements_covered": 93.33333333333333, "percent_statements_covered_display": "93"}, "missing_lines": [228], "excluded_lines": []}, "PasswordResetConfirmView.post": {"executed_lines": [], "summary": {"covered_lines": 0, "num_statements": 19, "percent_covered": 0.0, "percent_covered_display": "0", "missing_lines": 19, "excluded_lines": 0, "percent_statements_covered": 0.0, "percent_statements_covered_display": "0"}, "missing_lines": [241, 242, 243, 244, 247, 248, 249, 250, 254, 255, 256, 259, 260, 265, 266, 268, 272, 273, 277], "excluded_lines": []}, "CurrentUserView.get": {"executed_lines": [289, 290], "summary": {"covered_lines": 2, "num_statements": 2, "percent_covered": 100.0, "percent_covered_display": "100", "missing_lines": 0, "excluded_lines": 0, "percent_statements_covered": 100.0, "percent_statements_covered_display": "100"}, "missing_lines": [], "excluded_lines": []}, "ProtectedResourceView.get": {"executed_lines": [310], "summary": {"covered_lines": 1, "num_statements": 1, "percent_covered": 100.0, "percent_covered_display": "100", "missing_lines": 0, "excluded_lines": 0, "percent_statements_covered": 100.0, "percent_statements_covered_display": "100"}, "missing_lines": [], "excluded_lines": []}, "InstructorOnlyView.get": {"executed_lines": [324], "summary": {"covered_lines": 1, "num_statements": 1, "percent_covered": 100.0, "percent_covered_display": "100", "missing_lines": 0, "excluded_lines": 0, "percent_statements_covered": 100.0, "percent_statements_covered_display": "100"}, "missing_lines": [], "excluded_lines": []}, "InstructorOnlyView.post": {"executed_lines": [], "summary": {"covered_lines": 0, "num_statements": 1, "percent_covered": 0.0, "percent_covered_display": "0", "missing_lines": 1, "excluded_lines": 0, "percent_statements_covered": 0.0, "percent_statements_covered_display": "0"}, "missing_lines": [331], "excluded_lines": []}, "AdminOnlyView.get": {"executed_lines": [345], "summary": {"covered_lines": 1, "num_statements": 1, "percent_covered": 100.0, "percent_covered_display": "100", "missing_lines": 0, "excluded_lines": 0, "percent_statements_covered": 100.0, "percent_statements_covered_display": "100"}, "missing_lines": [], "excluded_lines": []}, "AdminOnlyView.post": {"executed_lines": [352], "summary": {"covered_lines": 1, "num_statements": 1, "percent_covered": 100.0, "percent_covered_display": "100", "missing_lines": 0, "excluded_lines": 0, "percent_statements_covered": 100.0, "percent_statements_covered_display": "100"}, "missing_lines": [], "excluded_lines": []}, "AdminOnlyView.put": {"executed_lines": [358], "summary": {"covered_lines": 1, "num_statements": 1, "percent_covered": 100.0, "percent_covered_display": "100", "missing_lines": 0, "excluded_lines": 0, "percent_statements_covered": 100.0, "percent_statements_covered_display": "100"}, "missing_lines": [], "excluded_lines": []}, "AdminOnlyView.delete": {"executed_lines": [364], "summary": {"covered_lines": 1, "num_statements": 1, "percent_covered": 100.0, "percent_covered_display": "100", "missing_lines": 0, "excluded_lines": 0, "percent_statements_covered": 100.0, "percent_statements_covered_display": "100"}, "missing_lines": [], "excluded_lines": []}, "UserManagementView.get": {"executed_lines": [382, 385, 386, 387, 390, 391, 392, 395, 396, 397, 404, 405, 406, 408, 409, 410, 421], "summary": {"covered_lines": 17, "num_statements": 17, "percent_covered": 100.0, "percent_covered_display": "100", "missing_lines": 0, "excluded_lines": 0, "percent_statements_covered": 100.0, "percent_statements_covered_display": "100"}, "missing_lines": [], "excluded_lines": []}, "UserManagementView.patch": {"executed_lines": [425, 430, 431, 432, 433, 438, 439, 444, 445, 446, 447, 450, 451, 452, 453, 454, 455, 458, 459, 461, 463], "summary": {"covered_lines": 21, "num_statements": 22, "percent_covered": 95.45454545454545, "percent_covered_display": "95", "missing_lines": 1, "excluded_lines": 0, "percent_statements_covered": 95.45454545454545, "percent_statements_covered_display": "95"}, "missing_lines": [426], "excluded_lines": []}, "AnalyticsView.get": {"executed_lines": [485, 486, 487, 490, 491, 492, 495, 496, 497, 498, 501, 502, 505, 506, 509, 510, 511, 512, 514, 515, 518, 522, 527, 533, 539, 540, 541, 544, 548, 549, 550, 560, 561, 562, 563, 564, 568, 570], "summary": {"covered_lines": 38, "num_statements": 38, "percent_covered": 100.0, "percent_covered_display": "100", "missing_lines": 0, "excluded_lines": 0, "percent_statements_covered": 100.0, "percent_statements_covered_display": "100"}, "missing_lines": [], "excluded_lines": []}, "SystemHealthView.get": {"executed_lines": [622, 629, 630, 631, 643, 649, 650, 651, 652, 653, 655, 662, 663, 671, 676], "summary": {"covered_lines": 15, "num_statements": 20, "percent_covered": 75.0, "percent_covered_display": "75", "missing_lines": 5, "excluded_lines": 0, "percent_statements_covered": 75.0, "percent_statements_covered_display": "75"}, "missing_lines": [635, 636, 640, 664, 665], "excluded_lines": []}, "": {"executed_lines": [1, 5, 6, 7, 8, 9, 10, 11, 12, 13, 14, 15, 16, 17, 18, 20, 27, 34, 40, 43, 44, 50, 51, 52, 54, 87, 88, 94, 95, 97, 136, 137, 142, 144, 169, 170, 175, 176, 178, 231, 232, 237, 238, 240, 280, 281, 286, 288, 294, 295, 296, 297, 298, 299, 302, 303, 307, 309, 316, 317, 321, 323, 330, 337, 338, 342, 344, 351, 357, 363, 372, 373, 378, 380, 423, 475, 476, 481, 483, 612, 613, 618, 620], "summary": {"covered_lines": 70, "num_statements": 70, "percent_covered": 100.0, "percent_covered_display": "100", "missing_lines": 0, "excluded_lines": 0, "percent_statements_covered": 100.0, "percent_statements_covered_display": "100"}, "missing_lines": [], "excluded_lines": []}}, "classes": {"RegisterView": {"executed_lines": [55, 57, 58, 59, 60, 62, 65, 67, 76], "summary": {"covered_lines": 9, "num_statements": 15, "percent_covered": 60.0, "percent_covered_display": "60", "missing_lines": 6, "excluded_lines": 0, "percent_statements_covered": 60.0, "percent_statements_covered_display": "60"}, "missing_lines": [78, 79, 80, 82, 83, 84], "excluded_lines": []}, "LoginView": {"executed_lines": [98, 99, 100, 101, 104, 105, 106, 107, 112, 117, 123, 125], "summary": {"covered_lines": 12, "num_statements": 15, "percent_covered": 80.0, "percent_covered_display": "80", "missing_lines": 3, "excluded_lines": 0, "percent_statements_covered": 80.0, "percent_statements_covered_display": "80"}, "missing_lines": [113, 118, 133], "excluded_lines": []}, "LogoutView": {"executed_lines": [145, 147, 148, 153, 159, 160], "summary": {"covered_lines": 6, "num_statements": 11, "percent_covered": 54.54545454545455, "percent_covered_display": "55", "missing_lines": 5, "excluded_lines": 0, "percent_statements_covered": 54.54545454545455, "percent_statements_covered_display": "55"}, "missing_lines": [149, 154, 156, 163, 164], "excluded_lines": []}, "PasswordResetRequestView": {"executed_lines": [179, 180, 181, 183, 184, 187, 188, 191, 194, 195, 211, 219, 221, 224], "summary": {"covered_lines": 14, "num_statements": 15, "percent_covered": 93.33333333333333, "percent_covered_display": "93", "missing_lines": 1, "excluded_lines": 0, "percent_statements_covered": 93.33333333333333, "percent_statements_covered_display": "93"}, "missing_lines": [228], "excluded_lines": []}, "PasswordResetConfirmView": {"executed_lines": [], "summary": {"covered_lines": 0, "num_statements": 19, "percent_covered": 0.0, "percent_covered_display": "0", "missing_lines": 19, "excluded_lines": 0, "percent_statements_covered": 0.0, "percent_statements_covered_display": "0"}, "missing_lines": [241, 242, 243, 244, 247, 248, 249, 250, 254, 255, 256, 259, 260, 265, 266, 268, 272, 273, 277], "excluded_lines": []}, "CurrentUserView": {"executed_lines": [289, 290], "summary": {"covered_lines": 2, "num_statements": 2, "percent_covered": 100.0, "percent_covered_display": "100", "missing_lines": 0, "excluded_lines": 0, "percent_statements_covered": 100.0, "percent_statements_covered_display": "100"}, "missing_lines": [], "excluded_lines": []}, "ProtectedResourceView": {"executed_lines": [310], "summary": {"covered_lines": 1, "num_statements": 1, "percent_covered": 100.0, "percent_covered_display": "100", "missing_lines": 0, "excluded_lines": 0, "percent_statements_covered": 100.0, "percent_statements_covered_display": "100"}, "missing_lines": [], "excluded_lines": []}, "InstructorOnlyView": {"executed_lines": [324], "summary": {"covered_lines": 1, "num_statements": 2, "percent_covered": 50.0, "percent_covered_display": "50", "missing_lines": 1, "excluded_lines": 0, "percent_statements_covered": 50.0, "percent_statements_covered_display": "50"}, "missing_lines": [331], "excluded_lines": []}, "AdminOnlyView": {"executed_lines": [345, 352, 358, 364], "summary": {"covered_lines": 4, "num_statements": 4, "percent_covered": 100.0, "percent_covered_display": "100", "missing_lines": 0, "excluded_lines": 0, "percent_statements_covered": 100.0, "percent_statements_covered_display": "100"}, "missing_lines": [], "excluded_lines": []}, "UserManagementView": {"executed_lines": [382, 385, 386, 387, 390, 391, 392, 395, 396, 397, 404, 405, 406, 408, 409, 410, 421, 425, 430, 431, 432, 433, 438, 439, 444, 445, 446, 447, 450, 451, 452, 453, 454, 455, 458, 459, 461, 463], "summary": {"covered_lines": 38, "num_statements": 39, "percent_covered": 97.43589743589743, "percent_covered_display": "97", "missing_lines": 1, "excluded_lines": 0, "percent_statements_covered": 97.43589743589743, "percent_statements_covered_display": "97"}, "missing_lines": [426], "excluded_lines": []}, "AnalyticsView": {"executed_lines": [485, 486, 487, 490, 491, 492, 495, 496, 497, 498, 501, 502, 505, 506, 509, 510, 511, 512, 514, 515, 518, 522, 527, 533, 539, 540, 541, 544, 548, 549, 550, 560, 561, 562, 563, 564, 568, 570], "summary": {"covered_lines": 38, "num_statements": 38, "percent_covered": 100.0, "percent_covered_display": "100", "missing_lines": 0, "excluded_lines": 0, "percent_statements_covered": 100.0, "percent_statements_covered_display": "100"}, "missing_lines": [], "excluded_lines": []}, "SystemHealthView": {"executed_lines": [622, 629, 630, 631, 643, 649, 650, 651, 652, 653, 655, 662, 663, 671, 676], "summary": {"covered_lines": 15, "num_statements": 20, "percent_covered": 75.0, "percent_covered_display": "75", "missing_lines": 5, "excluded_lines": 0, "percent_statements_covered": 75.0, "percent_statements_covered_display": "75"}, "missing_lines": [635, 636, 640, 664, 665], "excluded_lines": []}, "": {"executed_lines": [1, 5, 6, 7, 8, 9, 10, 11, 12, 13, 14, 15, 16, 17, 18, 20, 27, 34, 40, 43, 44, 50, 51, 52, 54, 87, 88, 94, 95, 97, 136, 137, 142, 144, 169, 170, 175, 176, 178, 231, 232, 237, 238, 240, 280, 281, 286, 288, 294, 295, 296, 297, 298, 299, 302, 303, 307, 309, 316, 317, 321, 323, 330, 337, 338, 342, 344, 351, 357, 363, 372, 373, 378, 380, 423, 475, 476, 481, 483, 612, 613, 618, 620], "summary": {"covered_lines": 70, "num_statements": 70, "percent_covered": 100.0, "percent_covered_display": "100", "missing_lines": 0, "excluded_lines": 0, "percent_statements_covered": 100.0, "percent_statements_covered_display": "100"}, "missing_lines": [], "excluded_lines": []}}}, "conftest.py": {"executed_lines": [1, 4, 5, 6, 7, 8, 9, 10, 11, 12, 13, 14, 15, 16, 17, 20, 21, 22, 23, 25, 28, 29, 31, 32, 34, 35, 36, 37, 38, 39, 42, 43, 44, 47, 48, 49, 52, 53, 54, 55, 56, 59, 60, 65, 66, 71, 72, 77, 78, 83, 84, 89, 90, 95, 96, 103, 104, 111, 112, 119, 120, 127, 128, 133, 136, 137, 142, 143, 158, 159], "summary": {"covered_lines": 65, "num_statements": 86, "percent_covered": 75.5813953488372, "percent_covered_display": "76", "missing_lines": 21, "excluded_lines": 0, "percent_statements_covered": 75.5813953488372, "percent_statements_covered_display": "76"}, "missing_lines": [62, 68, 74, 80, 86, 92, 98, 99, 100, 106, 107, 108, 114, 115, 116, 122, 123, 124, 139, 145, 161], "excluded_lines": [], "functions": {"user": {"executed_lines": [], "summary": {"covered_lines": 0, "num_statements": 1, "percent_covered": 0.0, "percent_covered_display": "0", "missing_lines": 1, "excluded_lines": 0, "percent_statements_covered": 0.0, "percent_statements_covered_display": "0"}, "missing_lines": [62], "excluded_lines": []}, "student": {"executed_lines": [], "summary": {"covered_lines": 0, "num_statements": 1, "percent_covered": 0.0, "percent_covered_display": "0", "missing_lines": 1, "excluded_lines": 0, "percent_statements_covered": 0.0, "percent_statements_covered_display": "0"}, "missing_lines": [68], "excluded_lines": []}, "instructor": {"executed_lines": [], "summary": {"covered_lines": 0, "num_statements": 1, "percent_covered": 0.0, "percent_covered_display": "0", "missing_lines": 1, "excluded_lines": 0, "percent_statements_covered": 0.0, "percent_statements_covered_display": "0"}, "missing_lines": [74], "excluded_lines": []}, "admin": {"executed_lines": [], "summary": {"covered_lines": 0, "num_statements": 1, "percent_covered": 0.0, "percent_covered_display": "0", "missing_lines": 1, "excluded_lines": 0, "percent_statements_covered": 0.0, "percent_statements_covered_display": "0"}, "missing_lines": [80], "excluded_lines": []}, "client": {"executed_lines": [], "summary": {"covered_lines": 0, "num_statements": 1, "percent_covered": 0.0, "percent_covered_display": "0", "missing_lines": 1, "excluded_lines": 0, "percent_statements_covered": 0.0, "percent_statements_covered_display": "0"}, "missing_lines": [86], "excluded_lines": []}, "api_client": {"executed_lines": [], "summary": {"covered_lines": 0, "num_statements": 1, "percent_covered": 0.0, "percent_covered_display": "0", "missing_lines": 1, "excluded
[...]
tatements": 1, "percent_covered": 100.0, "percent_covered_display": "100", "missing_lines": 0, "excluded_lines": 0, "percent_statements_covered": 100.0, "percent_statements_covered_display": "100"}, "missing_lines": [], "excluded_lines": []}, "SecurityHeadersMiddleware.__call__": {"executed_lines": [171, 174, 175, 176, 177, 180, 181, 182, 184], "summary": {"covered_lines": 9, "num_statements": 9, "percent_covered": 100.0, "percent_covered_display": "100", "missing_lines": 0, "excluded_lines": 0, "percent_statements_covered": 100.0, "percent_statements_covered_display": "100"}, "missing_lines": [], "excluded_lines": []}, "RequestSanitizationMiddleware.__init__": {"executed_lines": [193], "summary": {"covered_lines": 1, "num_statements": 1, "percent_covered": 100.0, "percent_covered_display": "100", "missing_lines": 0, "excluded_lines": 0, "percent_statements_covered": 100.0, "percent_statements_covered_display": "100"}, "missing_lines": [], "excluded_lines": []}, "RequestSanitizationMiddleware.__call__": {"executed_lines": [197, 199, 200], "summary": {"covered_lines": 3, "num_statements": 3, "percent_covered": 100.0, "percent_covered_display": "100", "missing_lines": 0, "excluded_lines": 0, "percent_statements_covered": 100.0, "percent_statements_covered_display": "100"}, "missing_lines": [], "excluded_lines": []}, "RequestSanitizationMiddleware._sanitize_query_params": {"executed_lines": [207, 209, 210, 213, 214], "summary": {"covered_lines": 5, "num_statements": 7, "percent_covered": 71.42857142857143, "percent_covered_display": "71", "missing_lines": 2, "excluded_lines": 0, "percent_statements_covered": 71.42857142857143, "percent_statements_covered_display": "71"}, "missing_lines": [215, 217], "excluded_lines": []}, "": {"executed_lines": [1, 5, 6, 7, 8, 9, 10, 12, 14, 15, 19, 45, 54, 130, 146, 162, 163, 167, 170, 187, 188, 192, 195, 202], "summary": {"covered_lines": 20, "num_statements": 20, "percent_covered": 100.0, "percent_covered_display": "100", "missing_lines": 0, "excluded_lines": 0, "percent_statements_covered": 100.0, "percent_statements_covered_display": "100"}, "missing_lines": [], "excluded_lines": []}}, "classes": {"RequestValidationMiddleware": {"executed_lines": [20, 23, 47, 48, 49, 51, 52, 58, 59, 62, 63, 64, 65, 66, 68, 69, 71, 73, 74, 75, 82, 83, 84, 85, 86, 93, 94, 95, 96, 97, 98, 100, 101, 104, 111, 113, 116, 119, 128, 135, 136, 141, 142, 143, 150, 151, 155], "summary": {"covered_lines": 47, "num_statements": 61, "percent_covered": 77.04918032786885, "percent_covered_display": "77", "missing_lines": 14, "excluded_lines": 0, "percent_statements_covered": 77.04918032786885, "percent_statements_covered_display": "77"}, "missing_lines": [102, 105, 106, 121, 122, 123, 137, 138, 144, 152, 156, 157, 158, 159], "excluded_lines": []}, "SecurityHeadersMiddleware": {"executed_lines": [168, 171, 174, 175, 176, 177, 180, 181, 182, 184], "summary": {"covered_lines": 10, "num_statements": 10, "percent_covered": 100.0, "percent_covered_display": "100", "missing_lines": 0, "excluded_lines": 0, "percent_statements_covered": 100.0, "percent_statements_covered_display": "100"}, "missing_lines": [], "excluded_lines": []}, "RequestSanitizationMiddleware": {"executed_lines": [193, 197, 199, 200, 207, 209, 210, 213, 214], "summary": {"covered_lines": 9, "num_statements": 11, "percent_covered": 81.81818181818181, "percent_covered_display": "82", "missing_lines": 2, "excluded_lines": 0, "percent_statements_covered": 81.81818181818181, "percent_statements_covered_display": "82"}, "missing_lines": [215, 217], "excluded_lines": []}, "": {"executed_lines": [1, 5, 6, 7, 8, 9, 10, 12, 14, 15, 19, 45, 54, 130, 146, 162, 163, 167, 170, 187, 188, 192, 195, 202], "summary": {"covered_lines": 20, "num_statements": 20, "percent_covered": 100.0, "percent_covered_display": "100", "missing_lines": 0, "excluded_lines": 0, "percent_statements_covered": 100.0, "percent_statements_covered_display": "100"}, "missing_lines": [], "excluded_lines": []}}}, "veetssuites\\validators.py": {"executed_lines": [1, 5, 6, 9, 10, 12, 13, 14, 15, 16, 17, 18, 20, 22, 23, 27, 29, 30, 31, 32, 33, 35, 36, 38, 39, 41, 42, 44, 45, 47, 48, 50, 51, 54, 62, 63, 64, 65, 67, 68, 70, 73, 74, 78, 79, 80, 82, 84, 88, 89, 90, 91, 97, 115, 117, 120, 121, 125, 126, 128, 129, 130, 131, 134, 137, 138, 142, 143, 145, 147, 150, 153, 155, 159, 165, 166, 169, 172, 173, 177, 192, 193, 197, 201, 216, 227, 228, 232, 233, 236, 237, 239, 240, 241, 245, 246, 248, 249, 252, 253, 254, 255, 256, 257, 258, 263, 264, 266, 269, 270, 274, 275, 278, 279, 281, 282, 285, 286, 287, 288, 289, 290, 294, 295, 296, 298, 299, 301, 304, 305, 309, 310, 313, 314, 315, 316, 317, 318, 319, 325, 326, 327, 328, 330, 331, 333, 337, 338, 342, 347, 348, 352, 359, 360, 364, 373, 374, 378], "summary": {"covered_lines": 144, "num_statements": 202, "percent_covered": 71.2871287128713, "percent_covered_display": "71", "missing_lines": 58, "excluded_lines": 0, "percent_statements_covered": 71.2871287128713, "percent_statements_covered_display": "71"}, "missing_lines": [11, 85, 98, 99, 100, 102, 104, 105, 109, 110, 112, 151, 156, 167, 179, 182, 183, 186, 187, 189, 198, 199, 202, 203, 206, 207, 208, 211, 212, 214, 218, 219, 221, 222, 224, 238, 242, 247, 259, 260, 261, 280, 291, 320, 321, 322, 343, 344, 353, 354, 355, 356, 365, 367, 368, 370, 379, 380], "excluded_lines": [], "functions": {"PasswordStrengthValidator.__init__": {"executed_lines": [29, 30, 31, 32, 33], "summary": {"covered_lines": 5, "num_statements": 5, "percent_covered": 100.0, "percent_covered_display": "100", "missing_lines": 0, "excluded_lines": 0, "percent_statements_covered": 100.0, "percent_statements_covered_display": "100"}, "missing_lines": [], "excluded_lines": []}, "PasswordStrengthValidator.__call__": {"executed_lines": [36, 38, 39, 41, 42, 44, 45, 47, 48, 50, 51, 54, 62, 63, 64, 65, 67, 68, 70], "summary": {"covered_lines": 19, "num_statements": 19, "percent_covered": 100.0, "percent_covered_display": "100", "missing_lines": 0, "excluded_lines": 0, "percent_statements_covered": 100.0, "percent_statements_covered_display": "100"}, "missing_lines": [], "excluded_lines": []}, "FileTypeValidator.__init__": {"executed_lines": [79, 80], "summary": {"covered_lines": 2, "num_statements": 2, "percent_covered": 100.0, "percent_covered_display": "100", "missing_lines": 0, "excluded_lines": 0, "percent_statements_covered": 100.0, "percent_statements_covered_display": "100"}, "missing_lines": [], "excluded_lines": []}, "FileTypeValidator.__call__": {"executed_lines": [84, 88, 89, 90, 91, 97, 115, 117], "summary": {"covered_lines": 8, "num_statements": 18, "percent_covered": 44.44444444444444, "percent_covered_display": "44", "missing_lines": 10, "excluded_lines": 0, "percent_statements_covered": 44.44444444444444, "percent_statements_covered_display": "44"}, "missing_lines": [85, 98, 99, 100, 102, 104, 105, 109, 110, 112], "excluded_lines": []}, "FileSizeValidator.__init__": {"executed_lines": [126], "summary": {"covered_lines": 1, "num_statements": 1, "percent_covered": 100.0, "percent_covered_display": "100", "missing_lines": 0, "excluded_lines": 0, "percent_statements_covered": 100.0, "percent_statements_covered_display": "100"}, "missing_lines": [], "excluded_lines": []}, "FileSizeValidator.__call__": {"executed_lines": [129, 130, 131, 134], "summary": {"covered_lines": 4, "num_statements": 4, "percent_covered": 100.0, "percent_covered_display": "100", "missing_lines": 0, "excluded_lines": 0, "percent_statements_covered": 100.0, "percent_statements_covered_display": "100"}, "missing_lines": [], "excluded_lines": []}, "EmailFormatValidator.__init__": {"executed_lines": [143], "summary": {"covered_lines": 1, "num_statements": 1, "percent_covered": 100.0, "percent_covered_display": "100", "missing_lines": 0, "excluded_lines": 0, "percent_statements_covered": 100.0, "percent_statements_covered_display": "100"}, "missing_lines": [], "excluded_lines": []}, "EmailFormatValidator.__call__": {"executed_lines": [147, 150, 153, 155, 159, 165, 166, 169], "summary": {"covered_lines": 8, "num_statements": 11, "percent_covered": 72.72727272727273, "percent_covered_display": "73", "missing_lines": 3, "excluded_lines": 0, "percent_statements_covered": 72.72727272727273, "percent_statements_covered_display": "73"}, "missing_lines": [151, 156, 167], "excluded_lines": []}, "PhoneNumberValidator.__call__": {"executed_lines": [], "summary": {"covered_lines": 0, "num_statements": 6, "percent_covered": 0.0, "percent_covered_display": "0", "missing_lines": 6, "excluded_lines": 0, "percent_statements_covered": 0.0, "percent_statements_covered_display": "0"}, "missing_lines": [179, 182, 183, 186, 187, 189], "excluded_lines": []}, "JSONFieldValidator.__init__": {"executed_lines": [], "summary": {"covered_lines": 0, "num_statements": 2, "percent_covered": 0.0, "percent_covered_display": "0", "missing_lines": 2, "excluded_lines": 0, "percent_statements_covered": 0.0, "percent_statements_covered_display": "0"}, "missing_lines": [198, 199], "excluded_lines": []}, "JSONFieldValidator.__call__": {"executed_lines": [], "summary": {"covered_lines": 0, "num_statements": 8, "percent_covered": 0.0, "percent_covered_display": "0", "missing_lines": 8, "excluded_lines": 0, "percent_statements_covered": 0.0, "percent_statements_covered_display": "0"}, "missing_lines": [202, 203, 206, 207, 208, 211, 212, 214], "excluded_lines": []}, "JSONFieldValidator._get_depth": {"executed_lines": [], "summary": {"covered_lines": 0, "num_statements": 5, "percent_covered": 0.0, "percent_covered_display": "0", "missing_lines": 5, "excluded_lines": 0, "percent_statements_covered": 0.0, "percent_statements_covered_display": "0"}, "missing_lines": [218, 219, 221, 222, 224], "excluded_lines": []}, "CourseDataValidator.__call__": {"executed_lines": [233, 236, 237, 239, 240, 241, 245, 246, 248, 249, 252, 253, 254, 255, 256, 257, 258, 263, 264, 266], "summary": {"covered_lines": 20, "num_statements": 26, "percent_covered": 76.92307692307692, "percent_covered_display": "77", "missing_lines": 6, "excluded_lines": 0, "percent_statements_covered": 76.92307692307692, "percent_statements_covered_display": "77"}, "missing_lines": [238, 242, 247, 259, 260, 261], "excluded_lines": []}, "ExamDataValidator.__call__": {"executed_lines": [275, 278, 279, 281, 282, 285, 286, 287, 288, 289, 290, 294, 295, 296, 298, 299, 301], "summary": {"covered_lines": 17, "num_statements": 19, "percent_covered": 89.47368421052632, "percent_covered_display": "89", "missing_lines": 2, "excluded_lines": 0, "percent_statements_covered": 89.47368421052632, "percent_statements_covered_display": "89"}, "missing_lines": [280, 291], "excluded_lines": []}, "PaymentDataValidator.__call__": {"executed_lines": [310, 313, 314, 315, 316, 317, 318, 319, 325, 326, 327, 328, 330, 331, 333], "summary": {"covered_lines": 15, "num_statements": 18, "percent_covered": 83.33333333333333, "percent_covered_display": "83", "missing_lines": 3, "excluded_lines": 0, "percent_statements_covered": 83.33333333333333, "percent_statements_covered_display": "83"}, "missing_lines": [320, 321, 322], "excluded_lines": []}, "ValidatedEmailField.__init__": {"executed_lines": [], "summary": {"covered_lines": 0, "num_statements": 2, "percent_covered": 0.0, "percent_covered_display": "0", "missing_lines": 2, "excluded_lines": 0, "percent_statements_covered": 0.0, "percent_statements_covered_display": "0"}, "missing_lines": [343, 344], "excluded_lines": []}, "ValidatedPasswordField.__init__": {"executed_lines": [], "summary": {"covered_lines": 0, "num_statements": 4, "percent_covered": 0.0, "percent_covered_display": "0", "missing_lines": 4, "excluded_lines": 0, "percent_statements_covered": 0.0, "percent_statements_covered_display": "0"}, "missing_lines": [353, 354, 355, 356], "excluded_lines": []}, "ValidatedFileField.__init__": {"executed_lines": [], "summary": {"covered_lines": 0, "num_statements": 4, "percent_covered": 0.0, "percent_covered_display": "0", "missing_lines": 4, "excluded_lines": 0, "percent_statements_covered": 0.0, "percent_statements_covered_display": "0"}, "missing_lines": [365, 367, 368, 370], "excluded_lines": []}, "ValidatedJSONField.__init__": {"executed_lines": [], "summary": {"covered_lines": 0, "num_statements": 2, "percent_covered": 0.0, "percent_covered_display": "0", "missing_lines": 2, "excluded_lines": 0, "percent_statements_covered": 0.0, "percent_statements_covered_display": "0"}, "missing_lines": [379, 380], "excluded_lines": []}, "": {"executed_lines": [1, 5, 6, 9, 10, 12, 13, 14, 15, 16, 17, 18, 20, 22, 23, 27, 35, 73, 74, 78, 82, 120, 121, 125, 128, 137, 138, 142, 145, 172, 173, 177, 192, 193, 197, 201, 216, 227, 228, 232, 269, 270, 274, 304, 305, 309, 337, 338, 342, 347, 348, 352, 359, 360, 364, 373, 374, 378], "summary": {"covered_lines": 44, "num_statements": 45, "percent_covered": 97.77777777777777, "percent_covered_display": "98", "missing_lines": 1, "excluded_lines": 0, "percent_statements_covered": 97.77777777777777, "percent_statements_covered_display": "98"}, "missing_lines": [11], "excluded_lines": []}}, "classes": {"PasswordStrengthValidator": {"executed_lines": [29, 30, 31, 32, 33, 36, 38, 39, 41, 42, 44, 45, 47, 48, 50, 51, 54, 62, 63, 64, 65, 67, 68, 70], "summary": {"covered_lines": 24, "num_statements": 24, "percent_covered": 100.0, "percent_covered_display": "100", "missing_lines": 0, "excluded_lines": 0, "percent_statements_covered": 100.0, "percent_statements_covered_display": "100"}, "missing_lines": [], "excluded_lines": []}, "FileTypeValidator": {"executed_lines": [79, 80, 84, 88, 89, 90, 91, 97, 115, 117], "summary": {"covered_lines": 10, "num_statements": 20, "percent_covered": 50.0, "percent_covered_display": "50", "missing_lines": 10, "excluded_lines": 0, "percent_statements_covered": 50.0, "percent_statements_covered_display": "50"}, "missing_lines": [85, 98, 99, 100, 102, 104, 105, 109, 110, 112], "excluded_lines": []}, "FileSizeValidator": {"executed_lines": [126, 129, 130, 131, 134], "summary": {"covered_lines": 5, "num_statements": 5, "percent_covered": 100.0, "percent_covered_display": "100", "missing_lines": 0, "excluded_lines": 0, "percent_statements_covered": 100.0, "percent_statements_covered_display": "100"}, "missing_lines": [], "excluded_lines": []}, "EmailFormatValidator": {"executed_lines": [143, 147, 150, 153, 155, 159, 165, 166, 169], "summary": {"covered_lines": 9, "num_statements": 12, "percent_covered": 75.0, "percent_covered_display": "75", "missing_lines": 3, "excluded_lines": 0, "percent_statements_covered": 75.0, "percent_statements_covered_display": "75"}, "missing_lines": [151, 156, 167], "excluded_lines": []}, "PhoneNumberValidator": {"executed_lines": [], "summary": {"covered_lines": 0, "num_statements": 6, "percent_covered": 0.0, "percent_covered_display": "0", "missing_lines": 6, "excluded_lines": 0, "percent_statements_covered": 0.0, "percent_statements_covered_display": "0"}, "missing_lines": [179, 182, 183, 186, 187, 189], "excluded_lines": []}, "JSONFieldValidator": {"executed_lines": [], "summary": {"covered_lines": 0, "num_statements": 15, "percent_covered": 0.0, "percent_covered_display": "0", "missing_lines": 15, "excluded_lines": 0, "percent_statements_covered": 0.0, "percent_statements_covered_display": "0"}, "missing_lines": [198, 199, 202, 203, 206, 207, 208, 211, 212, 214, 218, 219, 221, 222, 224], "excluded_lines": []}, "CourseDataValidator": {"executed_lines": [233, 236, 237, 239, 240, 241, 245, 246, 248, 249, 252, 253, 254, 255, 256, 257, 258, 263, 264, 266], "summary": {"covered_lines": 20, "num_statements": 26, "percent_covered": 76.92307692307692, "percent_covered_display": "77", "missing_lines": 6, "excluded_lines": 0, "percent_statements_covered": 76.92307692307692, "percent_statements_covered_display": "77"}, "missing_lines": [238, 242, 247, 259, 260, 261], "excluded_lines": []}, "ExamDataValidator": {"executed_lines": [275, 278, 279, 281, 282, 285, 286, 287, 288, 289, 290, 294, 295, 296, 298, 299, 301], "summary": {"covered_lines": 17, "num_statements": 19, "percent_covered": 89.47368421052632, "percent_covered_display": "89", "missing_lines": 2, "excluded_lines": 0, "percent_statements_covered": 89.47368421052632, "percent_statements_covered_display": "89"}, "missing_lines": [280, 291], "excluded_lines": []}, "PaymentDataValidator": {"executed_lines": [310, 313, 314, 315, 316, 317, 318, 319, 325, 326, 327, 328, 330, 331, 333], "summary": {"covered_lines": 15, "num_statements": 18, "percent_covered": 83.33333333333333, "percent_covered_display": "83", "missing_lines": 3, "excluded_lines": 0, "percent_statements_covered": 83.33333333333333, "percent_statements_covered_display": "83"}, "missing_lines": [320, 321, 322], "excluded_lines": []}, "ValidatedEmailField": {"executed_lines": [], "summary": {"covered_lines": 0, "num_statements": 2, "percent_covered": 0.0, "percent_covered_display": "0", "missing_lines": 2, "excluded_lines": 0, "percent_statements_covered": 0.0, "percent_statements_covered_display": "0"}, "missing_lines": [343, 344], "excluded_lines": []}, "ValidatedPasswordField": {"executed_lines": [], "summary": {"covered_lines": 0, "num_statements": 4, "percent_covered": 0.0, "percent_covered_display": "0", "missing_lines": 4, "excluded_lines": 0, "percent_statements_covered": 0.0, "percent_statements_covered_display": "0"}, "missing_lines": [353, 354, 355, 356], "excluded_lines": []}, "ValidatedFileField": {"executed_lines": [], "summary": {"covered_lines": 0, "num_statements": 4, "percent_covered": 0.0, "percent_covered_display": "0", "missing_lines": 4, "excluded_lines": 0, "percent_statements_covered": 0.0, "percent_statements_covered_display": "0"}, "missing_lines": [365, 367, 368, 370], "excluded_lines": []}, "ValidatedJSONField": {"executed_lines": [], "summary": {"covered_lines": 0, "num_statements": 2, "percent_covered": 0.0, "percent_covered_display": "0", "missing_lines": 2, "excluded_lines": 0, "percent_statements_covered": 0.0, "percent_statements_covered_display": "0"}, "missing_lines": [379, 380], "excluded_lines": []}, "": {"executed_lines": [1, 5, 6, 9, 10, 12, 13, 14, 15, 16, 17, 18, 20, 22, 23, 27, 35, 73, 74, 78, 82, 120, 121, 125, 128, 137, 138, 142, 145, 172, 173, 177, 192, 193, 197, 201, 216, 227, 228, 232, 269, 270, 274, 304, 305, 309, 337, 338, 342, 347, 348, 352, 359, 360, 364, 373, 374, 378], "summary": {"covered_lines": 44, "num_statements": 45, "percent_covered": 97.77777777777777, "percent_covered_display": "98", "missing_lines": 1, "excluded_lines": 0, "percent_statements_covered": 97.77777777777777, "percent_statements_covered_display": "98"}, "missing_lines": [11], "excluded_lines": []}}}, "veetssuites\\wsgi.py": {"executed_lines": [], "summary": {"covered_lines": 0, "num_statements": 4, "percent_covered": 0.0, "percent_covered_display": "0", "missing_lines": 4, "excluded_lines": 0, "percent_statements_covered": 0.0, "percent_statements_covered_display": "0"}, "missing_lines": [10, 12, 14, 16], "excluded_lines": [], "functions": {"": {"executed_lines": [], "summary": {"covered_lines": 0, "num_statements": 4, "percent_covered": 0.0, "percent_covered_display": "0", "missing_lines": 4, "excluded_lines": 0, "percent_statements_covered": 0.0, "percent_statements_covered_display": "0"}, "missing_lines": [10, 12, 14, 16], "excluded_lines": []}}, "classes": {"": {"executed_lines": [], "summary": {"covered_lines": 0, "num_statements": 4, "percent_covered": 0.0, "percent_covered_display": "0", "missing_lines": 4, "excluded_lines": 0, "percent_statements_covered": 0.0, "percent_statements_covered_display": "0"}, "missing_lines": [10, 12, 14, 16], "excluded_lines": []}}}}, "totals": {"covered_lines": 5856, "num_statements": 7934, "percent_covered": 73.80892361986388, "percent_covered_display": "74", "missing_lines": 2078, "excluded_lines": 1, "percent_statements_covered": 73.80892361986388, "percent_statements_covered_display": "74"}}