{"meta": {"format": 3, "version": "7.12.0", "timestamp": "2025-12-28T03:23:23.764116", "branch_coverage": false, "show_contexts": false}, "files": {"accounts\\__init__.py": {"executed_lines": [0], "summary": {"covered_lines": 0, "num_statements": 0, "percent_covered": 100.0, "percent_covered_display": "100", "missing_lines": 0, "excluded_lines": 0, "percent_statements_covered": 100.0, "percent_statements_covered_display": "100"}, "missing_lines": [], "excluded_lines": [], "functions": {"": {"executed_lines": [], "summary": {"covered_lines": 0, "num_statements": 0, "percent_covered": 100.0, "percent_covered_display": "100", "missing_lines": 0, "excluded_lines": 0, "percent_statements_covered": 100.0, "percent_statements_covered_display": "100"}, "missing_lines": [], "excluded_lines": []}}, "classes": {"": {"executed_lines": [], "summary": {"covered_lines": 0, "num_statements": 0, "percent_covered": 100.0, "percent_covered_display": "100", "missing_lines": 0, "excluded_lines": 0, "percent_statements_covered": 100.0, "percent_statements_covered_display": "100"}, "missing_lines": [], "excluded_lines": []}}}, "accounts\\admin.py": {"executed_lines": [1, 5, 6, 7, 10, 11, 12, 16, 17, 18, 19, 21, 30, 37, 39, 41, 48, 50, 57, 59, 66], "summary": {"covered_lines": 19, "num_statements": 34, "percent_covered": 55.88235294117647, "percent_covered_display": "56", "missing_lines": 15, "excluded_lines": 0, "percent_statements_covered": 55.88235294117647, "percent_statements_covered_display": "56"}, "missing_lines": [43, 44, 45, 46, 47, 52, 53, 54, 55, 56, 61, 62, 63, 64, 65], "excluded_lines": [], "functions": {"UserAdmin.promote_to_instructor": {"executed_lines": [], "summary": {"covered_lines": 0, "num_statements": 5, "percent_covered": 0.0, "percent_covered_display": "0", "missing_lines": 5, "excluded_lines": 0, "percent_statements_covered": 0.0, "percent_statements_covered_display": "0"}, "missing_lines": [43, 44, 45, 46, 47], "excluded_lines": []}, "UserAdmin.promote_to_admin": {"executed_lines": [], "summary": {"covered_lines": 0, "num_statements": 5, "percent_covered": 0.0, "percent_covered_display": "0", "missing_lines": 5, "excluded_lines": 0, "percent_statements_covered": 0.0, "percent_statements_covered_display": "0"}, "missing_lines": [52, 53, 54, 55, 56], "excluded_lines": []}, "UserAdmin.demote_to_student": {"executed_lines": [], "summary": {"covered_lines": 0, "num_statements": 5, "percent_covered": 0.0, "percent_covered_display": "0", "missing_lines": 5, "excluded_lines": 0, "percent_statements_covered": 0.0, "percent_statements_covered_display": "0"}, "missing_lines": [61, 62, 63, 64, 65], "excluded_lines": []}, "": {"executed_lines": [1, 5, 6, 7, 10, 11, 12, 16, 17, 18, 19, 21, 30, 37, 39, 41, 48, 50, 57, 59, 66], "summary": {"covered_lines": 19, "num_statements": 19, "percent_covered": 100.0, "percent_covered_display": "100", "missing_lines": 0, "excluded_lines": 0, "percent_statements_covered": 100.0, "percent_statements_covered_display": "100"}, "missing_lines": [], "excluded_lines": []}}, "classes": {"UserAdmin": {"executed_lines": [], "summary": {"covered_lines": 0, "num_statements": 15, "percent_covered": 0.0, "percent_covered_display": "0", "missing_lines": 15, "excluded_lines": 0, "percent_statements_covered": 0.0, "percent_statements_covered_display": "0"}, "missing_lines": [43, 44, 45, 46, 47, 52, 53, 54, 55, 56, 61, 62, 63, 64, 65], "excluded_lines": []}, "": {"executed_lines": [1, 5, 6, 7, 10, 11, 12, 16, 17, 18, 19, 21, 30, 37, 39, 41, 48, 50, 57, 59, 66], "summary": {"covered_lines": 19, "num_statements": 19, "percent_covered": 100.0, "percent_covered_display": "100", "missing_lines": 0, "excluded_lines": 0, "percent_statements_covered": 100.0, "percent_statements_covered_display": "100"}, "missing_lines": [], "excluded_lines": []}}}, "accounts\\apps.py": {"executed_lines": [1, 5, 8, 9, 10, 11], "summary": {"covered_lines": 5, "num_statements": 5, "percent_covered": 100.0, "percent_covered_display": "100", "missing_lines": 0, "excluded_lines": 0, "percent_statements_covered": 100.0, "percent_statements_covered_display": "100"}, "missing_lines": [], "excluded_lines": [], "functions": {"": {"executed_lines": [1, 5, 8, 9, 10, 11], "summary": {"covered_lines": 5, "num_statements": 5, "percent_covered": 100.0, "percent_covered_display": "100", "missing_lines": 0, "excluded_lines": 0, "percent_statements_covered": 100.0, "percent_statements_covered_display": "100"}, "missing_lines": [], "excluded_lines": []}}, "classes": {"AccountsConfig": {"executed_lines": [], "summary": {"covered_lines": 0, "num_statements": 0, "percent_covered": 100.0, "percent_covered_display": "100", "missing_lines": 0, "excluded_lines": 0, "percent_statements_covered": 100.0, "percent_statements_covered_display": "100"}, "missing_lines": [], "excluded_lines": []}, "": {"executed_lines": [1, 5, 8, 9, 10, 11], "summary": {"covered_lines": 5, "num_statements": 5, "percent_covered": 100.0, "percent_covered_display": "100", "missing_lines": 0, "excluded_lines": 0, "percent_statements_covered": 100.0, "percent_statements_covered_display": "100"}, "missing_lines": [], "excluded_lines": []}}}, "accounts\\migrations\\0001_initial.py": {"executed_lines": [3, 4, 5, 6, 9, 11, 13, 17], "summary": {"covered_lines": 8, "num_statements": 8, "percent_covered": 100.0, "percent_covered_display": "100", "missing_lines": 0, "excluded_lines": 0, "percent_statements_covered": 100.0, "percent_statements_covered_display": "100"}, "missing_lines": [], "excluded_lines": [], "functions": {"": {"executed_lines": [3, 4, 5, 6, 9, 11, 13, 17], "summary": {"covered_lines": 8, "num_statements": 8, "percent_covered": 100.0, "percent_covered_display": "100", "missing_lines": 0, "excluded_lines": 0, "percent_statements_covered": 100.0, "percent_statements_covered_display": "100"}, "missing_lines": [], "excluded_lines": []}}, "classes": {"Migration": {"executed_lines": [], "summary": {"covered_lines": 0, "num_statements": 0, "percent_covered": 100.0, "percent_covered_display": "100", "missing_lines": 0, "excluded_lines": 0, "percent_statements_covered": 100.0, "percent_statements_covered_display": "100"}, "missing_lines": [], "excluded_lines": []}, "": {"executed_lines": [3, 4, 5, 6, 9, 11, 13, 17], "summary": {"covered_lines": 8, "num_statements": 8, "percent_covered": 100.0, "percent_covered_display": "100", "missing_lines": 0, "excluded_lines": 0, "percent_statements_covered": 100.0, "percent_statements_covered_display": "100"}, "missing_lines": [], "excluded_lines": []}}}, "accounts\\migrations\\0002_alter_user_role.py": {"executed_lines": [3, 6, 8, 12], "summary": {"covered_lines": 4, "num_statements": 4, "percent_covered": 100.0, "percent_covered_display": "100", "missing_lines": 0, "excluded_lines": 0, "percent_statements_covered": 100.0, "percent_statements_covered_display": "100"}, "missing_lines": [], "excluded_lines": [], "functions": {"": {"executed_lines": [3, 6, 8, 12], "summary": {"covered_lines": 4, "num_statements": 4, "percent_covered": 100.0, "percent_covered_display": "100", "missing_lines": 0, "excluded_lines": 0, "percent_statements_covered": 100.0, "percent_statements_covered_display": "100"}, "missing_lines": [], "excluded_lines": []}}, "classes": {"Migration": {"executed_lines": [], "summary": {"covered_lines": 0, "num_statements": 0, "percent_covered": 100.0, "percent_covered_display": "100", "missing_lines": 0, "excluded_lines": 0, "percent_statements_covered": 100.0, "percent_statements_covered_display": "100"}, "missing_lines": [], "excluded_lines": []}, "": {"executed_lines": [3, 6, 8, 12], "summary": {"covered_lines": 4, "num_statements": 4, "percent_covered": 100.0, "percent_covered_display": "100", "missing_lines": 0, "excluded_lines": 0, "percent_statements_covered": 100.0, "percent_statements_covered_display": "100"}, "missing_lines": [], "excluded_lines": []}}}, "accounts\\migrations\\__init__.py": {"executed_lines": [0], "summary": {"covered_lines": 0, "num_statements": 0, "percent_covered": 100.0, "percent_covered_display": "100", "missing_lines": 0, "excluded_lines": 0, "percent_statements_covered": 100.0, "percent_statements_covered_display": "100"}, "missing_lines": [], "excluded_lines": [], "functions": {"": {"executed_lines": [], "summary": {"covered_lines": 0, "num_statements": 0, "percent_covered": 100.0, "percent_covered_display": "100", "missing_lines": 0, "excluded_lines": 0, "percent_statements_covered": 100.0, "percent_statements_covered_display": "100"}, "missing_lines": [], "excluded_lines": []}}, "classes": {"": {"executed_lines": [], "summary": {"covered_lines": 0, "num_statements": 0, "percent_covered": 100.0, "percent_covered_display": "100", "missing_lines": 0, "excluded_lines": 0, "percent_statements_covered": 100.0, "percent_statements_covered_display": "100"}, "missing_lines": [], "excluded_lines": []}}}, "accounts\\models.py": {"executed_lines": [1, 5, 6, 9, 10, 20, 27, 33, 41, 42, 44, 45, 46, 47, 48, 50, 53, 54, 58, 59, 63, 64, 68, 69, 73, 78, 85], "summary": {"covered_lines": 25, "num_statements": 40, "percent_covered": 62.5, "percent_covered_display": "62", "missing_lines": 15, "excluded_lines": 0, "percent_statements_covered": 62.5, "percent_statements_covered_display": "62"}, "missing_lines": [51, 56, 61, 66, 71, 75, 76, 80, 81, 82, 83, 87, 88, 89, 90], "excluded_lines": [], "functions": {"User.__str__": {"executed_lines": [], "summary": {"covered_lines": 0, "num_statements": 1, "percent_covered": 0.0, "percent_covered_display": "0", "missing_lines": 1, "excluded_lines": 0, "percent_statements_covered": 0.0, "percent_statements_covered_display": "0"}, "missing_lines": [51], "excluded_lines": []}, "User.is_student": {"executed_lines": [], "summary": {"covered_lines": 0, "num_statements": 1, "percent_covered": 0.0, "percent_covered_display": "0", "missing_lines": 1, "excluded_lines": 0, "percent_statements_covered": 0.0, "percent_statements_covered_display": "0"}, "missing_lines": [56], "excluded_lines": []}, "User.is_instructor": {"executed_lines": [], "summary": {"covered_lines": 0, "num_statements": 1, "percent_covered": 0.0, "percent_covered_display": "0", "missing_lines": 1, "excluded_lines": 0, "percent_statements_covered": 0.0, "percent_statements_covered_display": "0"}, "missing_lines": [61], "excluded_lines": []}, "User.is_pharmacist": {"executed_lines": [], "summary": {"covered_lines": 0, "num_statements": 1, "percent_covered": 0.0, "percent_covered_display": "0", "missing_lines": 1, "excluded_lines": 0, "percent_statements_covered": 0.0, "percent_statements_covered_display": "0"}, "missing_lines": [66], "excluded_lines": []}, "User.is_admin_user": {"executed_lines": [], "summary": {"covered_lines": 0, "num_statements": 1, "percent_covered": 0.0, "percent_covered_display": "0", "missing_lines": 1, "excluded_lines": 0, "percent_statements_covered": 0.0, "percent_statements_covered_display": "0"}, "missing_lines": [71], "excluded_lines": []}, "User.promote_to_instructor": {"executed_lines": [], "summary": {"covered_lines": 0, "num_statements": 2, "percent_covered": 0.0, "percent_covered_display": "0", "missing_lines": 2, "excluded_lines": 0, "percent_statements_covered": 0.0, "percent_statements_covered_display": "0"}, "missing_lines": [75, 76], "excluded_lines": []}, "User.promote_to_admin": {"executed_lines": [], "summary": {"covered_lines": 0, "num_statements": 4, "percent_covered": 0.0, "percent_covered_display": "0", "missing_lines": 4, "excluded_lines": 0, "percent_statements_covered": 0.0, "percent_statements_covered_display": "0"}, "missing_lines": [80, 81, 82, 83], "excluded_lines": []}, "User.demote_to_student": {"executed_lines": [], "summary": {"covered_lines": 0, "num_statements": 4, "percent_covered": 0.0, "percent_covered_display": "0", "missing_lines": 4, "excluded_lines": 0, "percent_statements_covered": 0.0, "percent_statements_covered_display": "0"}, "missing_lines": [87, 88, 89, 90], "excluded_lines": []}, "": {"executed_lines": [1, 5, 6, 9, 10, 20, 27, 33, 41, 42, 44, 45, 46, 47, 48, 50, 53, 54, 58, 59, 63, 64, 68, 69, 73, 78, 85], "summary": {"covered_lines": 25, "num_statements": 25, "percent_covered": 100.0, "percent_covered_display": "100", "missing_lines": 0, "excluded_lines": 0, "percent_statements_covered": 100.0, "percent_statements_covered_display": "100"}, "missing_lines": [], "excluded_lines": []}}, "classes": {"User": {"executed_lines": [], "summary": {"covered_lines": 0, "num_statements": 15, "percent_covered": 0.0, "percent_covered_display": "0", "missing_lines": 15, "excluded_lines": 0, "percent_statements_covered": 0.0, "percent_statements_covered_display": "0"}, "missing_lines": [51, 56, 61, 66, 71, 75, 76, 80, 81, 82, 83, 87, 88, 89, 90], "excluded_lines": []}, "User.Meta": {"executed_lines": [], "summary": {"covered_lines": 0, "num_statements": 0, "percent_covered": 100.0, "percent_covered_display": "100", "missing_lines": 0, "excluded_lines": 0, "percent_statements_covered": 100.0, "percent_statements_covered_display": "100"}, "missing_lines": [], "excluded_lines": []}, "": {"executed_lines": [1, 5, 6, 9, 10, 20, 27, 33, 41, 42, 44, 45, 46, 47, 48, 50, 53, 54, 58, 59, 63, 64, 68, 69, 73, 78, 85], "summary": {"covered_lines": 25, "num_statements": 25, "percent_covered": 100.0, "percent_covered_display": "100", "missing_lines": 0, "excluded_lines": 0, "percent_statements_covered": 100.0, "percent_statements_covered_display": "100"}, "missing_lines": [], "excluded_lines": []}}}, "accounts\\permissions.py": {"executed_lines": [], "summary": {"covered_lines": 0, "num_statements": 47, "percent_covered": 0.0, "percent_covered_display": "0", "missing_lines": 47, "excluded_lines": 1, "percent_statements_covered": 0.0, "percent_statements_covered_display": "0"}, "missing_lines": [5, 8, 13, 14, 21, 26, 27, 34, 39, 40, 47, 52, 53, 60, 65, 66, 73, 78, 79, 86, 92, 94, 95, 98, 99, 100, 101, 103, 106, 112, 113, 114, 117, 118, 121, 124, 139, 140, 141, 142, 143, 145, 146, 147, 151, 153, 154], "excluded_lines": [125], "functions": {"IsStudent.has_permission": {"executed_lines": [], "summary": {"covered_lines": 0, "num_statements": 1, "percent_covered": 0.0, "percent_covered_display": "0", "missing_lines": 1, "excluded_lines": 0, "percent_statements_covered": 0.0, "percent_statements_covered_display": "0"}, "missing_lines": [14], "excluded_lines": []}, "IsInstructor.has_permission": {"executed_lines": [], "summary": {"covered_lines": 0, "num_statements": 1, "percent_covered": 0.0, "percent_covered_display": "0", "missing_lines": 1, "excluded_lines": 0, "percent_statements_covered": 0.0, "percent_statements_covered_display": "0"}, "missing_lines": [27], "excluded_lines": []}, "IsPharmacist.has_permission": {"executed_lines": [], "summary": {"covered_lines": 0, "num_statements": 1, "percent_covered": 0.0, "percent_covered_display": "0", "missing_lines": 1, "excluded_lines": 0, "percent_statements_covered": 0.0, "percent_statements_covered_display": "0"}, "missing_lines": [40], "excluded_lines": []}, "IsAdmin.has_permission": {"executed_lines": [], "summary": {"covered_lines": 0, "num_statements": 1, "percent_covered": 0.0, "percent_covered_display": "0", "missing_lines": 1, "excluded_lines": 0, "percent_statements_covered": 0.0, "percent_statements_covered_display": "0"}, "missing_lines": [53], "excluded_lines": []}, "IsStudentOrInstructor.has_permission": {"executed_lines": [], "summary": {"covered_lines": 0, "num_statements": 1, "percent_covered": 0.0, "percent_covered_display": "0", "missing_lines": 1, "excluded_lines": 0, "percent_statements_covered": 0.0, "percent_statements_covered_display": "0"}, "missing_lines": [66], "excluded_lines": []}, "IsInstructorOrAdmin.has_permission": {"executed_lines": [], "summary": {"covered_lines": 0, "num_statements": 1, "percent_covered": 0.0, "percent_covered_display": "0", "missing_lines": 1, "excluded_lines": 0, "percent_statements_covered": 0.0, "percent_statements_covered_display": "0"}, "missing_lines": [79], "excluded_lines": []}, "IsOwnerOrAdmin.has_object_permission": {"executed_lines": [], "summary": {"covered_lines": 0, "num_statements": 7, "percent_covered": 0.0, "percent_covered_display": "0", "missing_lines": 7, "excluded_lines": 0, "percent_statements_covered": 0.0, "percent_statements_covered_display": "0"}, "missing_lines": [94, 95, 98, 99, 100, 101, 103], "excluded_lines": []}, "IsInstructorOrReadOnly.has_permission": {"executed_lines": [], "summary": {"covered_lines": 0, "num_statements": 5, "percent_covered": 0.0, "percent_covered_display": "0", "missing_lines": 5, "excluded_lines": 0, "percent_statements_covered": 0.0, "percent_statements_covered_display": "0"}, "missing_lines": [113, 114, 117, 118, 121], "excluded_lines": []}, "require_role": {"executed_lines": [], "summary": {"covered_lines": 0, "num_statements": 2, "percent_covered": 0.0, "percent_covered_display": "0", "missing_lines": 2, "excluded_lines": 1, "percent_statements_covered": 0.0, "percent_statements_covered_display": "0"}, "missing_lines": [139, 154], "excluded_lines": [125]}, "require_role.decorator": {"executed_lines": [], "summary": {"covered_lines": 0, "num_statements": 2, "percent_covered": 0.0, "percent_covered_display": "0", "missing_lines": 2, "excluded_lines": 0, "percent_statements_covered": 0.0, "percent_statements_covered_display": "0"}, "missing_lines": [140, 153], "excluded_lines": []}, "require_role.decorator.wrapped_view": {"executed_lines": [], "summary": {"covered_lines": 0, "num_statements": 7, "percent_covered": 0.0, "percent_covered_display": "0", "missing_lines": 7, "excluded_lines": 0, "percent_statements_covered": 0.0, "percent_statements_covered_display": "0"}, "missing_lines": [141, 142, 143, 145, 146, 147, 151], "excluded_lines": []}, "": {"executed_lines": [], "summary": {"covered_lines": 0, "num_statements": 18, "percent_covered": 0.0, "percent_covered_display": "0", "missing_lines": 18, "excluded_lines": 0, "percent_statements_covered": 0.0, "percent_statements_covered_display": "0"}, "missing_lines": [5, 8, 13, 21, 26, 34, 39, 47, 52, 60, 65, 73, 78, 86, 92, 106, 112, 124], "excluded_lines": []}}, "classes": {"IsStudent": {"executed_lines": [], "summary": {"covered_lines": 0, "num_statements": 1, "percent_covered": 0.0, "percent_covered_display": "0", "missing_lines": 1, "excluded_lines": 0, "percent_statements_covered": 0.0, "percent_statements_covered_display": "0"}, "missing_lines": [14], "excluded_lines": []}, "IsInstructor": {"executed_lines": [], "summary": {"covered_lines": 0, "num_statements": 1, "percent_covered": 0.0, "percent_covered_display": "0", "missing_lines": 1, "excluded_lines": 0, "percent_statements_covered": 0.0, "percent_statements_covered_display": "0"}, "missing_lines": [27], "excluded_lines": []}, "IsPharmacist": {"executed_lines": [], "summary": {"covered_lines": 0, "num_statements": 1, "percent_covered": 0.0, "percent_covered_display": "0", "missing_lines": 1, "excluded_lines": 0, "percent_statements_covered": 0.0, "percent_statements_covered_display": "0"}, "missing_lines": [40], "excluded_lines": []}, "IsAdmin": {"executed_lines": [], "summary": {"covered_lines": 0, "num_statements": 1, "percent_covered": 0.0, "percent_covered_display": "0", "missing_lines": 1, "excluded_lines": 0, "percent_statements_covered": 0.0, "percent_statements_covered_display": "0"}, "missing_lines": [53], "excluded_lines": []}, "IsStudentOrInstructor": {"executed_lines": [], "summary": {"covered_lines": 0, "num_statements": 1, "percent_covered": 0.0, "percent_covered_display": "0", "missing_lines": 1, "excluded_lines": 0, "percent_statements_covered": 0.0, "percent_statements_covered_display": "0"}, "missing_lines": [66], "excluded_lines": []}, "IsInstructorOrAdmin": {"executed_lines": [], "summary": {"covered_lines": 0, "num_statements": 1, "percent_covered": 0.0, "percent_covered_display": "0", "missing_lines": 1, "excluded_lines": 0, "percent_statements_covered": 0.0, "percent_statements_covered_display": "0"}, "missing_lines": [79], "excluded_lines": []}, "IsOwnerOrAdmin": {"executed_lines": [], "summary": {"covered_lines": 0, "num_statements": 7, "percent_covered": 0.0, "percent_covered_display": "0", "missing_lines": 7, "excluded_lines": 0, "percent_statements_covered": 0.0, "percent_statements_covered_display": "0"}, "missing_lines": [94, 95, 98, 99, 100, 101, 103], "excluded_lines": []}, "IsInstructorOrReadOnly": {"executed_lines": [], "summary": {"covered_lines": 0, "num_statements": 5, "percent_covered": 0.0, "percent_covered_display": "0", "missing_lines": 5, "excluded_lines": 0, "percent_statements_covered": 0.0, "percent_statements_covered_display": "0"}, "missing_lines": [113, 114, 117, 118, 121], "excluded_lines": []}, "": {"executed_lines": [], "summary": {"covered_lines": 0, "num_statements": 29, "percent_covered": 0.0, "percent_covered_display": "0", "missing_lines": 29, "excluded_lines": 1, "percent_statements_covered": 0.0, "percent_statements_covered_display": "0"}, "missing_lines": [5, 8, 13, 21, 26, 34, 39, 47, 52, 60, 65, 73, 78, 86, 92, 106, 112, 124, 139, 140, 141, 142, 143, 145, 146, 147, 151, 153, 154], "excluded_lines": [125]}}}, "accounts\\serializers.py": {"executed_lines": [], "summary": {"covered_lines": 0, "num_statements": 47, "percent_covered": 0.0, "percent_covered_display": "0", "missing_lines": 47, "excluded_lines": 0, "percent_statements_covered": 0.0, "percent_statements_covered_display": "0"}, "missing_lines": [5, 6, 7, 8, 9, 11, 14, 17, 18, 19, 20, 23, 26, 31, 37, 38, 39, 40, 45, 47, 48, 53, 54, 55, 56, 60, 62, 64, 65, 72, 75, 78, 79, 86, 89, 92, 95, 96, 101, 107, 109, 110, 115, 116, 117, 118, 122], "excluded_lines": [], "functions": {"RegisterSerializer.validate": {"executed_lines": [], "summary": {"covered_lines": 0, "num_statements": 7, "percent_covered": 0.0, "percent_covered_display": "0", "missing_lines": 7, "excluded_lines": 0, "percent_statements_covered": 0.0, "percent_statements_covered_display": "0"}, "missing_lines": [47, 48, 53, 54, 55, 56, 60], "excluded_lines": []}, "RegisterSerializer.create": {"executed_lines": [], "summary": {"covered_lines": 0, "num_statements": 3, "percent_covered": 0.0, "percent_covered_display": "0", "missing_lines": 3, "excluded_lines": 0, "percent_statements_covered": 0.0, "percent_statements_covered_display": "0"}, "missing_lines": [64, 65, 72], "excluded_lines": []}, "PasswordResetConfirmSerializer.validate": {"executed_lines": [], "summary": {"covered_lines": 0, "num_statements": 7, "percent_covered": 0.0, "percent_covered_display": "0", "missing_lines": 7, "excluded_lines": 0, "percent_statements_covered": 0.0, "percent_statements_covered_display": "0"}, "missing_lines": [109, 110, 115, 116, 117, 118, 122], "excluded_lines": []}, "": {"executed_lines": [], "summary": {"covered_lines": 0, "num_statements": 30, "percent_covered": 0.0, "percent_covered_display": "0", "missing_lines": 30, "excluded_lines": 0, "percent_statements_covered": 0.0, "percent_statements_covered_display": "0"}, "missing_lines": [5, 6, 7, 8, 9, 11, 14, 17, 18, 19, 20, 23, 26, 31, 37, 38, 39, 40, 45, 62, 75, 78, 79, 86, 89, 92, 95, 96, 101, 107], "excluded_lines": []}}, "classes": {"UserSerializer": {"executed_lines": [], "summary": {"covered_lines": 0, "num_statements": 0, "percent_covered": 100.0, "percent_covered_display": "100", "missing_lines": 0, "excluded_lines": 0, "percent_statements_covered": 100.0, "percent_statements_covered_display": "100"}, "missing_lines": [], "excluded_lines": []}, "UserSerializer.Meta": {"executed_lines": [], "summary": {"covered_lines": 0, "num_statements": 0, "percent_covered": 100.0, "percent_covered_display": "100", "missing_lines": 0, "excluded_lines": 0, "percent_statements_covered": 100.0, "percent_statements_covered_display": "100"}, "missing_lines": [], "excluded_lines": []}, "RegisterSerializer": {"executed_lines": [], "summary": {"covered_lines": 0, "num_statements": 10, "percent_covered": 0.0, "percent_covered_display": "0", "missing_lines": 10, "excluded_lines": 0, "percent_statements_covered": 0.0, "percent_statements_covered_display": "0"}, "missing_lines": [47, 48, 53, 54, 55, 56, 60, 64, 65, 72], "excluded_lines": []}, "RegisterSerializer.Meta": {"executed_lines": [], "summary": {"covered_lines": 0, "num_statements": 0, "percent_covered": 100.0, "percent_covered_display": "100", "missing_lines": 0, "excluded_lines": 0, "percent_statements_covered": 100.0, "percent_statements_covered_display": "100"}, "missing_lines": [], "excluded_lines": []}, "LoginSerializer": {"executed_lines": [], "summary": {"covered_lines": 0, "num_statements": 0, "percent_covered": 100.0, "percent_covered_display": "100", "missing_lines": 0, "excluded_lines": 0, "percent_statements_covered": 100.0, "percent_statements_covered_display": "100"}, "missing_lines": [], "excluded_lines": []}, "PasswordResetRequestSerializer": {"executed_lines": [], "summary": {"covered_lines": 0, "num_statements": 0, "percent_covered": 100.0, "percent_covered_display": "100", "missing_lines": 0, "excluded_lines": 0, "percent_statements_covered": 100.0, "percent_statements_covered_display": "100"}, "missing_lines": [], "excluded_lines": []}, "PasswordResetConfirmSerializer": {"executed_lines": [], "summary": {"covered_lines": 0, "num_statements": 7, "percent_covered": 0.0, "percent_covered_display": "0", "missing_lines": 7, "excluded_lines": 0, "percent_statements_covered": 0.0, "percent_statements_covered_display": "0"}, "missing_lines": [109, 110, 115, 116, 117, 118, 122], "excluded_lines": []}, "": {"executed_lines": [], "summary": {"covered_lines": 0, "num_statements": 30, "percent_covered": 0.0, "percent_covered_display": "0", "missing_lines": 30, "excluded_lines": 0, "percent_statements_covered": 0.0, "percent_statements_covered_display": "0"}, "missing_lines": [5, 6, 7, 8, 9, 11, 14, 17, 18, 19, 20, 23, 26, 31, 37, 38, 39, 40, 45, 62, 75, 78, 79, 86, 89, 92, 95, 96, 101, 107], "excluded_lines": []}}}, "accounts\\test_admin_integration.py": {"executed_lines": [], "summary": {"covered_lines": 0, "num_statements": 364, "percent_covered": 0.0, "percent_covered_display": "0", "missing_lines": 364, "excluded_lines": 0, "percent_statements_covered": 0.0, "percent_statements_covered_display": "0"}, "missing_lines": [12, 13, 14, 15, 16, 17, 18, 19, 20, 21, 22, 24, 25, 26, 28, 31, 34, 37, 49, 58, 68, 69, 71, 74, 75, 77, 78, 79, 82, 83, 84, 85, 88, 89, 90, 92, 94, 95, 98, 99, 102, 103, 104, 106, 108, 109, 112, 113, 114, 115, 118, 119, 121, 122, 125, 126, 127, 128, 131, 132, 134, 135, 138, 139, 142, 143, 145, 146, 149, 150, 152, 155, 164, 174, 177, 178, 179, 180, 183, 184, 185, 186, 189, 190, 191, 194, 195, 196, 197, 199, 201, 202, 203, 205, 207, 208, 211, 212, 214, 217, 218, 221, 222, 223, 226, 227, 228, 231, 234, 237, 249, 259, 260, 262, 265, 274, 275, 276, 277, 280, 282, 283, 285, 286, 287, 290, 291, 294, 295, 296, 297, 298, 299, 300, 301, 304, 305, 307, 308, 311, 312, 313, 315, 316, 317, 320, 321, 323, 326, 349, 350, 351, 354, 356, 357, 359, 360, 363, 364, 366, 367, 368, 371, 372, 374, 377, 378, 379, 381, 383, 384, 386, 388, 391, 392, 393, 394, 395, 397, 398, 400, 401, 404, 405, 406, 408, 411, 412, 415, 417, 418, 419, 420, 422, 423, 425, 428, 431, 432, 435, 438, 441, 453, 454, 455, 463, 465, 466, 467, 475, 477, 487, 488, 489, 497, 500, 501, 509, 510, 521, 522, 523, 533, 536, 537, 546, 547, 555, 556, 558, 560, 561, 563, 566, 567, 568, 571, 572, 573, 574, 575, 578, 579, 580, 583, 584, 585, 588, 589, 590, 591, 592, 593, 594, 597, 598, 599, 600, 601, 604, 605, 608, 609, 610, 611, 612, 613, 614, 617, 618, 619, 621, 624, 625, 626, 627, 628, 629, 631, 632, 634, 637, 638, 639, 641, 642, 644, 645, 647, 648, 650, 652, 653, 655, 658, 659, 660, 661, 664, 665, 666, 667, 668, 669, 672, 674, 677, 678, 681, 682, 683, 686, 687, 688, 690, 693, 694, 695, 703, 706, 707, 715, 716, 718, 721, 722, 724, 725, 728, 731, 733, 742, 743, 745, 748, 749, 751, 752, 755, 762, 763, 766, 767, 769, 771, 774, 775, 778, 779, 781, 782, 784, 787, 788, 790, 793, 801, 802, 804, 805, 806, 807, 808, 809], "excluded_lines": [], "functions": {"AdminUserManagementIntegrationTest.setUp": {"executed_lines": [], "summary": {"covered_lines": 0, "num_statements": 5, "percent_covered": 0.0, "percent_covered_display": "0", "missing_lines": 5, "excluded_lines": 0, "percent_statements_covered": 0.0, "percent_statements_covered_display": "0"}, "missing_lines": [37, 49, 58, 68, 69], "excluded_lines": []}, "AdminUserManagementIntegrationTest.test_user_role_promotion_complete_flow": {"executed_lines": [], "summary": {"covered_lines": 0, "num_statements": 47, "percent_covered": 0.0, "percent_covered_display": "0", "missing_lines": 47, "excluded_lines": 0, "percent_statements_covered": 0.0, "percent_statements_covered_display": "0"}, "missing_lines": [74, 75, 77, 78, 79, 82, 83, 84, 85, 88, 89, 90, 92, 94, 95, 98, 99, 102, 103, 104, 106, 108, 109, 112, 113, 114, 115, 118, 119, 121, 122, 125, 126, 127, 128, 131, 132, 134, 135, 138, 139, 142, 143, 145, 146, 149, 150], "excluded_lines": []}, "AdminUserManagementIntegrationTest.test_user_management_filtering_and_search": {"executed_lines": [], "summary": {"covered_lines": 0, "num_statements": 18, "percent_covered": 0.0, "percent_covered_display": "0", "missing_lines": 18, "excluded_lines": 0, "percent_statements_covered": 0.0, "percent_statements_covered_display": "0"}, "missing_lines": [155, 164, 174, 177, 178, 179, 180, 183, 184, 185, 186, 189, 190, 191, 194, 195, 196, 197], "excluded_lines": []}, "AdminUserManagementIntegrationTest.test_admin_cannot_deactivate_self": {"executed_lines": [], "summary": {"covered_lines": 0, "num_statements": 8, "percent_covered": 0.0, "percent_covered_display": "0", "missing_lines": 8, "excluded_lines": 0, "percent_statements_covered": 0.0, "percent_statements_covered_display": "0"}, "missing_lines": [201, 202, 203, 205, 207, 208, 211, 212], "excluded_lines": []}, "AdminUserManagementIntegrationTest.test_non_admin_cannot_access_user_management": {"executed_lines": [], "summary": {"covered_lines": 0, "num_statements": 8, "percent_covered": 0.0, "percent_covered_display": "0", "missing_lines": 8, "excluded_lines": 0, "percent_statements_covered": 0.0, "percent_statements_covered_display": "0"}, "missing_lines": [217, 218, 221, 222, 223, 226, 227, 228], "excluded_lines": []}, "AdminMCQImportIntegrationTest.setUp": {"executed_lines": [], "summary": {"covered_lines": 0, "num_statements": 4, "percent_covered": 0.0, "percent_covered_display": "0", "missing_lines": 4, "excluded_lines": 0, "percent_statements_covered": 0.0, "percent_statements_covered_display": "0"}, "missing_lines": [237, 249, 259, 260], "excluded_lines": []}, "AdminMCQImportIntegrationTest.test_mcq_import_csv_complete_flow": {"executed_lines": [], "summary": {"covered_lines": 0, "num_statements": 33, "percent_covered": 0.0, "percent_covered_display": "0", "missing_lines": 33, "excluded_lines": 0, "percent_statements_covered": 0.0, "percent_statements_covered_display": "0"}, "missing_lines": [265, 274, 275, 276, 277, 280, 282, 283, 285, 286, 287, 290, 291, 294, 295, 296, 297, 298, 299, 300, 301, 304, 305, 307, 308, 311, 312, 313, 315, 316, 317, 320, 321], "excluded_lines": []}, "AdminMCQImportIntegrationTest.test_mcq_import_json_complete_flow": {"executed_lines": [], "summary": {"covered_lines": 0, "num_statements": 16, "percent_covered": 0.0, "percent_covered_display": "0", "missing_lines": 16, "excluded_lines": 0, "percent_statements_covered": 0.0, "percent_statements_covered_display": "0"}, "missing_lines": [326, 349, 350, 351, 354, 356, 357, 359, 360, 363, 364, 366, 367, 368, 371, 372], "excluded_lines": []}, "AdminMCQImportIntegrationTest.test_mcq_import_error_handling": {"executed_lines": [], "summary": {"covered_lines": 0, "num_statements": 20, "percent_covered": 0.0, "percent_covered_display": "0", "missing_lines": 20, "excluded_lines": 0, "percent_statements_covered": 0.0, "percent_statements_covered_display": "0"}, "missing_lines": [377, 378, 379, 381, 383, 384, 386, 388, 391, 392, 393, 394, 395, 397, 398, 400, 401, 404, 405, 406], "excluded_lines": []}, "AdminMCQImportIntegrationTest.test_non_admin_cannot_import_mcq": {"executed_lines": [], "summary": {"covered_lines": 0, "num_statements": 13, "percent_covered": 0.0, "percent_covered_display": "0", "missing_lines": 13, "excluded_lines": 0, "percent_statements_covered": 0.0, "percent_statements_covered_display": "0"}, "missing_lines": [411, 412, 415, 417, 418, 419, 420, 422, 423, 425, 428, 431, 432], "excluded_lines": []}, "AdminAnalyticsIntegrationTest.setUp": {"executed_lines": [], "summary": {"covered_lines": 0, "num_statements": 28, "percent_covered": 0.0, "percent_covered_display": "0", "missing_lines": 28, "excluded_lines": 0, "percent_statements_covered": 0.0, "percent_statements_covered_display": "0"}, "missing_lines": [441, 453, 454, 455, 463, 465, 466, 467, 475, 477, 487, 488, 489, 497, 500, 501, 509, 510, 521, 522, 523, 533, 536, 537, 546, 547, 555, 556], "excluded_lines": []}, "AdminAnalyticsIntegrationTest.test_analytics_data_retrieval_complete_flow": {"executed_lines": [], "summary": {"covered_lines": 0, "num_statements": 41, "percent_covered": 0.0, "percent_covered_display": "0", "missing_lines": 41, "excluded_lines": 0, "percent_statements_covered": 0.0, "percent_statements_covered_display": "0"}, "missing_lines": [560, 561, 563, 566, 567, 568, 571, 572, 573, 574, 575, 578, 579, 580, 583, 584, 585, 588, 589, 590, 591, 592, 593, 594, 597, 598, 599, 600, 601, 604, 605, 608, 609, 610, 611, 612, 613, 614, 617, 618, 619], "excluded_lines": []}, "AdminAnalyticsIntegrationTest.test_analytics_with_no_data": {"executed_lines": [], "summary": {"covered_lines": 0, "num_statements": 18, "percent_covered": 0.0, "percent_covered_display": "0", "missing_lines": 18, "excluded_lines": 0, "percent_statements_covered": 0.0, "percent_statements_covered_display": "0"}, "missing_lines": [624, 625, 626, 627, 628, 629, 631, 632, 634, 637, 638, 639, 641, 642, 644, 645, 647, 648], "excluded_lines": []}, "AdminAnalyticsIntegrationTest.test_system_health_monitoring": {"executed_lines": [], "summary": {"covered_lines": 0, "num_statements": 14, "percent_covered": 0.0, "percent_covered_display": "0", "missing_lines": 14, "excluded_lines": 0, "percent_statements_covered": 0.0, "percent_statements_covered_display": "0"}, "missing_lines": [652, 653, 655, 658, 659, 660, 661, 664, 665, 666, 667, 668, 669, 672], "excluded_lines": []}, "AdminAnalyticsIntegrationTest.test_non_admin_cannot_access_analytics": {"executed_lines": [], "summary": {"covered_lines": 0, "num_statements": 8, "percent_covered": 0.0, "percent_covered_display": "0", "missing_lines": 8, "excluded_lines": 0, "percent_statements_covered": 0.0, "percent_statements_covered_display": "0"}, "missing_lines": [677, 678, 681, 682, 683, 686, 687, 688], "excluded_lines": []}, "AdminAnalyticsIntegrationTest.test_analytics_performance_with_large_dataset": {"executed_lines": [], "summary": {"covered_lines": 0, "num_statements": 13, "percent_covered": 0.0, "percent_covered_display": "0", "missing_lines": 13, "excluded_lines": 0, "percent_statements_covered": 0.0, "percent_statements_covered_display": "0"}, "missing_lines": [693, 694, 695, 703, 706, 707, 715, 716, 718, 721, 722, 724, 725], "excluded_lines": []}, "AdminIntegrationErrorHandlingTest.setUp": {"executed_lines": [], "summary": {"covered_lines": 0, "num_statements": 3, "percent_covered": 0.0, "percent_covered_display": "0", "missing_lines": 3, "excluded_lines": 0, "percent_statements_covered": 0.0, "percent_statements_covered_display": "0"}, "missing_lines": [733, 742, 743], "excluded_lines": []}, "AdminIntegrationErrorHandlingTest.test_user_management_error_cases": {"executed_lines": [], "summary": {"covered_lines": 0, "num_statements": 9, "percent_covered": 0.0, "percent_covered_display": "0", "missing_lines": 9, "excluded_lines": 0, "percent_statements_covered": 0.0, "percent_statements_covered_display": "0"}, "missing_lines": [748, 749, 751, 752, 755, 762, 763, 766, 767], "excluded_lines": []}, "AdminIntegrationErrorHandlingTest.test_mcq_import_validation_errors": {"executed_lines": [], "summary": {"covered_lines": 0, "num_statements": 10, "percent_covered": 0.0, "percent_covered_display": "0", "missing_lines": 10, "excluded_lines": 0, "percent_statements_covered": 0.0, "percent_statements_covered_display": "0"}, "missing_lines": [771, 774, 775, 778, 779, 781, 782, 784, 787, 788], "excluded_lines": []}, "AdminIntegrationErrorHandlingTest.test_analytics_error_resilience": {"executed_lines": [], "summary": {"covered_lines": 0, "num_statements": 9, "percent_covered": 0.0, "percent_covered_display": "0", "missing_lines": 9, "excluded_lines": 0, "percent_statements_covered": 0.0, "percent_statements_covered_display": "0"}, "missing_lines": [793, 801, 802, 804, 805, 806, 807, 808, 809], "excluded_lines": []}, "": {"executed_lines": [], "summary": {"covered_lines": 0, "num_statements": 39, "percent_covered": 0.0, "percent_covered_display": "0", "missing_lines": 39, "excluded_lines": 0, "percent_statements_covered": 0.0, "percent_statements_covered_display": "0"}, "missing_lines": [12, 13, 14, 15, 16, 17, 18, 19, 20, 21, 22, 24, 25, 26, 28, 31, 34, 71, 152, 199, 214, 231, 234, 262, 323, 374, 408, 435, 438, 558, 621, 650, 674, 690, 728, 731, 745, 769, 790], "excluded_lines": []}}, "classes": {"AdminUserManagementIntegrationTest": {"executed_lines": [], "summary": {"covered_lines": 0, "num_statements": 86, "percent_covered": 0.0, "percent_covered_display": "0", "missing_lines": 86, "excluded_lines": 0, "percent_statements_covered": 0.0, "percent_statements_covered_display": "0"}, "missing_lines": [37, 49, 58, 68, 69, 74, 75, 77, 78, 79, 82, 83, 84, 85, 88, 89, 90, 92, 94, 95, 98, 99, 102, 103, 104, 106, 108, 109, 112, 113, 114, 115, 118, 119, 121, 122, 125, 126, 127, 128, 131, 132, 134, 135, 138, 139, 142, 143, 145, 146, 149, 150, 155, 164, 174, 177, 178, 179, 180, 183, 184, 185, 186, 189, 190, 191, 194, 195, 196, 197, 201, 202, 203, 205, 207, 208, 211, 212, 217, 218, 221, 222, 223, 226, 227, 228], "excluded_lines": []}, "AdminMCQImportIntegrationTest": {"executed_lines": [], "summary": {"covered_lines": 0, "num_statements": 86, "percent_covered": 0.0, "percent_covered_display": "0", "missing_lines": 86, "excluded_lines": 0, "percent_statements_covered": 0.0, "percent_statements_covered_display": "0"}, "missing_lines": [237, 249, 259, 260, 265, 274, 275, 276, 277, 280, 282, 283, 285, 286, 287, 290, 291, 294, 295, 296, 297, 298, 299, 300, 301, 304, 305, 307, 308, 311, 312, 313, 315, 316, 317, 320, 321, 326, 349, 350, 351, 354, 356, 357, 359, 360, 363, 364, 366, 367, 368, 371, 372, 377, 378, 379, 381, 383, 384, 386, 388, 391, 392, 393, 394, 395, 397, 398, 400, 401, 404, 405, 406, 411, 412, 415, 417, 418, 419, 420, 422, 423, 425, 428, 431, 432], "excluded_lines": []}, "AdminAnalyticsIntegrationTest": {"executed_lines": [], "summary": {"covered_lines": 0, "num_statements": 122, "percent_covered": 0.0, "percent_covered_display": "0", "missing_lines": 122, "excluded_lines": 0, "percent_statements_covered": 0.0, "percent_statements_covered_display": "0"}, "missing_lines": [441, 453, 454, 455, 463, 465, 466, 467, 475, 477, 487, 488, 489, 497, 500, 501, 509, 510, 521, 522, 523, 533, 536, 537, 546, 547, 555, 556, 560, 561, 563, 566, 567, 568, 571, 572, 573, 574, 575, 578, 579, 580, 583, 584, 585, 588, 589, 590, 591, 592, 593, 594, 597, 598, 599, 600, 601, 604, 605, 608, 609, 610, 611, 612, 613, 614, 617, 618, 619, 624, 625, 626, 627, 628, 629, 631, 632, 634, 637, 638, 639, 641, 642, 644, 645, 647, 648, 652, 653, 655, 658, 659, 660, 661, 664, 665, 666, 667, 668, 669, 672, 677, 678, 681, 682, 683, 686, 687, 688, 693, 694, 695, 703, 706, 707, 715, 716, 718, 721, 722, 724, 725], "excluded_lines": []}, "AdminIntegrationErrorHandlingTest": {"executed_lines": [], "summary": {"covered_lines": 0, "num_statements": 31, "percent_covered": 0.0, "percent_covered_display": "0", "missing_lines": 31, "excluded_lines": 0, "percent_statements_covered": 0.0, "percent_statements_covered_display": "0"}, "missing_lines": [733, 742, 743, 748, 749, 751, 752, 755, 762, 763, 766, 767, 771, 774, 775, 778, 779, 781, 782, 784, 787, 788, 793, 801, 802, 804, 805, 806, 807, 808, 809], "excluded_lines": []}, "": {"executed_lines": [], "summary": {"covered_lines": 0, "num_statements": 39, "percent_covered": 0.0, "percent_covered_display": "0", "missing_lines": 39, "excluded_lines": 0, "percent_statements_covered": 0.0, "percent_statements_covered_display": "0"}, "missing_lines": [12, 13, 14, 15, 16, 17, 18, 19, 20, 21, 22, 24, 25, 26, 28, 31, 34, 71, 152, 199, 214, 231, 234, 262, 323, 374, 408, 435, 438, 558, 621, 650, 674, 690, 728, 731, 745, 769, 790], "excluded_lines": []}}}, "accounts\\test_auth_properties.py": {"executed_lines": [], "summary": {"covered_lines": 0, "num_statements": 47, "percent_covered": 0.0, "percent_covered_display": "0", "missing_lines": 47, "excluded_lines": 0, "percent_statements_covered": 0.0, "percent_statements_covered_display": "0"}, "missing_lines": [5, 6, 7, 8, 9, 10, 11, 12, 13, 15, 18, 19, 20, 22, 26, 29, 30, 33, 38, 39, 40, 41, 42, 43, 45, 46, 49, 52, 55, 59, 60, 63, 64, 65, 67, 71, 74, 75, 76, 77, 80, 81, 82, 85, 88, 91, 92], "excluded_lines": [], "functions": {"AuthenticationPropertyTests.setUp": {"executed_lines": [], "summary": {"covered_lines": 0, "num_statements": 1, "percent_covered": 0.0, "percent_covered_display": "0", "missing_lines": 1, "excluded_lines": 0, "percent_statements_covered": 0.0, "percent_statements_covered_display": "0"}, "missing_lines": [20], "excluded_lines": []}, "AuthenticationPropertyTests.test_property_2_valid_credentials_return_tokens": {"executed_lines": [], "summary": {"covered_lines": 0, "num_statements": 9, "percent_covered": 0.0, "percent_covered_display": "0", "missing_lines": 9, "excluded_lines": 0, "percent_statements_covered": 0.0, "percent_statements_covered_display": "0"}, "missing_lines": [29, 30, 33, 38, 39, 40, 41, 42, 43], "excluded_lines": []}, "AuthenticationPropertyTests.test_property_3_password_reset_sends_secure_links": {"executed_lines": [], "summary": {"covered_lines": 0, "num_statements": 8, "percent_covered": 0.0, "percent_covered_display": "0", "missing_lines": 8, "excluded_lines": 0, "percent_statements_covered": 0.0, "percent_statements_covered_display": "0"}, "missing_lines": [49, 52, 55, 59, 60, 63, 64, 65], "excluded_lines": []}, "AuthenticationPropertyTests.test_property_5_logout_invalidates_tokens": {"executed_lines": [], "summary": {"covered_lines": 0, "num_statements": 11, "percent_covered": 0.0, "percent_covered_display": "0", "missing_lines": 11, "excluded_lines": 0, "percent_statements_covered": 0.0, "percent_statements_covered_display": "0"}, "missing_lines": [74, 75, 76, 77, 80, 81, 82, 85, 88, 91, 92], "excluded_lines": []}, "": {"executed_lines": [], "summary": {"covered_lines": 0, "num_statements": 18, "percent_covered": 0.0, "percent_covered_display": "0", "missing_lines": 18, "excluded_lines": 0, "percent_statements_covered": 0.0, "percent_statements_covered_display": "0"}, "missing_lines": [5, 6, 7, 8, 9, 10, 11, 12, 13, 15, 18, 19, 22, 26, 45, 46, 67, 71], "excluded_lines": []}}, "classes": {"AuthenticationPropertyTests": {"executed_lines": [], "summary": {"covered_lines": 0, "num_statements": 29, "percent_covered": 0.0, "percent_covered_display": "0", "missing_lines": 29, "excluded_lines": 0, "percent_statements_covered": 0.0, "percent_statements_covered_display": "0"}, "missing_lines": [20, 29, 30, 33, 38, 39, 40, 41, 42, 43, 49, 52, 55, 59, 60, 63, 64, 65, 74, 75, 76, 77, 80, 81, 82, 85, 88, 91, 92], "excluded_lines": []}, "": {"executed_lines": [], "summary": {"covered_lines": 0, "num_statements": 18, "percent_covered": 0.0, "percent_covered_display": "0", "missing_lines": 18, "excluded_lines": 0, "percent_statements_covered": 0.0, "percent_statements_covered_display": "0"}, "missing_lines": [5, 6, 7, 8, 9, 10, 11, 12, 13, 15, 18, 19, 22, 26, 45, 46, 67, 71], "excluded_lines": []}}}, "accounts\\test_properties.py": {"executed_lines": [], "summary": {"covered_lines": 0, "num_statements": 294, "percent_covered": 0.0, "percent_covered_display": "0", "missing_lines": 294, "excluded_lines": 0, "percent_statements_covered": 0.0, "percent_statements_covered_display": "0"}, "missing_lines": [9, 10, 11, 12, 13, 17, 18, 21, 26, 31, 32, 35, 36, 39, 46, 47, 51, 58, 59, 62, 69, 70, 74, 80, 81, 94, 97, 98, 100, 102, 111, 112, 115, 119, 125, 129, 133, 134, 137, 143, 144, 156, 159, 160, 162, 164, 173, 177, 179, 181, 185, 189, 190, 193, 199, 200, 209, 212, 213, 214, 217, 218, 220, 222, 231, 232, 233, 241, 242, 244, 247, 248, 251, 252, 256, 262, 263, 274, 277, 280, 283, 284, 286, 288, 297, 303, 306, 309, 310, 312, 313, 314, 317, 319, 323, 325, 329, 330, 333, 335, 339, 343, 348, 349, 352, 358, 359, 370, 371, 372, 373, 374, 377, 380, 383, 384, 386, 388, 397, 400, 405, 408, 409, 412, 415, 418, 420, 424, 427, 431, 432, 435, 436, 440, 443, 447, 452, 453, 454, 457, 463, 464, 475, 476, 479, 482, 485, 486, 488, 490, 499, 504, 506, 507, 508, 509, 512, 516, 520, 523, 527, 530, 534, 537, 542, 550, 553, 558, 559, 562, 563, 567, 573, 574, 586, 587, 590, 593, 596, 597, 599, 601, 610, 611, 615, 616, 618, 622, 624, 628, 632, 636, 640, 644, 645, 648, 654, 655, 667, 668, 671, 674, 677, 678, 681, 690, 692, 694, 695, 698, 702, 706, 707, 710, 712, 714, 718, 719, 722, 726, 728, 732, 736, 740, 741, 744, 746, 748, 752, 753, 756, 760, 762, 766, 767, 770, 776, 777, 789, 790, 793, 796, 799, 800, 802, 804, 814, 815, 816, 819, 820, 823, 827, 831, 837, 841, 845, 849, 853, 857, 858, 861, 867, 868, 879, 880, 883, 886, 889, 890, 892, 894, 901, 902, 905, 906, 907, 908, 911, 912, 915, 919, 923, 932, 936, 938, 942, 948, 952, 958, 962, 966, 970, 971], "excluded_lines": [], "functions": {"valid_email": {"executed_lines": [], "summary": {"covered_lines": 0, "num_statements": 4, "percent_covered": 0.0, "percent_covered_display": "0", "missing_lines": 4, "excluded_lines": 0, "percent_statements_covered": 0.0, "percent_statements_covered_display": "0"}, "missing_lines": [21, 26, 31, 32], "excluded_lines": []}, "valid_username": {"executed_lines": [], "summary": {"covered_lines": 0, "num_statements": 1, "percent_covered": 0.0, "percent_covered_display": "0", "missing_lines": 1, "excluded_lines": 0, "percent_statements_covered": 0.0, "percent_statements_covered_display": "0"}, "missing_lines": [39], "excluded_lines": []}, "valid_password": {"executed_lines": [], "summary": {"covered_lines": 0, "num_statements": 1, "percent_covered": 0.0, "percent_covered_display": "0", "missing_lines": 1, "excluded_lines": 0, "percent_statements_covered": 0.0, "percent_statements_covered_display": "0"}, "missing_lines": [51], "excluded_lines": []}, "valid_name": {"executed_lines": [], "summary": {"covered_lines": 0, "num_statements": 1, "percent_covered": 0.0, "percent_covered_display": "0", "missing_lines": 1, "excluded_lines": 0, "percent_statements_covered": 0.0, "percent_statements_covered_display": "0"}, "missing_lines": [62], "excluded_lines": []}, "TestUserCreationProperties.test_registration_creates_encrypted_accounts": {"executed_lines": [], "summary": {"covered_lines": 0, "num_statements": 13, "percent_covered": 0.0, "percent_covered_display": "0", "missing_lines": 13, "excluded_lines": 0, "percent_statements_covered": 0.0, "percent_statements_covered_display": "0"}, "missing_lines": [94, 97, 98, 100, 102, 111, 112, 115, 119, 125, 129, 133, 134], "excluded_lines": []}, "TestUserCreationProperties.test_new_accounts_default_to_student_role": {"executed_lines": [], "summary": {"covered_lines": 0, "num_statements": 12, "percent_covered": 0.0, "percent_covered_display": "0", "missing_lines": 12, "excluded_lines": 0, "percent_statements_covered": 0.0, "percent_statements_covered_display": "0"}, "missing_lines": [156, 159, 160, 162, 164, 173, 177, 179, 181, 185, 189, 190], "excluded_lines": []}, "TestUserCreationProperties.test_email_uniqueness_enforced": {"executed_lines": [], "summary": {"covered_lines": 0, "num_statements": 16, "percent_covered": 0.0, "percent_covered_display": "0", "missing_lines": 16, "excluded_lines": 0, "percent_statements_covered": 0.0, "percent_statements_covered_display": "0"}, "missing_lines": [209, 212, 213, 214, 217, 218, 220, 222, 231, 232, 233, 241, 242, 244, 247, 248], "excluded_lines": []}, "TestAuthenticationProperties.test_valid_credentials_return_tokens": {"executed_lines": [], "summary": {"covered_lines": 0, "num_statements": 27, "percent_covered": 0.0, "percent_covered_display": "0", "missing_lines": 27, "excluded_lines": 0, "percent_statements_covered": 0.0, "percent_statements_covered_display": "0"}, "missing_lines": [274, 277, 280, 283, 284, 286, 288, 297, 303, 306, 309, 310, 312, 313, 314, 317, 319, 323, 325, 329, 330, 333, 335, 339, 343, 348, 349], "excluded_lines": []}, "TestAuthenticationProperties.test_password_reset_sends_secure_links": {"executed_lines": [], "summary": {"covered_lines": 0, "num_statements": 32, "percent_covered": 0.0, "percent_covered_display": "0", "missing_lines": 32, "excluded_lines": 0, "percent_statements_covered": 0.0, "percent_statements_covered_display": "0"}, "missing_lines": [370, 371, 372, 373, 374, 377, 380, 383, 384, 386, 388, 397, 400, 405, 408, 409, 412, 415, 418, 420, 424, 427, 431, 432, 435, 436, 440, 443, 447, 452, 453, 454], "excluded_lines": []}, "TestAuthenticationProperties.test_logout_invalidates_tokens": {"executed_lines": [], "summary": {"covered_lines": 0, "num_statements": 27, "percent_covered": 0.0, "percent_covered_display": "0", "missing_lines": 27, "excluded_lines": 0, "percent_statements_covered": 0.0, "percent_statements_covered_display": "0"}, "missing_lines": [475, 476, 479, 482, 485, 486, 488, 490, 499, 504, 506, 507, 508, 509, 512, 516, 520, 523, 527, 530, 534, 537, 542, 550, 553, 558, 559], "excluded_lines": []}, "TestAuthorizationProperties.test_protected_resources_require_valid_authentication": {"executed_lines": [], "summary": {"covered_lines": 0, "num_statements": 21, "percent_covered": 0.0, "percent_covered_display": "0", "missing_lines": 21, "excluded_lines": 0, "percent_statements_covered": 0.0, "percent_statements_covered_display": "0"}, "missing_lines": [586, 587, 590, 593, 596, 597, 599, 601, 610, 611, 615, 616, 618, 622, 624, 628, 632, 636, 640, 644, 645], "excluded_lines": []}, "TestAuthorizationProperties.test_role_promotion_updates_user_permissions": {"executed_lines": [], "summary": {"covered_lines": 0, "num_statements": 37, "percent_covered": 0.0, "percent_covered_display": "0", "missing_lines": 37, "excluded_lines": 0, "percent_statements_covered": 0.0, "percent_statements_covered_display": "0"}, "missing_lines": [667, 668, 671, 674, 677, 678, 681, 690, 692, 694, 695, 698, 702, 706, 707, 710, 712, 714, 718, 719, 722, 726, 728, 732, 736, 740, 741, 744, 746, 748, 752, 753, 756, 760, 762, 766, 767], "excluded_lines": []}, "TestAuthorizationProperties.test_students_cannot_access_instructor_features": {"executed_lines": [], "summary": {"covered_lines": 0, "num_statements": 23, "percent_covered": 0.0, "percent_covered_display": "0", "missing_lines": 23, "excluded_lines": 0, "percent_statements_covered": 0.0, "percent_statements_covered_display": "0"}, "missing_lines": [789, 790, 793, 796, 799, 800, 802, 804, 814, 815, 816, 819, 820, 823, 827, 831, 837, 841, 845, 849, 853, 857, 858], "excluded_lines": []}, "TestAuthorizationProperties.test_admins_have_full_access": {"executed_lines": [], "summary": {"covered_lines": 0, "num_statements": 30, "percent_covered": 0.0, "percent_covered_display": "0", "missing_lines": 30, "excluded_lines": 0, "percent_statements_covered": 0.0, "percent_statements_covered_display": "0"}, "missing_lines": [879, 880, 883, 886, 889, 890, 892, 894, 901, 902, 905, 906, 907, 908, 911, 912, 915, 919, 923, 932, 936, 938, 942, 948, 952, 958, 962, 966, 970, 971], "excluded_lines": []}, "": {"executed_lines": [], "summary": {"covered_lines": 0, "num_statements": 49, "percent_covered": 0.0, "percent_covered_display": "0", "missing_lines": 49, "excluded_lines": 0, "percent_statements_covered": 0.0, "percent_statements_covered_display": "0"}, "missing_lines": [9, 10, 11, 12, 13, 17, 18, 35, 36, 46, 47, 58, 59, 69, 70, 74, 80, 81, 137, 143, 144, 193, 199, 200, 251, 252, 256, 262, 263, 352, 358, 359, 457, 463, 464, 562, 563, 567, 573, 574, 648, 654, 655, 770, 776, 777, 861, 867, 868], "excluded_lines": []}}, "classes": {"TestUserCreationProperties": {"executed_lines": [], "summary": {"covered_lines": 0, "num_statements": 41, "percent_covered": 0.0, "percent_covered_display": "0", "missing_lines": 41, "excluded_lines": 0, "percent_statements_covered": 0.0, "percent_statements_covered_display": "0"}, "missing_lines": [94, 97, 98, 100, 102, 111, 112, 115, 119, 125, 129, 133, 134, 156, 159, 160, 162, 164, 173, 177, 179, 181, 185, 189, 190, 209, 212, 213, 214, 217, 218, 220, 222, 231, 232, 233, 241, 242, 244, 247, 248], "excluded_lines": []}, "TestAuthenticationProperties": {"executed_lines": [], "summary": {"covered_lines": 0, "num_statements": 86, "percent_covered": 0.0, "percent_covered_display": "0", "missing_lines": 86, "excluded_lines": 0, "percent_statements_covered": 0.0, "percent_statements_covered_display": "0"}, "missing_lines": [274, 277, 280, 283, 284, 286, 288, 297, 303, 306, 309, 310, 312, 313, 314, 317, 319, 323, 325, 329, 330, 333, 335, 339, 343, 348, 349, 370, 371, 372, 373, 374, 377, 380, 383, 384, 386, 388, 397, 400, 405, 408, 409, 412, 415, 418, 420, 424, 427, 431, 432, 435, 436, 440, 443, 447, 452, 453, 454, 475, 476, 479, 482, 485, 486, 488, 490, 499, 504, 506, 507, 508, 509, 512, 516, 520, 523, 527, 530, 534, 537, 542, 550, 553, 558, 559], "excluded_lines": []}, "TestAuthorizationProperties": {"executed_lines": [], "summary": {"covered_lines": 0, "num_statements": 111, "percent_covered": 0.0, "percent_covered_display": "0", "missing_lines": 111, "excluded_lines": 0, "percent_statements_covered": 0.0, "percent_statements_covered_display": "0"}, "missing_lines": [586, 587, 590, 593, 596, 597, 599, 601, 610, 611, 615, 616, 618, 622, 624, 628, 632, 636, 640, 644, 645, 667, 668, 671, 674, 677, 678, 681, 690, 692, 694, 695, 698, 702, 706, 707, 710, 712, 714, 718, 719, 722, 726, 728, 732, 736, 740, 741, 744, 746, 748, 752, 753, 756, 760, 762, 766, 767, 789, 790, 793, 796, 799, 800, 802, 804, 814, 815, 816, 819, 820, 823, 827, 831, 837, 841, 845, 849, 853, 857, 858, 879, 880, 883, 886, 889, 890, 892, 894, 901, 902, 905, 906, 907, 908, 911, 912, 915, 919, 923, 932, 936, 938, 942, 948, 952, 958, 962, 966, 970, 971], "excluded_lines": []}, "": {"executed_lines": [], "summary": {"covered_lines": 0, "num_statements": 56, "percent_covered": 0.0, "percent_covered_display": "0", "missing_lines": 56, "excluded_lines": 0, "percent_statements_covered": 0.0, "percent_statements_covered_display": "0"}, "missing_lines": [9, 10, 11, 12, 13, 17, 18, 21, 26, 31, 32, 35, 36, 39, 46, 47, 51, 58, 59, 62, 69, 70, 74, 80, 81, 137, 143, 144, 193, 199, 200, 251, 252, 256, 262, 263, 352, 358, 359, 457, 463, 464, 562, 563, 567, 573, 574, 648, 654, 655, 770, 776, 777, 861, 867, 868], "excluded_lines": []}}}, "accounts\\tests.py": {"executed_lines": [], "summary": {"covered_lines": 0, "num_statements": 79, "percent_covered": 0.0, "percent_covered_display": "0", "missing_lines": 79, "excluded_lines": 0, "percent_statements_covered": 0.0, "percent_statements_covered_display": "0"}, "missing_lines": [5, 6, 7, 8, 10, 13, 16, 18, 19, 20, 21, 22, 24, 33, 35, 37, 38, 39, 40, 41, 44, 45, 47, 50, 59, 63, 65, 66, 67, 68, 69, 71, 73, 77, 79, 81, 84, 93, 97, 98, 101, 102, 104, 105, 107, 109, 111, 114, 117, 119, 121, 130, 139, 148, 150, 151, 152, 154, 155, 156, 158, 159, 160, 162, 164, 173, 176, 177, 178, 181, 182, 183, 184, 185, 188, 189, 190, 191, 192], "excluded_lines": [], "functions": {"AuthenticationTests.setUp": {"executed_lines": [], "summary": {"covered_lines": 0, "num_statements": 6, "percent_covered": 0.0, "percent_covered_display": "0", "missing_lines": 6, "excluded_lines": 0, "percent_statements_covered": 0.0, "percent_statements_covered_display": "0"}, "missing_lines": [18, 19, 20, 21, 22, 24], "excluded_lines": []}, "AuthenticationTests.test_user_registration": {"executed_lines": [], "summary": {"covered_lines": 0, "num_statements": 8, "percent_covered": 0.0, "percent_covered_display": "0", "missing_lines": 8, "excluded_lines": 0, "percent_statements_covered": 0.0, "percent_statements_covered_display": "0"}, "missing_lines": [35, 37, 38, 39, 40, 41, 44, 45], "excluded_lines": []}, "AuthenticationTests.test_user_login": {"executed_lines": [], "summary": {"covered_lines": 0, "num_statements": 8, "percent_covered": 0.0, "percent_covered_display": "0", "missing_lines": 8, "excluded_lines": 0, "percent_statements_covered": 0.0, "percent_statements_covered_display": "0"}, "missing_lines": [50, 59, 63, 65, 66, 67, 68, 69], "excluded_lines": []}, "AuthenticationTests.test_login_with_invalid_credentials": {"executed_lines": [], "summary": {"covered_lines": 0, "num_statements": 3, "percent_covered": 0.0, "percent_covered_display": "0", "missing_lines": 3, "excluded_lines": 0, "percent_statements_covered": 0.0, "percent_statements_covered_display": "0"}, "missing_lines": [73, 77, 79], "excluded_lines": []}, "AuthenticationTests.test_get_current_user": {"executed_lines": [], "summary": {"covered_lines": 0, "num_statements": 8, "percent_covered": 0.0, "percent_covered_display": "0", "missing_lines": 8, "excluded_lines": 0, "percent_statements_covered": 0.0, "percent_statements_covered_display": "0"}, "missing_lines": [84, 93, 97, 98, 101, 102, 104, 105], "excluded_lines": []}, "AuthenticationTests.test_protected_endpoint_requires_authentication": {"executed_lines": [], "summary": {"covered_lines": 0, "num_statements": 2, "percent_covered": 0.0, "percent_covered_display": "0", "missing_lines": 2, "excluded_lines": 0, "percent_statements_covered": 0.0, "percent_statements_covered_display": "0"}, "missing_lines": [109, 111], "excluded_lines": []}, "PermissionTests.setUp": {"executed_lines": [], "summary": {"covered_lines": 0, "num_statements": 4, "percent_covered": 0.0, "percent_covered_display": "0", "missing_lines": 4, "excluded_lines": 0, "percent_statements_covered": 0.0, "percent_statements_covered_display": "0"}, "missing_lines": [119, 121, 130, 139], "excluded_lines": []}, "PermissionTests.test_user_role_properties": {"executed_lines": [], "summary": {"covered_lines": 0, "num_statements": 9, "percent_covered": 0.0, "percent_covered_display": "0", "missing_lines": 9, "excluded_lines": 0, "percent_statements_covered": 0.0, "percent_statements_covered_display": "0"}, "missing_lines": [150, 151, 152, 154, 155, 156, 158, 159, 160], "excluded_lines": []}, "PermissionTests.test_role_promotion": {"executed_lines": [], "summary": {"covered_lines": 0, "num_statements": 15, "percent_covered": 0.0, "percent_covered_display": "0", "missing_lines": 15, "excluded_lines": 0, "percent_statements_covered": 0.0, "percent_statements_covered_display": "0"}, "missing_lines": [164, 173, 176, 177, 178, 181, 182, 183, 184, 185, 188, 189, 190, 191, 192], "excluded_lines": []}, "": {"executed_lines": [], "summary": {"covered_lines": 0, "num_statements": 16, "percent_covered": 0.0, "percent_covered_display": "0", "missing_lines": 16, "excluded_lines": 0, "percent_statements_covered": 0.0, "percent_statements_covered_display": "0"}, "missing_lines": [5, 6, 7, 8, 10, 13, 16, 33, 47, 71, 81, 107, 114, 117, 148, 162], "excluded_lines": []}}, "classes": {"AuthenticationTests": {"executed_lines": [], "summary": {"covered_lines": 0, "num_statements": 35, "percent_covered": 0.0, "percent_covered_display": "0", "missing_lines": 35, "excluded_lines": 0, "percent_statements_covered": 0.0, "percent_statements_covered_display": "0"}, "missing_lines": [18, 19, 20, 21, 22, 24, 35, 37, 38, 39, 40, 41, 44, 45, 50, 59, 63, 65, 66, 67, 68, 69, 73, 77, 79, 84, 93, 97, 98, 101, 102, 104, 105, 109, 111], "excluded_lines": []}, "PermissionTests": {"executed_lines": [], "summary": {"covered_lines": 0, "num_statements": 28, "percent_covered": 0.0, "percent_covered_display": "0", "missing_lines": 28, "excluded_lines": 0, "percent_statements_covered": 0.0, "percent_statements_covered_display": "0"}, "missing_lines": [119, 121, 130, 139, 150, 151, 152, 154, 155, 156, 158, 159, 160, 164, 173, 176, 177, 178, 181, 182, 183, 184, 185, 188, 189, 190, 191, 192], "excluded_lines": []}, "": {"executed_lines": [], "summary": {"covered_lines": 0, "num_statements": 16, "percent_covered": 0.0, "percent_covered_display": "0", "missing_lines": 16, "excluded_lines": 0, "percent_statements_covered": 0.0, "percent_statements_covered_display": "0"}, "missing_lines": [5, 6, 7, 8, 10, 13, 16, 33, 47, 71, 81, 107, 114, 117, 148, 162], "excluded_lines": []}}}, "accounts\\urls.py": {"executed_lines": [], "summary": {"covered_lines": 0, "num_statements": 5, "percent_covered": 0.0, "percent_covered_display": "0", "missing_lines": 5, "excluded_lines": 0, "percent_statements_covered": 0.0, "percent_statements_covered_display": "0"}, "missing_lines": [5, 6, 10, 12, 14], "excluded_lines": [], "functions": {"": {"executed_lines": [], "summary": {"covered_lines": 0, "num_statements": 5, "percent_covered": 0.0, "percent_covered_display": "0", "missing_lines": 5, "excluded_lines": 0, "percent_statements_covered": 0.0, "percent_statements_covered_display": "0"}, "missing_lines": [5, 6, 10, 12, 14], "excluded_lines": []}}, "classes": {"": {"executed_lines": [], "summary": {"covered_lines": 0, "num_statements": 5, "percent_covered": 0.0, "percent_covered_display": "0", "missing_lines": 5, "excluded_lines": 0, "percent_statements_covered": 0.0, "percent_statements_covered_display": "0"}, "missing_lines": [5, 6, 10, 12, 14], "excluded_lines": []}}}, "accounts\\views.py": {"executed_lines": [], "summary": {"covered_lines": 0, "num_statements": 251, "percent_covered": 0.0, "percent_covered_display": "0", "missing_lines": 251, "excluded_lines": 0, "percent_statements_covered": 0.0, "percent_statements_covered_display": "0"}, "missing_lines": [5, 6, 7, 8, 9, 10, 11, 12, 13, 14, 15, 16, 17, 18, 20, 27, 34, 40, 43, 50, 51, 52, 54, 55, 57, 58, 59, 60, 62, 65, 67, 76, 78, 79, 80, 82, 83, 84, 87, 94, 95, 97, 98, 99, 100, 101, 104, 105, 106, 107, 112, 113, 117, 118, 123, 125, 133, 136, 142, 144, 145, 147, 148, 149, 153, 154, 156, 159, 160, 163, 164, 169, 175, 176, 178, 179, 180, 181, 183, 184, 187, 188, 191, 194, 195, 211, 219, 221, 224, 228, 231, 237, 238, 240, 241, 242, 243, 244, 247, 248, 249, 250, 254, 255, 256, 259, 260, 265, 266, 268, 272, 273, 277, 280, 286, 288, 289, 290, 294, 295, 296, 297, 298, 299, 302, 307, 309, 310, 316, 321, 323, 324, 330, 331, 337, 342, 344, 345, 351, 352, 357, 358, 363, 364, 372, 378, 380, 382, 385, 386, 387, 390, 391, 392, 395, 396, 397, 404, 405, 406, 408, 409, 410, 421, 423, 425, 426, 430, 431, 432, 433, 438, 439, 444, 445, 446, 447, 450, 451, 452, 453, 454, 455, 458, 459, 461, 463, 475, 481, 483, 485, 486, 487, 490, 491, 492, 495, 496, 497, 498, 501, 502, 505, 506, 509, 510, 511, 512, 514, 515, 518, 522, 527, 533, 539, 540, 541, 544, 548, 549, 550, 560, 561, 562, 563, 564, 568, 570, 612, 618, 620, 622, 629, 630, 631, 635, 636, 640, 643, 649, 650, 651, 652, 653, 655, 662, 663, 664, 665, 671, 676], "excluded_lines": [], "functions": {"RegisterView.post": {"executed_lines": [], "summary": {"covered_lines": 0, "num_statements": 15, "percent_covered": 0.0, "percent_covered_display": "0", "missing_lines": 15, "excluded_lines": 0, "percent_statements_covered": 0.0, "percent_statements_covered_display": "0"}, "missing_lines": [55, 57, 58, 59, 60, 62, 65, 67, 76, 78, 79, 80, 82, 83, 84], "excluded_lines": []}, "LoginView.post": {"executed_lines": [], "summary": {"covered_lines": 0, "num_statements": 15, "percent_covered": 0.0, "percent_covered_display": "0", "missing_lines": 15, "excluded_lines": 0, "percent_statements_covered": 0.0, "percent_statements_covered_display": "0"}, "missing_lines": [98, 99, 100, 101, 104, 105, 106, 107, 112, 113, 117, 118, 123, 125, 133], "excluded_lines": []}, "LogoutView.post": {"executed_lines": [], "summary": {"covered_lines": 0, "num_statements": 11, "percent_covered": 0.0, "percent_covered_display": "0", "missing_lines": 11, "excluded_lines": 0, "percent_statements_covered": 0.0, "percent_statements_covered_display": "0"}, "missing_lines": [145, 147, 148, 149, 153, 154, 156, 159, 160, 163, 164], "excluded_lines": []}, "PasswordResetRequestView.post": {"executed_lines": [], "summary": {"covered_lines": 0, "num_statements": 15, "percent_covered": 0.0, "percent_covered_display": "0", "missing_lines": 15, "excluded_lines": 0, "percent_statements_covered": 0.0, "percent_statements_covered_display": "0"}, "missing_lines": [179, 180, 181, 183, 184, 187, 188, 191, 194, 195, 211, 219, 221, 224, 228], "excluded_lines": []}, "PasswordResetConfirmView.post": {"executed_lines": [], "summary": {"covered_lines": 0, "num_statements": 19, "percent_covered": 0.0, "percent_covered_display": "0", "missing_lines": 19, "excluded_lines": 0, "percent_statements_covered": 0.0, "percent_statements_covered_display": "0"}, "missing_lines": [241, 242, 243, 244, 247, 248, 249, 250, 254, 255, 256, 259, 260, 265, 266, 268, 272, 273, 277], "excluded_lines": []}, "CurrentUserView.get": {"executed_lines": [], "summary": {"covered_lines": 0, "num_statements": 2, "percent_covered": 0.0, "percent_covered_display": "0", "missing_lines": 2, "excluded_lines": 0, "percent_statements_covered": 0.0, "percent_statements_covered_display": "0"}, "missing_lines": [289, 290], "excluded_lines": []}, "ProtectedResourceView.get": {"executed_lines": [], "summary": {"covered_lines": 0, "num_statements": 1, "percent_covered": 0.0, "percent_covered_display": "0", "missing_lines": 1, "excluded_lines": 0, "percent_statements_covered": 0.0, "percent_statements_covered_display": "0"}, "missing_lines": [310], "excluded_lines": []}, "InstructorOnlyView.get": {"executed_lines": [], "summary": {"covered_lines": 0, "num_statements": 1, "percent_covered": 0.0, "percent_covered_display": "0", "missing_lines": 1, "excluded_lines": 0, "percent_statements_covered": 0.0, "percent_statements_covered_display": "0"}, "missing_lines": [324], "excluded_lines": []}, "InstructorOnlyView.post": {"executed_lines": [], "summary": {"covered_lines": 0, "num_statements": 1, "percent_covered": 0.0, "percent_covered_display": "0", "missing_lines": 1, "excluded_lines": 0, "percent_statements_covered": 0.0, "percent_statements_covered_display": "0"}, "missing_lines": [331], "excluded_lines": []}, "AdminOnlyView.get": {"executed_lines": [], "summary": {"covered_lines": 0, "num_statements": 1, "percent_covered": 0.0, "percent_covered_display": "0", "missing_lines": 1, "excluded_lines": 0, "percent_statements_covered": 0.0, "percent_statements_covered_display": "0"}, "missing_lines": [345], "excluded_lines": []}, "AdminOnlyView.post": {"executed_lines": [], "summary": {"covered_lines": 0, "num_statements": 1, "percent_covered": 0.0, "percent_covered_display": "0", "missing_lines": 1, "excluded_lines": 0, "percent_statements_covered": 0.0, "percent_statements_covered_display": "0"}, "missing_lines": [352], "excluded_lines": []}, "AdminOnlyView.put": {"executed_lines": [], "summary": {"covered_lines": 0, "num_statements": 1, "percent_covered": 0.0, "percent_covered_display": "0", "missing_lines": 1, "excluded_lines": 0, "percent_statements_covered": 0.0, "percent_statements_covered_display": "0"}, "missing_lines": [358], "excluded_lines": []}, "AdminOnlyView.delete": {"executed_lines": [], "summary": {"covered_lines": 0, "num_statements": 1, "percent_covered": 0.0, "percent_covered_display": "0", "missing_lines": 1, "excluded_lines": 0, "percent_statements_covered": 0.0, "percent_statements_covered_display": "0"}, "missing_lines": [364], "excluded_lines": []}, "UserManagementView.get": {"executed_lines": [], "summary": {"covered_lines": 0, "num_statements": 17, "percent_covered": 0.0, "percent_covered_display": "0", "missing_lines": 17, "excluded_lines": 0, "percent_statements_covered": 0.0, "percent_statements_covered_display": "0"}, "missing_lines": [382, 385, 386, 387, 390, 391, 392, 395, 396, 397, 404, 405, 406, 408, 409, 410, 421], "excluded_lines": []}, "UserManagementView.patch": {"executed_lines": [], "summary": {"covered_lines": 0, "num_statements": 22, "percent_covered": 0.0, "percent_covered_display": "0", "missing_lines": 22, "excluded_lines": 0, "percent_statements_covered": 0.0, "percent_statements_covered_display": "0"}, "missing_lines": [425, 426, 430, 431, 432, 433, 438, 439, 444, 445, 446, 447, 450, 451, 452, 453, 454, 455, 458, 459, 461, 463], "excluded_lines": []}, "AnalyticsView.get": {"executed_lines": [], "summary": {"covered_lines": 0, "num_statements": 38, "percent_covered": 0.0, "percent_covered_display": "0", "missing_lines": 38, "excluded_lines": 0, "percent_statements_covered": 0.0, "percent_statements_covered_display": "0"}, "missing_lines": [485, 486, 487, 490, 491, 492, 495, 496, 497, 498, 501, 502, 505, 506, 509, 510, 511, 512, 514, 515, 518, 522, 527, 533, 539, 540, 541, 544, 548, 549, 550, 560, 561, 562, 563, 564, 568, 570], "excluded_lines": []}, "SystemHealthView.get": {"executed_lines": [], "summary": {"covered_lines": 0, "num_statements": 20, "percent_covered": 0.0, "percent_covered_display": "0", "missing_lines": 20, "excluded_lines": 0, "percent_statements_covered": 0.0, "percent_statements_covered_display": "0"}, "missing_lines": [622, 629, 630, 631, 635, 636, 640, 643, 649, 650, 651, 652, 653, 655, 662, 663, 664, 665, 671, 676], "excluded_lines": []}, "": {"executed_lines": [], "summary": {"covered_lines": 0, "num_statements": 70, "percent_covered": 0.0, "percent_covered_display": "0", "missing_lines": 70, "excluded_lines": 0, "percent_statements_covered": 0.0, "percent_statements_covered_display": "0"}, "missing_lines": [5, 6, 7, 8, 9, 10, 11, 12, 13, 14, 15, 16, 17, 18, 20, 27, 34, 40, 43, 50, 51, 52, 54, 87, 94, 95, 97, 136, 142, 144, 169, 175, 176, 178, 231, 237, 238, 240, 280, 286, 288, 294, 295, 296, 297, 298, 299, 302, 307, 309, 316, 321, 323, 330, 337, 342, 344, 351, 357, 363, 372, 378, 380, 423, 475, 481, 483, 612, 618, 620], "excluded_lines": []}}, "classes": {"RegisterView": {"executed_lines": [], "summary": {"covered_lines": 0, "num_statements": 15, "percent_covered": 0.0, "percent_covered_display": "0", "missing_lines": 15, "excluded_lines": 0, "percent_statements_covered": 0.0, "percent_statements_covered_display": "0"}, "missing_lines": [55, 57, 58, 59, 60, 62, 65, 67, 76, 78, 79, 80, 82, 83, 84], "excluded_lines": []}, "LoginView": {"executed_lines": [], "summary": {"covered_lines": 0, "num_statements": 15, "percent_covered": 0.0, "percent_covered_display": "0", "missing_lines": 15, "excluded_lines": 0, "percent_statements_covered": 0.0, "percent_statements_covered_display": "0"}, "missing_lines": [98, 99, 100, 101, 104, 105, 106, 107, 112, 113, 117, 118, 123, 125, 133], "excluded_lines": []}, "LogoutView": {"executed_lines": [], "summary": {"covered_lines": 0, "num_statements": 11, "percent_covered": 0.0, "percent_covered_display": "0", "missing_lines": 11, "excluded_lines": 0, "percent_statements_covered": 0.0, "percent_statements_covered_display": "0"}, "missing_lines": [145, 147, 148, 149, 153, 154, 156, 159, 160, 163, 164], "excluded_lines": []}, "PasswordResetRequestView": {"executed_lines": [], "summary": {"covered_lines": 0, "num_statements": 15, "percent_covered": 0.0, "percent_covered_display": "0", "missing_lines": 15, "excluded_lines": 0, "percent_statements_covered": 0.0, "percent_statements_covered_display": "0"}, "missing_lines": [179, 180, 181, 183, 184, 187, 188, 191, 194, 195, 211, 219, 221, 224, 228], "excluded_lines": []}, "PasswordResetConfirmView": {"executed_lines": [], "summary": {"covered_lines": 0, "num_statements": 19, "percent_covered": 0.0, "percent_covered_display": "0", "missing_lines": 19, "excluded_lines": 0, "percent_statements_covered": 0.0, "percent_statements_covered_display": "0"}, "missing_lines": [241, 242, 243, 244, 247, 248, 249, 250, 254, 255, 256, 259, 260, 265, 266, 268, 272, 273, 277], "excluded_lines": []}, "CurrentUserView": {"executed_lines": [], "summary": {"covered_lines": 0, "num_statements": 2, "percent_covered": 0.0, "percent_covered_display": "0", "missing_lines": 2, "excluded_lines": 0, "percent_statements_covered": 0.0, "percent_statements_covered_display": "0"}, "missing_lines": [289, 290], "excluded_lines": []}, "ProtectedResourceView": {"executed_lines": [], "summary": {"covered_lines": 0, "num_statements": 1, "percent_covered": 0.0, "percent_covered_display": "0", "missing_lines": 1, "excluded_lines": 0, "percent_statements_covered": 0.0, "percent_statements_covered_display": "0"}, "missing_lines": [310], "excluded_lines": []}, "InstructorOnlyView": {"executed_lines": [], "summary": {"covered_lines": 0, "num_statements": 2, "percent_covered": 0.0, "percent_covered_display": "0", "missing_lines": 2, "excluded_lines": 0, "percent_statements_covered": 0.0, "percent_statements_covered_display": "0"}, "missing_lines": [324, 331], "excluded_lines": []}, "AdminOnlyView": {"executed_lines": [], "summary": {"covered_lines": 0, "num_statements": 4, "percent_covered": 0.0, "percent_covered_display": "0", "missing_lines": 4, "excluded_lines": 0, "percent_statements_covered": 0.0, "percent_statements_covered_display": "0"}, "missing_lines": [345, 352, 358, 364], "excluded_lines": []}, "UserManagementView": {"executed_lines": [], "summary": {"covered_lines": 0, "num_statements": 39, "percent_covered": 0.0, "percent_covered_display": "0", "missing_lines": 39, "excluded_lines": 0, "percent_statements_covered": 0.0, "percent_statements_covered_display": "0"}, "missing_lines": [382, 385, 386, 387, 390, 391, 392, 395, 396, 397, 404, 405, 406, 408, 409, 410, 421, 425, 426, 430, 431, 432, 433, 438, 439, 444, 445, 446, 447, 450, 451, 452, 453, 454, 455, 458, 459, 461, 463], "excluded_lines": []}, "AnalyticsView": {"executed_lines": [], "summary": {"covered_lines": 0, "num_statements": 38, "percent_covered": 0.0, "percent_covered_display": "0", "missing_lines": 38, "excluded_lines": 0, "percent_statements_covered": 0.0, "percent_statements_covered_display": "0"}, "missing_lines": [485, 486, 487, 490, 491, 492, 495, 496, 497, 498, 501, 502, 505, 506, 509, 510, 511, 512, 514, 515, 518, 522, 527, 533, 539, 540, 541, 544, 548, 549, 550, 560, 561, 562, 563, 564, 568, 570], "excluded_lines": []}, "SystemHealthView": {"executed_lines": [], "summary": {"covered_lines": 0, "num_statements": 20, "percent_covered": 0.0, "percent_covered_display": "0", "missing_lines": 20, "excluded_lines": 0, "percent_statements_covered": 0.0, "percent_statements_covered_display": "0"}, "missing_lines": [622, 629, 630, 631, 635, 636, 640, 643, 649, 650, 651, 652, 653, 655, 662, 663, 664, 665, 671, 676], "excluded_lines": []}, "": {"executed_lines": [], "summary": {"covered_lines": 0, "num_statements": 70, "percent_covered": 0.0, "percent_covered_display": "0", "missing_lines": 70, "excluded_lines": 0, "percent_statements_covered": 0.0, "percent_statements_covered_display": "0"}, "missing_lines": [5, 6, 7, 8, 9, 10, 11, 12, 13, 14, 15, 16, 17, 18, 20, 27, 34, 40, 43, 50, 51, 52, 54, 87, 94, 95, 97, 136, 142, 144, 169, 175, 176, 178, 231, 237, 238, 240, 280, 286, 288, 294, 295, 296, 297, 298, 299, 302, 307, 309, 316, 321, 323, 330, 337, 342, 344, 351, 357, 363, 372, 378, 380, 423, 475, 481, 483, 612, 618, 620], "excluded_lines": []}}}, "conftest.py": {"executed_lines": [1, 4, 5, 6, 7, 8, 9, 10, 11, 12, 13, 14, 15, 16, 17, 20, 21, 22, 23, 25, 28, 29, 31, 32, 34, 35, 36, 37, 38, 39, 42, 43, 44, 47, 48, 49, 52, 53, 54, 55, 56, 59, 60, 65, 66, 71, 72, 77, 78, 83, 84, 89, 90, 95, 96, 103, 104, 111, 112, 119, 120, 127, 128, 133, 136, 137, 142, 143, 158, 159], "summary": {"covered_lines": 65, "num_statements": 86, "percent_covered": 75.5813953488372, "percent_covered_display": "76", "missing_lines": 21, "excluded_lines": 0, "percent_statements_covered": 75.5813953488372, "percent_statements_covered_display": "76"}, "missing_lines": [62, 68, 74, 80, 86, 92, 98, 99, 100, 106, 107, 108, 114, 115, 116, 122, 123, 124, 139, 145, 161], "excluded_lines": [], "functions": {"user": {"executed_lines": [], "summary": {"covered_lines": 0, "num_statements": 1, "percent_covered": 0.0, "percent_covered_display": "0", "missing_lines": 1, "excluded_lines": 0, "percent_statements_covered": 0.0, "percent_statements_covered_display": "0"}, "missing_lines": [62], "excluded_lines": []}, "student": {"executed_lines": [], "summary": {"covered_lines": 0, "num_statements": 1, "percent_covered": 0.0, "percent_covered_display": "0", "missing_lines": 1, "excluded_lines": 0, "percent_statements_covered": 0.0, "percent_statements_covered_display": "0"}, "missing_lines": [68], "excluded_lines": []}, "instructor": {"executed_lines": [], "summary": {"covered_lines": 0, "num_statements": 1, "percent_covered": 0.0, "percent_covered_display": "0", "missing_lines": 1, "excluded_lines": 0, "percent_statements_covered": 0.0, "percent_statements_covered_display": "0"}, "missing_lines": [74], "excluded_lines": []}, "admin": {"executed_lines": [], "summary": {"covered_lines": 0, "num_statements": 1, "percent_covered": 0.0, "percent_covered_display": "0", "missing_lines": 1, "excluded_lines": 0, "percent_statements_covered": 0.0, "percent_statements_covered_display": "0"}, "missing_lines": [80], "excluded_lines": []}, "client": {"executed_lines": [], "summary": {"covered_lines": 0, "num_statements": 1, "percent_covered": 0.0, "percent_covered_display": "0", "missing_lines": 1, "excluded_lines": 0, "percent_statements_covered": 0.0, "percent_statements_covered_display": "0"}, "missing_lines": [86], "excluded_lines": []}, "api_client": {"executed_lines": [], "summary": {"covered_lines": 0, "num_statements": 1, "percent_covered": 0.0, "percent_covered_display": "0", "missing_lines": 1, "excluded_lines": 0, "percent_statements_covered": 0.0, "percent_statements_covered_display": "0"}, "missing_lines": [92], "excluded_lines": []}, "authenticated_client": {"executed_lines": [], "summary": {"covered_lines": 0, "num_statements": 3, "percent_covered": 0.0, "percent_covered_display": "0", "missing_lines": 3, "excluded_lines": 0, "percent_statements_covered": 0.0, "percent_statements_covered_display": "0"}, "missing_lines": [98, 99, 100], "excluded_lines": []}, "student_client": {"executed_lines": [], "summary": {"covered_lines": 0, "num_statements": 3, "percent_covered": 0.0, "percent_covered_display": "0", "missing_lines": 3, "excluded_lines": 0, "percent_statements_covered": 0.0, "percent_statements_covered_display": "0"}, "missing_lines": [106, 107, 108], "excluded_lines": []}, "instructor_client": {"executed_lines": [], "summary": {"covered_lines": 0, "num_statements": 3, "percent_covered": 0.0, "percent_covered_display": "0", "missing_lines": 3, "excluded_lines": 0, "percent_statements_covered": 0.0, "percent_statements_covered_display": "0"}, "missing_lines": [114, 115, 116], "excluded_lines": []}, "admin_client": {"executed_lines": [], "summary": {"covered_lines": 0, "num_statements": 3, "percent_covered": 0.0, "percent_covered_display": "0", "missing_lines": 3, "excluded_lines": 0, "percent_statements_covered": 0.0, "percent_statements_covered_display": "0"}, "missing_lines": [122, 123, 124], "excluded_lines": []}, "enable_db_access_for_all_tests": {"executed_lines": [133], "summary": {"covered_lines": 1, "num_statements": 1, "percent_covered": 100.0, "percent_covered_display": "100", "missing_lines": 0, "excluded_lines": 0, "percent_statements_covered": 100.0, "percent_statements_covered_display": "100"}, "missing_lines": [], "excluded_lines": []}, "sample_pdf_content": {"executed_
[...]
d": 100.0, "percent_statements_covered_display": "100"}, "missing_lines": [], "excluded_lines": []}, "EnhancedBurstRateThrottle": {"executed_lines": [], "summary": {"covered_lines": 0, "num_statements": 0, "percent_covered": 100.0, "percent_covered_display": "100", "missing_lines": 0, "excluded_lines": 0, "percent_statements_covered": 100.0, "percent_statements_covered_display": "100"}, "missing_lines": [], "excluded_lines": []}, "EnhancedSustainedRateThrottle": {"executed_lines": [], "summary": {"covered_lines": 0, "num_statements": 0, "percent_covered": 100.0, "percent_covered_display": "100", "missing_lines": 0, "excluded_lines": 0, "percent_statements_covered": 100.0, "percent_statements_covered_display": "100"}, "missing_lines": [], "excluded_lines": []}, "": {"executed_lines": [], "summary": {"covered_lines": 0, "num_statements": 63, "percent_covered": 0.0, "percent_covered_display": "0", "missing_lines": 63, "excluded_lines": 0, "percent_statements_covered": 0.0, "percent_statements_covered_display": "0"}, "missing_lines": [5, 6, 7, 8, 9, 11, 13, 17, 18, 20, 35, 39, 40, 43, 47, 48, 51, 55, 56, 59, 63, 64, 67, 71, 72, 75, 79, 80, 83, 87, 88, 90, 99, 103, 104, 107, 111, 112, 115, 119, 126, 131, 150, 167, 168, 170, 171, 173, 174, 176, 177, 179, 180, 182, 183, 185, 186, 188, 189, 191, 192, 194, 195], "excluded_lines": []}}}, "veetssuites\\urls.py": {"executed_lines": [], "summary": {"covered_lines": 0, "num_statements": 8, "percent_covered": 0.0, "percent_covered_display": "0", "missing_lines": 8, "excluded_lines": 0, "percent_statements_covered": 0.0, "percent_statements_covered_display": "0"}, "missing_lines": [5, 6, 7, 8, 10, 22, 23, 24], "excluded_lines": [], "functions": {"": {"executed_lines": [], "summary": {"covered_lines": 0, "num_statements": 8, "percent_covered": 0.0, "percent_covered_display": "0", "missing_lines": 8, "excluded_lines": 0, "percent_statements_covered": 0.0, "percent_statements_covered_display": "0"}, "missing_lines": [5, 6, 7, 8, 10, 22, 23, 24], "excluded_lines": []}}, "classes": {"": {"executed_lines": [], "summary": {"covered_lines": 0, "num_statements": 8, "percent_covered": 0.0, "percent_covered_display": "0", "missing_lines": 8, "excluded_lines": 0, "percent_statements_covered": 0.0, "percent_statements_covered_display": "0"}, "missing_lines": [5, 6, 7, 8, 10, 22, 23, 24], "excluded_lines": []}}}, "veetssuites\\validation_middleware.py": {"executed_lines": [], "summary": {"covered_lines": 0, "num_statements": 116, "percent_covered": 0.0, "percent_covered_display": "0", "missing_lines": 116, "excluded_lines": 0, "percent_statements_covered": 0.0, "percent_statements_covered_display": "0"}, "missing_lines": [5, 6, 7, 8, 9, 10, 12, 14, 19, 20, 23, 45, 47, 48, 49, 51, 52, 54, 58, 59, 62, 63, 64, 65, 66, 68, 69, 71, 73, 74, 75, 82, 83, 84, 85, 86, 93, 94, 95, 96, 97, 98, 100, 101, 102, 104, 105, 106, 111, 113, 116, 119, 121, 122, 123, 128, 130, 135, 136, 137, 138, 141, 142, 143, 144, 146, 150, 151, 152, 155, 156, 157, 158, 159, 162, 167, 168, 170, 171, 174, 175, 176, 177, 180, 194, 197, 204, 205, 206, 209, 210, 211, 212, 215, 216, 217, 220, 222, 224, 228, 232, 235, 240, 241, 243, 245, 247, 248, 250, 255, 257, 258, 261, 262, 263, 265], "excluded_lines": [], "functions": {"RequestValidationMiddleware.__init__": {"executed_lines": [], "summary": {"covered_lines": 0, "num_statements": 2, "percent_covered": 0.0, "percent_covered_display": "0", "missing_lines": 2, "excluded_lines": 0, "percent_statements_covered": 0.0, "percent_statements_covered_display": "0"}, "missing_lines": [20, 23], "excluded_lines": []}, "RequestValidationMiddleware.__call__": {"executed_lines": [], "summary": {"covered_lines": 0, "num_statements": 5, "percent_covered": 0.0, "percent_covered_display": "0", "missing_lines": 5, "excluded_lines": 0, "percent_statements_covered": 0.0, "percent_statements_covered_display": "0"}, "missing_lines": [47, 48, 49, 51, 52], "excluded_lines": []}, "RequestValidationMiddleware.validate_request": {"executed_lines": [], "summary": {"covered_lines": 0, "num_statements": 38, "percent_covered": 0.0, "percent_covered_display": "0", "missing_lines": 38, "excluded_lines": 0, "percent_statements_covered": 0.0, "percent_statements_covered_display": "0"}, "missing_lines": [58, 59, 62, 63, 64, 65, 66, 68, 69, 71, 73, 74, 75, 82, 83, 84, 85, 86, 93, 94, 95, 96, 97, 98, 100, 101, 102, 104, 105, 106, 111, 113, 116, 119, 121, 122, 123, 128], "excluded_lines": []}, "RequestValidationMiddleware._validate_headers": {"executed_lines": [], "summary": {"covered_lines": 0, "num_statements": 8, "percent_covered": 0.0, "percent_covered_display": "0", "missing_lines": 8, "excluded_lines": 0, "percent_statements_covered": 0.0, "percent_statements_covered_display": "0"}, "missing_lines": [135, 136, 137, 138, 141, 142, 143, 144], "excluded_lines": []}, "RequestValidationMiddleware._validate_query_params": {"executed_lines": [], "summary": {"covered_lines": 0, "num_statements": 8, "percent_covered": 0.0, "percent_covered_display": "0", "missing_lines": 8, "excluded_lines": 0, "percent_statements_covered": 0.0, "percent_statements_covered_display": "0"}, "missing_lines": [150, 151, 152, 155, 156, 157, 158, 159], "excluded_lines": []}, "SecurityHeadersMiddleware.__init__": {"executed_lines": [], "summary": {"covered_lines": 0, "num_statements": 1, "percent_covered": 0.0, "percent_covered_display": "0", "missing_lines": 1, "excluded_lines": 0, "percent_statements_covered": 0.0, "percent_statements_covered_display": "0"}, "missing_lines": [168], "excluded_lines": []}, "SecurityHeadersMiddleware.__call__": {"executed_lines": [], "summary": {"covered_lines": 0, "num_statements": 20, "percent_covered": 0.0, "percent_covered_display": "0", "missing_lines": 20, "excluded_lines": 0, "percent_statements_covered": 0.0, "percent_statements_covered_display": "0"}, "missing_lines": [171, 174, 175, 176, 177, 180, 194, 197, 204, 205, 206, 209, 210, 211, 212, 215, 216, 217, 220, 222], "excluded_lines": []}, "SecurityHeadersMiddleware._is_sensitive_endpoint": {"executed_lines": [], "summary": {"covered_lines": 0, "num_statements": 2, "percent_covered": 0.0, "percent_covered_display": "0", "missing_lines": 2, "excluded_lines": 0, "percent_statements_covered": 0.0, "percent_statements_covered_display": "0"}, "missing_lines": [228, 232], "excluded_lines": []}, "RequestSanitizationMiddleware.__init__": {"executed_lines": [], "summary": {"covered_lines": 0, "num_statements": 1, "percent_covered": 0.0, "percent_covered_display": "0", "missing_lines": 1, "excluded_lines": 0, "percent_statements_covered": 0.0, "percent_statements_covered_display": "0"}, "missing_lines": [241], "excluded_lines": []}, "RequestSanitizationMiddleware.__call__": {"executed_lines": [], "summary": {"covered_lines": 0, "num_statements": 3, "percent_covered": 0.0, "percent_covered_display": "0", "missing_lines": 3, "excluded_lines": 0, "percent_statements_covered": 0.0, "percent_statements_covered_display": "0"}, "missing_lines": [245, 247, 248], "excluded_lines": []}, "RequestSanitizationMiddleware._sanitize_query_params": {"executed_lines": [], "summary": {"covered_lines": 0, "num_statements": 7, "percent_covered": 0.0, "percent_covered_display": "0", "missing_lines": 7, "excluded_lines": 0, "percent_statements_covered": 0.0, "percent_statements_covered_display": "0"}, "missing_lines": [255, 257, 258, 261, 262, 263, 265], "excluded_lines": []}, "": {"executed_lines": [], "summary": {"covered_lines": 0, "num_statements": 21, "percent_covered": 0.0, "percent_covered_display": "0", "missing_lines": 21, "excluded_lines": 0, "percent_statements_covered": 0.0, "percent_statements_covered_display": "0"}, "missing_lines": [5, 6, 7, 8, 9, 10, 12, 14, 19, 45, 54, 130, 146, 162, 167, 170, 224, 235, 240, 243, 250], "excluded_lines": []}}, "classes": {"RequestValidationMiddleware": {"executed_lines": [], "summary": {"covered_lines": 0, "num_statements": 61, "percent_covered": 0.0, "percent_covered_display": "0", "missing_lines": 61, "excluded_lines": 0, "percent_statements_covered": 0.0, "percent_statements_covered_display": "0"}, "missing_lines": [20, 23, 47, 48, 49, 51, 52, 58, 59, 62, 63, 64, 65, 66, 68, 69, 71, 73, 74, 75, 82, 83, 84, 85, 86, 93, 94, 95, 96, 97, 98, 100, 101, 102, 104, 105, 106, 111, 113, 116, 119, 121, 122, 123, 128, 135, 136, 137, 138, 141, 142, 143, 144, 150, 151, 152, 155, 156, 157, 158, 159], "excluded_lines": []}, "SecurityHeadersMiddleware": {"executed_lines": [], "summary": {"covered_lines": 0, "num_statements": 23, "percent_covered": 0.0, "percent_covered_display": "0", "missing_lines": 23, "excluded_lines": 0, "percent_statements_covered": 0.0, "percent_statements_covered_display": "0"}, "missing_lines": [168, 171, 174, 175, 176, 177, 180, 194, 197, 204, 205, 206, 209, 210, 211, 212, 215, 216, 217, 220, 222, 228, 232], "excluded_lines": []}, "RequestSanitizationMiddleware": {"executed_lines": [], "summary": {"covered_lines": 0, "num_statements": 11, "percent_covered": 0.0, "percent_covered_display": "0", "missing_lines": 11, "excluded_lines": 0, "percent_statements_covered": 0.0, "percent_statements_covered_display": "0"}, "missing_lines": [241, 245, 247, 248, 255, 257, 258, 261, 262, 263, 265], "excluded_lines": []}, "": {"executed_lines": [], "summary": {"covered_lines": 0, "num_statements": 21, "percent_covered": 0.0, "percent_covered_display": "0", "missing_lines": 21, "excluded_lines": 0, "percent_statements_covered": 0.0, "percent_statements_covered_display": "0"}, "missing_lines": [5, 6, 7, 8, 9, 10, 12, 14, 19, 45, 54, 130, 146, 162, 167, 170, 224, 235, 240, 243, 250], "excluded_lines": []}}}, "veetssuites\\validators.py": {"executed_lines": [], "summary": {"covered_lines": 0, "num_statements": 133, "percent_covered": 0.0, "percent_covered_display": "0", "missing_lines": 133, "excluded_lines": 0, "percent_statements_covered": 0.0, "percent_statements_covered_display": "0"}, "missing_lines": [5, 6, 7, 10, 15, 19, 22, 23, 26, 27, 30, 31, 34, 35, 38, 39, 42, 43, 45, 46, 48, 49, 54, 59, 60, 63, 64, 67, 72, 73, 74, 75, 77, 79, 83, 92, 95, 100, 101, 107, 111, 114, 115, 116, 119, 120, 121, 124, 125, 127, 129, 133, 136, 137, 140, 141, 142, 143, 145, 148, 153, 154, 155, 158, 164, 168, 171, 172, 175, 177, 178, 180, 181, 184, 185, 188, 189, 191, 193, 197, 199, 204, 205, 208, 209, 212, 213, 215, 217, 221, 223, 224, 225, 228, 235, 236, 237, 240, 241, 243, 245, 247, 250, 255, 256, 260, 261, 264, 267, 268, 269, 272, 273, 275, 277, 278, 282, 283, 286, 292, 293, 295, 297, 298, 302, 303, 306, 309, 312, 315, 316, 317, 319], "excluded_lines": [], "functions": {"CustomPasswordValidator.validate": {"executed_lines": [], "summary": {"covered_lines": 0, "num_statements": 15, "percent_covered": 0.0, "percent_covered_display": "0", "missing_lines": 15, "excluded_lines": 0, "percent_statements_covered": 0.0, "percent_statements_covered_display": "0"}, "missing_lines": [19, 22, 23, 26, 27, 30, 31, 34, 35, 38, 39, 42, 43, 45, 46], "excluded_lines": []}, "CustomPasswordValidator.get_help_text": {"executed_lines": [], "summary": {"covered_lines": 0, "num_statements": 1, "percent_covered": 0.0, "percent_covered_display": "0", "missing_lines": 1, "excluded_lines": 0, "percent_statements_covered": 0.0, "percent_statements_covered_display": "0"}, "missing_lines": [49], "excluded_lines": []}, "CustomPasswordValidator._has_common_patterns": {"executed_lines": [], "summary": {"covered_lines": 0, "num_statements": 10, "percent_covered": 0.0, "percent_covered_display": "0", "missing_lines": 10, "excluded_lines": 0, "percent_statements_covered": 0.0, "percent_statements_covered_display": "0"}, "missing_lines": [59, 60, 63, 64, 67, 72, 73, 74, 75, 77], "excluded_lines": []}, "CustomPasswordValidator._is_too_common": {"executed_lines": [], "summary": {"covered_lines": 0, "num_statements": 2, "percent_covered": 0.0, "percent_covered_display": "0", "missing_lines": 2, "excluded_lines": 0, "percent_statements_covered": 0.0, "percent_statements_covered_display": "0"}, "missing_lines": [83, 92], "excluded_lines": []}, "EmailValidator.__init__": {"executed_lines": [], "summary": {"covered_lines": 0, "num_statements": 1, "percent_covered": 0.0, "percent_covered_display": "0", "missing_lines": 1, "excluded_lines": 0, "percent_statements_covered": 0.0, "percent_statements_covered_display": "0"}, "missing_lines": [101], "excluded_lines": []}, "EmailValidator.validate": {"executed_lines": [], "summary": {"covered_lines": 0, "num_statements": 10, "percent_covered": 0.0, "percent_covered_display": "0", "missing_lines": 10, "excluded_lines": 0, "percent_statements_covered": 0.0, "percent_statements_covered_display": "0"}, "missing_lines": [111, 114, 115, 116, 119, 120, 121, 124, 125, 127], "excluded_lines": []}, "EmailValidator._has_suspicious_patterns": {"executed_lines": [], "summary": {"covered_lines": 0, "num_statements": 8, "percent_covered": 0.0, "percent_covered_display": "0", "missing_lines": 8, "excluded_lines": 0, "percent_statements_covered": 0.0, "percent_statements_covered_display": "0"}, "missing_lines": [133, 136, 137, 140, 141, 142, 143, 145], "excluded_lines": []}, "FileUploadValidator.__init__": {"executed_lines": [], "summary": {"covered_lines": 0, "num_statements": 3, "percent_covered": 0.0, "percent_covered_display": "0", "missing_lines": 3, "excluded_lines": 0, "percent_statements_covered": 0.0, "percent_statements_covered_display": "0"}, "missing_lines": [154, 155, 158], "excluded_lines": []}, "FileUploadValidator.validate": {"executed_lines": [], "summary": {"covered_lines": 0, "num_statements": 13, "percent_covered": 0.0, "percent_covered_display": "0", "missing_lines": 13, "excluded_lines": 0, "percent_statements_covered": 0.0, "percent_statements_covered_display": "0"}, "missing_lines": [168, 171, 172, 175, 177, 178, 180, 181, 184, 185, 188, 189, 191], "excluded_lines": []}, "FileUploadValidator._get_file_extension": {"executed_lines": [], "summary": {"covered_lines": 0, "num_statements": 1, "percent_covered": 0.0, "percent_covered_display": "0", "missing_lines": 1, "excluded_lines": 0, "percent_statements_covered": 0.0, "percent_statements_covered_display": "0"}, "missing_lines": [197], "excluded_lines": []}, "FileUploadValidator._has_suspicious_filename": {"executed_lines": [], "summary": {"covered_lines": 0, "num_statements": 7, "percent_covered": 0.0, "percent_covered_display": "0", "missing_lines": 7, "excluded_lines": 0, "percent_statements_covered": 0.0, "percent_statements_covered_display": "0"}, "missing_lines": [204, 205, 208, 209, 212, 213, 215], "excluded_lines": []}, "FileUploadValidator._has_suspicious_content": {"executed_lines": [], "summary": {"covered_lines": 0, "num_statements": 13, "percent_covered": 0.0, "percent_covered_display": "0", "missing_lines": 13, "excluded_lines": 0, "percent_statements_covered": 0.0, "percent_statements_covered_display": "0"}, "missing_lines": [221, 223, 224, 225, 228, 235, 236, 237, 240, 241, 243, 245, 247], "excluded_lines": []}, "InputSanitizer.sanitize_html": {"executed_lines": [], "summary": {"covered_lines": 0, "num_statements": 9, "percent_covered": 0.0, "percent_covered_display": "0", "missing_lines": 9, "excluded_lines": 0, "percent_statements_covered": 0.0, "percent_statements_covered_display": "0"}, "missing_lines": [260, 261, 264, 267, 268, 269, 272, 273, 275], "excluded_lines": []}, "InputSanitizer.sanitize_sql": {"executed_lines": [], "summary": {"covered_lines": 0, "num_statements": 6, "percent_covered": 0.0, "percent_covered_display": "0", "missing_lines": 6, "excluded_lines": 0, "percent_statements_covered": 0.0, "percent_statements_covered_display": "0"}, "missing_lines": [282, 283, 286, 292, 293, 295], "excluded_lines": []}, "InputSanitizer.sanitize_filename": {"executed_lines": [], "summary": {"covered_lines": 0, "num_statements": 9, "percent_covered": 0.0, "percent_covered_display": "0", "missing_lines": 9, "excluded_lines": 0, "percent_statements_covered": 0.0, "percent_statements_covered_display": "0"}, "missing_lines": [302, 303, 306, 309, 312, 315, 316, 317, 319], "excluded_lines": []}, "": {"executed_lines": [], "summary": {"covered_lines": 0, "num_statements": 25, "percent_covered": 0.0, "percent_covered_display": "0", "missing_lines": 25, "excluded_lines": 0, "percent_statements_covered": 0.0, "percent_statements_covered_display": "0"}, "missing_lines": [5, 6, 7, 10, 15, 48, 54, 79, 95, 100, 107, 129, 148, 153, 164, 193, 199, 217, 250, 255, 256, 277, 278, 297, 298], "excluded_lines": []}}, "classes": {"CustomPasswordValidator": {"executed_lines": [], "summary": {"covered_lines": 0, "num_statements": 28, "percent_covered": 0.0, "percent_covered_display": "0", "missing_lines": 28, "excluded_lines": 0, "percent_statements_covered": 0.0, "percent_statements_covered_display": "0"}, "missing_lines": [19, 22, 23, 26, 27, 30, 31, 34, 35, 38, 39, 42, 43, 45, 46, 49, 59, 60, 63, 64, 67, 72, 73, 74, 75, 77, 83, 92], "excluded_lines": []}, "EmailValidator": {"executed_lines": [], "summary": {"covered_lines": 0, "num_statements": 19, "percent_covered": 0.0, "percent_covered_display": "0", "missing_lines": 19, "excluded_lines": 0, "percent_statements_covered": 0.0, "percent_statements_covered_display": "0"}, "missing_lines": [101, 111, 114, 115, 116, 119, 120, 121, 124, 125, 127, 133, 136, 137, 140, 141, 142, 143, 145], "excluded_lines": []}, "FileUploadValidator": {"executed_lines": [], "summary": {"covered_lines": 0, "num_statements": 37, "percent_covered": 0.0, "percent_covered_display": "0", "missing_lines": 37, "excluded_lines": 0, "percent_statements_covered": 0.0, "percent_statements_covered_display": "0"}, "missing_lines": [154, 155, 158, 168, 171, 172, 175, 177, 178, 180, 181, 184, 185, 188, 189, 191, 197, 204, 205, 208, 209, 212, 213, 215, 221, 223, 224, 225, 228, 235, 236, 237, 240, 241, 243, 245, 247], "excluded_lines": []}, "InputSanitizer": {"executed_lines": [], "summary": {"covered_lines": 0, "num_statements": 24, "percent_covered": 0.0, "percent_covered_display": "0", "missing_lines": 24, "excluded_lines": 0, "percent_statements_covered": 0.0, "percent_statements_covered_display": "0"}, "missing_lines": [260, 261, 264, 267, 268, 269, 272, 273, 275, 282, 283, 286, 292, 293, 295, 302, 303, 306, 309, 312, 315, 316, 317, 319], "excluded_lines": []}, "": {"executed_lines": [], "summary": {"covered_lines": 0, "num_statements": 25, "percent_covered": 0.0, "percent_covered_display": "0", "missing_lines": 25, "excluded_lines": 0, "percent_statements_covered": 0.0, "percent_statements_covered_display": "0"}, "missing_lines": [5, 6, 7, 10, 15, 48, 54, 79, 95, 100, 107, 129, 148, 153, 164, 193, 199, 217, 250, 255, 256, 277, 278, 297, 298], "excluded_lines": []}}}, "veetssuites\\wsgi.py": {"executed_lines": [], "summary": {"covered_lines": 0, "num_statements": 4, "percent_covered": 0.0, "percent_covered_display": "0", "missing_lines": 4, "excluded_lines": 0, "percent_statements_covered": 0.0, "percent_statements_covered_display": "0"}, "missing_lines": [10, 12, 14, 16], "excluded_lines": [], "functions": {"": {"executed_lines": [], "summary": {"covered_lines": 0, "num_statements": 4, "percent_covered": 0.0, "percent_covered_display": "0", "missing_lines": 4, "excluded_lines": 0, "percent_statements_covered": 0.0, "percent_statements_covered_display": "0"}, "missing_lines": [10, 12, 14, 16], "excluded_lines": []}}, "classes": {"": {"executed_lines": [], "summary": {"covered_lines": 0, "num_statements": 4, "percent_covered": 0.0, "percent_covered_display": "0", "missing_lines": 4, "excluded_lines": 0, "percent_statements_covered": 0.0, "percent_statements_covered_display": "0"}, "missing_lines": [10, 12, 14, 16], "excluded_lines": []}}}}, "totals": {"covered_lines": 619, "num_statements": 7902, "percent_covered": 7.833459883573779, "percent_covered_display": "8", "missing_lines": 7283, "excluded_lines": 1, "percent_statements_covered": 7.833459883573779, "percent_statements_covered_display": "8"}}